Mplus VERSION 8.1
MUTHEN & MUTHEN
10/08/2018   5:52 PM

INPUT INSTRUCTIONS

  TITLE: Code for Naive FMM model for data condition z=1


  DATA:
  FILE = impdf p2 z1 rep1 pm1 pva1_imp_1.dat;


  VARIABLE:
  NAMES = Y1 Y2 Y3  Xcom1 subpop;
  USEV = Y1 Y2 Y3;
  AUXILIARY = subpop;
  CLASSES = c(3);
  MISSING = .;


  ANALYSIS:
  TYPE = MIXTURE;
  Estimator = ML;
  INFORMATION = obs;
  STARTS = 20 8;


  MODEL:
  %OVERALL%
  [c#1*];
  [c#2*];
  Y1 Y2 Y3;

   %c#1%
  [Y1*];
  [Y2*];
  [Y3*];
  Y1*1;
  Y2*;
  Y3*;
  Y1 WITH Y2@0;
  Y1 WITH Y3@0;
  Y2 WITH Y3@0;

   %c#2%
  [Y1*];
  [Y2*];
  [Y3*];
  Y1*1;
  Y2*;
  Y3*;
  Y1 WITH Y2@0;
  Y1 WITH Y3@0;
  Y2 WITH Y3@0;

   %c#3%
  [Y1*];
  [Y2*];
  [Y3*];
  Y1*1;
  Y2*;
  Y3*;
  Y1 WITH Y2@0;
  Y1 WITH Y3@0;
  Y2 WITH Y3@0;


  OUTPUT:
  tech1;
  svalues;
  tech3;


  SAVEDATA:



*** WARNING in MODEL command
  All variables are uncorrelated with all other variables within class.
  Check that this is what is intended.
   1 WARNING(S) FOUND IN THE INPUT INSTRUCTIONS



Code for Naive FMM model for data condition z=1

SUMMARY OF ANALYSIS

Number of groups                                                 1
Number of observations                                         500

Number of dependent variables                                    3
Number of independent variables                                  0
Number of continuous latent variables                            0
Number of categorical latent variables                           1

Observed dependent variables

  Continuous
   Y1          Y2          Y3

Observed auxiliary variables
   SUBPOP

Categorical latent variables
   C


Estimator                                                       ML
Information matrix                                        OBSERVED
Optimization Specifications for the Quasi-Newton Algorithm for
Continuous Outcomes
  Maximum number of iterations                                 100
  Convergence criterion                                  0.100D-05
Optimization Specifications for the EM Algorithm
  Maximum number of iterations                                 500
  Convergence criteria
    Loglikelihood change                                 0.100D-06
    Relative loglikelihood change                        0.100D-06
    Derivative                                           0.100D-05
Optimization Specifications for the M step of the EM Algorithm for
Categorical Latent variables
  Number of M step iterations                                    1
  M step convergence criterion                           0.100D-05
  Basis for M step termination                           ITERATION
Optimization Specifications for the M step of the EM Algorithm for
Censored, Binary or Ordered Categorical (Ordinal), Unordered
Categorical (Nominal) and Count Outcomes
  Number of M step iterations                                    1
  M step convergence criterion                           0.100D-05
  Basis for M step termination                           ITERATION
  Maximum value for logit thresholds                            15
  Minimum value for logit thresholds                           -15
  Minimum expected cell size for chi-square              0.100D-01
Maximum number of iterations for H1                           2000
Convergence criterion for H1                             0.100D-03
Optimization algorithm                                         EMA
Random Starts Specifications
  Number of initial stage random starts                         20
  Number of final stage optimizations                            8
  Number of initial stage iterations                            10
  Initial stage convergence criterion                    0.100D+01
  Random starts scale                                    0.500D+01
  Random seed for generating random starts                       0

Input data file(s)
  impdf p2 z1 rep1 pm1 pva1_imp_1.dat
Input data format  FREE


SUMMARY OF DATA

     Number of missing data patterns             1
     Number of y missing data patterns           1
     Number of u missing data patterns           0


COVARIANCE COVERAGE OF DATA

Minimum covariance coverage value   0.100


     PROPORTION OF DATA PRESENT FOR Y


           Covariance Coverage
              Y1            Y2            Y3
              ________      ________      ________
 Y1             1.000
 Y2             1.000         1.000
 Y3             1.000         1.000         1.000



UNIVARIATE SAMPLE STATISTICS


     UNIVARIATE HIGHER-ORDER MOMENT DESCRIPTIVE STATISTICS

         Variable/         Mean/     Skewness/   Minimum/ % with                Percentiles
        Sample Size      Variance    Kurtosis    Maximum  Min/Max      20%/60%    40%/80%    Median

     Y1                    1.353      -0.125      -2.760    0.20%      -0.113      0.956      1.434
             500.000       2.480      -0.461       5.162    0.20%       1.869      2.731
     Y2                    0.146       0.136      -2.748    0.20%      -0.781     -0.138      0.137
             500.000       1.097      -0.116       3.570    0.20%       0.402      1.012
     Y3                    0.787       0.252      -2.828    0.20%      -0.601      0.225      0.668
             500.000       2.511      -0.437       5.504    0.20%       1.150      2.194

RANDOM STARTS RESULTS RANKED FROM THE BEST TO THE WORST LOGLIKELIHOOD VALUES

2 perturbed starting value run(s) did not converge in the initial stage
optimizations.

Final stage loglikelihood values at local maxima, seeds, and initial stage start numbers:

           -2561.317  27071            15
           -2561.317  285380           1
           -2561.317  851945           18
           -2561.317  127215           9
           -2561.317  76974            16
           -2561.317  unperturbed      0
           -2561.317  68985            17
           -2561.317  107446           12



THE BEST LOGLIKELIHOOD VALUE HAS BEEN REPLICATED.  RERUN WITH AT LEAST TWICE THE
RANDOM STARTS TO CHECK THAT THE BEST LOGLIKELIHOOD IS STILL OBTAINED AND REPLICATED.


THE MODEL ESTIMATION TERMINATED NORMALLY



MODEL FIT INFORMATION

Number of Free Parameters                       20

Loglikelihood

          H0 Value                       -2561.317

Information Criteria

          Akaike (AIC)                    5162.635
          Bayesian (BIC)                  5246.927
          Sample-Size Adjusted BIC        5183.446
            (n* = (n + 2) / 24)



FINAL CLASS COUNTS AND PROPORTIONS FOR THE LATENT CLASSES
BASED ON THE ESTIMATED MODEL

    Latent
   Classes

       1        202.22291          0.40445
       2        126.71402          0.25343
       3        171.06307          0.34213


FINAL CLASS COUNTS AND PROPORTIONS FOR THE LATENT CLASSES
BASED ON ESTIMATED POSTERIOR PROBABILITIES

    Latent
   Classes

       1        202.22291          0.40445
       2        126.71401          0.25343
       3        171.06308          0.34213


FINAL CLASS COUNTS AND PROPORTIONS FOR THE LATENT CLASSES
BASED ON THEIR MOST LIKELY LATENT CLASS MEMBERSHIP

Class Counts and Proportions

    Latent
   Classes

       1              199          0.39800
       2              129          0.25800
       3              172          0.34400


CLASSIFICATION QUALITY

     Entropy                         0.626


Average Latent Class Probabilities for Most Likely Latent Class Membership (Row)
by Latent Class (Column)

           1        2        3

    1   0.873    0.056    0.071
    2   0.087    0.792    0.121
    3   0.100    0.078    0.822


Classification Probabilities for the Most Likely Latent Class Membership (Column)
by Latent Class (Row)

           1        2        3

    1   0.859    0.055    0.085
    2   0.088    0.807    0.105
    3   0.082    0.091    0.827


Logits for the Classification Probabilities for the Most Likely Latent Class Membership (Column)
by Latent Class (Row)

              1        2        3

    1      2.311   -0.432    0.000
    2     -0.177    2.036    0.000
    3     -2.310   -2.204    0.000


MODEL RESULTS

                                                    Two-Tailed
                    Estimate       S.E.  Est./S.E.    P-Value

Latent Class 1

 Y1       WITH
    Y2                 0.000      0.000    999.000    999.000
    Y3                 0.000      0.000    999.000    999.000

 Y2       WITH
    Y3                 0.000      0.000    999.000    999.000

 Means
    Y1                 0.098      0.252      0.391      0.696
    Y2                -0.127      0.080     -1.580      0.114
    Y3                -0.010      0.131     -0.080      0.936

 Variances
    Y1                 1.408      0.348      4.052      0.000
    Y2                 0.919      0.101      9.057      0.000
    Y3                 1.373      0.212      6.486      0.000

Latent Class 2

 Y1       WITH
    Y2                 0.000      0.000    999.000    999.000
    Y3                 0.000      0.000    999.000    999.000

 Y2       WITH
    Y3                 0.000      0.000    999.000    999.000

 Means
    Y1                 1.378      0.141      9.787      0.000
    Y2                 0.763      0.150      5.076      0.000
    Y3                 2.536      0.183     13.828      0.000

 Variances
    Y1                 0.920      0.184      5.007      0.000
    Y2                 1.062      0.182      5.836      0.000
    Y3                 1.153      0.244      4.723      0.000

Latent Class 3

 Y1       WITH
    Y2                 0.000      0.000    999.000    999.000
    Y3                 0.000      0.000    999.000    999.000

 Y2       WITH
    Y3                 0.000      0.000    999.000    999.000

 Means
    Y1                 2.818      0.223     12.658      0.000
    Y2                 0.010      0.093      0.113      0.910
    Y3                 0.434      0.175      2.474      0.013

 Variances
    Y1                 0.898      0.215      4.177      0.000
    Y2                 0.944      0.118      8.023      0.000
    Y3                 1.720      0.279      6.161      0.000

Categorical Latent Variables

 Means
    C#1                0.167      0.349      0.479      0.632
    C#2               -0.300      0.354     -0.847      0.397


QUALITY OF NUMERICAL RESULTS

     Condition Number for the Information Matrix              0.676E-02
       (ratio of smallest to largest eigenvalue)


MODEL COMMAND WITH FINAL ESTIMATES USED AS STARTING VALUES

     %OVERALL%

     [ c#1*0.16734 ];
     [ c#2*-0.30010 ];

     %C#1%

     y1 WITH y2@0;
     y1 WITH y3@0;
     y2 WITH y3@0;

     [ y1*0.09845 ];
     [ y2*-0.12657 ];
     [ y3*-0.01048 ];

     y1*1.40826;
     y2*0.91912;
     y3*1.37303;

     %C#2%

     y1 WITH y2@0;
     y1 WITH y3@0;
     y2 WITH y3@0;

     [ y1*1.37845 ];
     [ y2*0.76289 ];
     [ y3*2.53599 ];

     y1*0.92029;
     y2*1.06194;
     y3*1.15267;

     %C#3%

     y1 WITH y2@0;
     y1 WITH y3@0;
     y2 WITH y3@0;

     [ y1*2.81750 ];
     [ y2*0.01041 ];
     [ y3*0.43373 ];

     y1*0.89755;
     y2*0.94371;
     y3*1.72037;



TECHNICAL 1 OUTPUT


     PARAMETER SPECIFICATION FOR LATENT CLASS 1


           NU
              Y1            Y2            Y3
              ________      ________      ________
                    1             2             3


           THETA
              Y1            Y2            Y3
              ________      ________      ________
 Y1                 4
 Y2                 0             5
 Y3                 0             0             6


     PARAMETER SPECIFICATION FOR LATENT CLASS 2


           NU
              Y1            Y2            Y3
              ________      ________      ________
                    7             8             9


           THETA
              Y1            Y2            Y3
              ________      ________      ________
 Y1                10
 Y2                 0            11
 Y3                 0             0            12


     PARAMETER SPECIFICATION FOR LATENT CLASS 3


           NU
              Y1            Y2            Y3
              ________      ________      ________
                   13            14            15


           THETA
              Y1            Y2            Y3
              ________      ________      ________
 Y1                16
 Y2                 0            17
 Y3                 0             0            18


     PARAMETER SPECIFICATION FOR LATENT CLASS REGRESSION MODEL PART


           ALPHA(C)
              C#1           C#2           C#3
              ________      ________      ________
                   19            20             0


     STARTING VALUES FOR LATENT CLASS 1


           NU
              Y1            Y2            Y3
              ________      ________      ________
               -0.222        -0.901        -0.798


           THETA
              Y1            Y2            Y3
              ________      ________      ________
 Y1             1.000
 Y2             0.000         0.548
 Y3             0.000         0.000         1.256


     STARTING VALUES FOR LATENT CLASS 2


           NU
              Y1            Y2            Y3
              ________      ________      ________
                1.353         0.146         0.787


           THETA
              Y1            Y2            Y3
              ________      ________      ________
 Y1             1.000
 Y2             0.000         0.548
 Y3             0.000         0.000         1.256


     STARTING VALUES FOR LATENT CLASS 3


           NU
              Y1            Y2            Y3
              ________      ________      ________
                2.928         1.193         2.372


           THETA
              Y1            Y2            Y3
              ________      ________      ________
 Y1             1.000
 Y2             0.000         0.548
 Y3             0.000         0.000         1.256


     STARTING VALUES FOR LATENT CLASS REGRESSION MODEL PART


           ALPHA(C)
              C#1           C#2           C#3
              ________      ________      ________
                0.000         0.000         0.000


TECHNICAL 3 OUTPUT


           ESTIMATED COVARIANCE MATRIX FOR PARAMETER ESTIMATES
                     1             2             3             4             5
              ________      ________      ________      ________      ________
        1   0.633650D-01
        2   0.234164D-02  0.641442D-02
        3  -0.196810D-02  0.102639D-02  0.172711D-01
        4   0.726707D-01  0.189779D-02 -0.722055D-02  0.120763D+00
        5   0.578650D-03  0.693090D-03  0.384373D-03  0.375936D-03  0.102977D-01
        6  -0.305402D-02  0.680548D-03  0.143913D-01 -0.102679D-01  0.414074D-04
        7   0.958174D-03  0.982698D-03  0.321883D-02 -0.966369D-03  0.361030D-03
        8  -0.419856D-02 -0.648713D-03  0.801107D-02 -0.863845D-02 -0.504085D-03
        9  -0.242725D-02  0.260641D-02  0.831707D-02 -0.831022D-02  0.144466D-02
       10   0.606653D-03 -0.384260D-03 -0.699088D-02  0.408193D-02  0.966875D-05
       11   0.190749D-02  0.140492D-02 -0.426810D-02  0.404517D-02 -0.194747D-03
       12  -0.260305D-02 -0.340447D-02 -0.242640D-02  0.351216D-03 -0.220462D-02
       13   0.439858D-01  0.147227D-02 -0.479782D-02  0.540587D-01  0.570857D-04
       14   0.178615D-02 -0.632164D-03 -0.104456D-04  0.245084D-02  0.522519D-04
       15   0.105143D-01  0.669025D-04  0.157170D-02  0.127351D-01 -0.921815D-04
       16  -0.349164D-01 -0.139746D-02  0.302121D-02 -0.401801D-01 -0.268842D-04
       17   0.107854D-03  0.184948D-03  0.245854D-03 -0.165357D-03 -0.990861D-03
       18  -0.267917D-02 -0.101289D-02  0.477561D-02 -0.369365D-02 -0.324006D-03
       19   0.757238D-01  0.334928D-02 -0.342408D-02  0.947785D-01  0.672197D-03
       20   0.501551D-01 -0.417099D-04 -0.180220D-01  0.704584D-01 -0.616472D-03


           ESTIMATED COVARIANCE MATRIX FOR PARAMETER ESTIMATES
                     6             7             8             9            10
              ________      ________      ________      ________      ________
        6   0.448150D-01
        7   0.491681D-02  0.198386D-01
        8   0.122125D-01 -0.317015D-02  0.225891D-01
        9   0.763704D-02 -0.111184D-02  0.767159D-02  0.336327D-01
       10  -0.108156D-01  0.575157D-02 -0.105364D-01 -0.731654D-02  0.337793D-01
       11  -0.804025D-02  0.782513D-03 -0.100446D-01  0.291991D-03  0.536907D-02
       12   0.275141D-02 -0.111245D-02  0.644322D-03 -0.248204D-01  0.133232D-03
       13  -0.588388D-02  0.286075D-02 -0.812923D-02 -0.108267D-01  0.128293D-02
       14  -0.511261D-03 -0.173179D-02 -0.924698D-03  0.322440D-02 -0.787552D-03
       15   0.367074D-02 -0.109754D-01  0.955518D-02  0.565908D-02 -0.118179D-01
       16   0.360774D-02  0.255280D-03  0.480793D-02  0.725886D-02  0.173042D-02
       17   0.529683D-03 -0.116581D-03 -0.362481D-04  0.937414D-03 -0.156034D-03
       18   0.394102D-02 -0.145123D-01  0.145537D-01  0.148696D-02 -0.161343D-01
       19  -0.424212D-02  0.913550D-02 -0.107511D-01 -0.102126D-01  0.451179D-02
       20  -0.234157D-01  0.128154D-01 -0.268909D-01 -0.334129D-01  0.229646D-01


           ESTIMATED COVARIANCE MATRIX FOR PARAMETER ESTIMATES
                    11            12            13            14            15
              ________      ________      ________      ________      ________
       11   0.331090D-01
       12  -0.588713D-02  0.595576D-01
       13   0.242901D-02  0.465834D-02  0.495469D-01
       14   0.249388D-02 -0.364873D-02 -0.336223D-03  0.856929D-02
       15  -0.437149D-02  0.881351D-03  0.263974D-02  0.222469D-02  0.307308D-01
       16  -0.113482D-02 -0.349733D-02 -0.378190D-01  0.400142D-05 -0.515525D-02
       17  -0.240566D-02 -0.881196D-03 -0.972860D-04  0.247708D-03  0.259008D-03
       18  -0.815687D-02  0.848768D-02 -0.801508D-02  0.883782D-03  0.224560D-01
       19   0.367259D-02  0.716138D-03  0.670812D-01  0.289746D-03  0.445858D-02
       20   0.977286D-02  0.162445D-01  0.573293D-01 -0.334012D-02 -0.173820D-01


           ESTIMATED COVARIANCE MATRIX FOR PARAMETER ESTIMATES
                    16            17            18            19            20
              ________      ________      ________      ________      ________
       16   0.461698D-01
       17  -0.201259D-03  0.138345D-01
       18   0.259911D-02 -0.530108D-03  0.779741D-01
       19  -0.537327D-01 -0.504753D-04 -0.152128D-01  0.122030D+00
       20  -0.420165D-01 -0.996864D-03 -0.336057D-01  0.922907D-01  0.125585D+00


           ESTIMATED CORRELATION MATRIX FOR PARAMETER ESTIMATES
                     1             2             3             4             5
              ________      ________      ________      ________      ________
        1       1.000
        2       0.116         1.000
        3      -0.059         0.098         1.000
        4       0.831         0.068        -0.158         1.000
        5       0.023         0.085         0.029         0.011         1.000
        6      -0.057         0.040         0.517        -0.140         0.002
        7       0.027         0.087         0.174        -0.020         0.025
        8      -0.111        -0.054         0.406        -0.165        -0.033
        9      -0.053         0.177         0.345        -0.130         0.078
       10       0.013        -0.026        -0.289         0.064         0.001
       11       0.042         0.096        -0.178         0.064        -0.011
       12      -0.042        -0.174        -0.076         0.004        -0.089
       13       0.785         0.083        -0.164         0.699         0.003
       14       0.077        -0.085        -0.001         0.076         0.006
       15       0.238         0.005         0.068         0.209        -0.005
       16      -0.646        -0.081         0.107        -0.538        -0.001
       17       0.004         0.020         0.016        -0.004        -0.083
       18      -0.038        -0.045         0.130        -0.038        -0.011
       19       0.861         0.120        -0.075         0.781         0.019
       20       0.562        -0.001        -0.387         0.572        -0.017


           ESTIMATED CORRELATION MATRIX FOR PARAMETER ESTIMATES
                     6             7             8             9            10
              ________      ________      ________      ________      ________
        6       1.000
        7       0.165         1.000
        8       0.384        -0.150         1.000
        9       0.197        -0.043         0.278         1.000
       10      -0.278         0.222        -0.381        -0.217         1.000
       11      -0.209         0.031        -0.367         0.009         0.161
       12       0.053        -0.032         0.018        -0.555         0.003
       13      -0.125         0.091        -0.243        -0.265         0.031
       14      -0.026        -0.133        -0.066         0.190        -0.046
       15       0.099        -0.445         0.363         0.176        -0.367
       16       0.079         0.008         0.149         0.184         0.044
       17       0.021        -0.007        -0.002         0.043        -0.007
       18       0.067        -0.369         0.347         0.029        -0.314
       19      -0.057         0.186        -0.205        -0.159         0.070
       20      -0.312         0.257        -0.505        -0.514         0.353


           ESTIMATED CORRELATION MATRIX FOR PARAMETER ESTIMATES
                    11            12            13            14            15
              ________      ________      ________      ________      ________
       11       1.000
       12      -0.133         1.000
       13       0.060         0.086         1.000
       14       0.148        -0.162        -0.016         1.000
       15      -0.137         0.021         0.068         0.137         1.000
       16      -0.029        -0.067        -0.791         0.000        -0.137
       17      -0.112        -0.031        -0.004         0.023         0.013
       18      -0.161         0.125        -0.129         0.034         0.459
       19       0.058         0.008         0.863         0.009         0.073
       20       0.152         0.188         0.727        -0.102        -0.280


           ESTIMATED CORRELATION MATRIX FOR PARAMETER ESTIMATES
                    16            17            18            19            20
              ________      ________      ________      ________      ________
       16       1.000
       17      -0.008         1.000
       18       0.043        -0.016         1.000
       19      -0.716        -0.001        -0.156         1.000
       20      -0.552        -0.024        -0.340         0.746         1.000


     Beginning Time:  17:52:37
        Ending Time:  17:52:41
       Elapsed Time:  00:00:04



MUTHEN & MUTHEN
3463 Stoner Ave.
Los Angeles, CA  90066

Tel: (310) 391-9971
Fax: (310) 391-8971
Web: www.StatModel.com
Support: Support@StatModel.com

Copyright (c) 1998-2018 Muthen & Muthen
