Mplus VERSION 8.1
MUTHEN & MUTHEN
10/08/2018   5:52 PM

INPUT INSTRUCTIONS

  TITLE: Code for Naive FMM model for data condition z=1


  DATA:
  FILE = dfcom p2 z1 rep1.dat;


  VARIABLE:
  NAMES = Y1 Y2 Y3  Xcom1 subpop;
  USEV = Y1 Y2 Y3;
  AUXILIARY = subpop;
  CLASSES = c(3);
  MISSING = .;


  ANALYSIS:
  TYPE = MIXTURE;
  Estimator = ML;
  INFORMATION = obs;
  STARTS = 20 8;


  MODEL:
  %OVERALL%
  [c#1*];
  [c#2*];
  Y1 Y2 Y3;

   %c#1%
  [Y1*];
  [Y2*];
  [Y3*];
  Y1*1;
  Y2*;
  Y3*;
  Y1 WITH Y2@0;
  Y1 WITH Y3@0;
  Y2 WITH Y3@0;

   %c#2%
  [Y1*];
  [Y2*];
  [Y3*];
  Y1*1;
  Y2*;
  Y3*;
  Y1 WITH Y2@0;
  Y1 WITH Y3@0;
  Y2 WITH Y3@0;

   %c#3%
  [Y1*];
  [Y2*];
  [Y3*];
  Y1*1;
  Y2*;
  Y3*;
  Y1 WITH Y2@0;
  Y1 WITH Y3@0;
  Y2 WITH Y3@0;


  OUTPUT:
  tech1;
  svalues;


  SAVEDATA:
  FILE = cprob dfcom p2 z1 rep1.dat;
  SAVE = cprob;
  FORMAT = F10.6;



*** WARNING in MODEL command
  All variables are uncorrelated with all other variables within class.
  Check that this is what is intended.
   1 WARNING(S) FOUND IN THE INPUT INSTRUCTIONS



Code for Naive FMM model for data condition z=1

SUMMARY OF ANALYSIS

Number of groups                                                 1
Number of observations                                         500

Number of dependent variables                                    3
Number of independent variables                                  0
Number of continuous latent variables                            0
Number of categorical latent variables                           1

Observed dependent variables

  Continuous
   Y1          Y2          Y3

Observed auxiliary variables
   SUBPOP

Categorical latent variables
   C


Estimator                                                       ML
Information matrix                                        OBSERVED
Optimization Specifications for the Quasi-Newton Algorithm for
Continuous Outcomes
  Maximum number of iterations                                 100
  Convergence criterion                                  0.100D-05
Optimization Specifications for the EM Algorithm
  Maximum number of iterations                                 500
  Convergence criteria
    Loglikelihood change                                 0.100D-06
    Relative loglikelihood change                        0.100D-06
    Derivative                                           0.100D-05
Optimization Specifications for the M step of the EM Algorithm for
Categorical Latent variables
  Number of M step iterations                                    1
  M step convergence criterion                           0.100D-05
  Basis for M step termination                           ITERATION
Optimization Specifications for the M step of the EM Algorithm for
Censored, Binary or Ordered Categorical (Ordinal), Unordered
Categorical (Nominal) and Count Outcomes
  Number of M step iterations                                    1
  M step convergence criterion                           0.100D-05
  Basis for M step termination                           ITERATION
  Maximum value for logit thresholds                            15
  Minimum value for logit thresholds                           -15
  Minimum expected cell size for chi-square              0.100D-01
Maximum number of iterations for H1                           2000
Convergence criterion for H1                             0.100D-03
Optimization algorithm                                         EMA
Random Starts Specifications
  Number of initial stage random starts                         20
  Number of final stage optimizations                            8
  Number of initial stage iterations                            10
  Initial stage convergence criterion                    0.100D+01
  Random starts scale                                    0.500D+01
  Random seed for generating random starts                       0

Input data file(s)
  dfcom p2 z1 rep1.dat
Input data format  FREE


SUMMARY OF DATA

     Number of missing data patterns             1
     Number of y missing data patterns           1
     Number of u missing data patterns           0


COVARIANCE COVERAGE OF DATA

Minimum covariance coverage value   0.100


     PROPORTION OF DATA PRESENT FOR Y


           Covariance Coverage
              Y1            Y2            Y3
              ________      ________      ________
 Y1             1.000
 Y2             1.000         1.000
 Y3             1.000         1.000         1.000



UNIVARIATE SAMPLE STATISTICS


     UNIVARIATE HIGHER-ORDER MOMENT DESCRIPTIVE STATISTICS

         Variable/         Mean/     Skewness/   Minimum/ % with                Percentiles
        Sample Size      Variance    Kurtosis    Maximum  Min/Max      20%/60%    40%/80%    Median

     Y1                    1.333      -0.102      -2.760    0.20%      -0.179      0.956      1.402
             500.000       2.490      -0.463       5.162    0.20%       1.788      2.716
     Y2                    0.263       0.163      -2.748    0.20%      -0.683     -0.007      0.253
             500.000       1.193      -0.023       3.793    0.20%       0.533      1.174
     Y3                    0.733       0.246      -2.914    0.20%      -0.546      0.197      0.604
             500.000       2.282      -0.245       5.504    0.20%       1.080      2.068

RANDOM STARTS RESULTS RANKED FROM THE BEST TO THE WORST LOGLIKELIHOOD VALUES

1 perturbed starting value run(s) did not converge in the initial stage
optimizations.

Final stage loglikelihood values at local maxima, seeds, and initial stage start numbers:

           -2563.265  93468            3
           -2563.265  27071            15
           -2563.265  107446           12
           -2563.265  unperturbed      0
           -2563.265  76974            16
           -2563.265  68985            17
           -2563.265  285380           1
           -2569.501  939021           8



THE BEST LOGLIKELIHOOD VALUE HAS BEEN REPLICATED.  RERUN WITH AT LEAST TWICE THE
RANDOM STARTS TO CHECK THAT THE BEST LOGLIKELIHOOD IS STILL OBTAINED AND REPLICATED.


THE MODEL ESTIMATION TERMINATED NORMALLY



MODEL FIT INFORMATION

Number of Free Parameters                       20

Loglikelihood

          H0 Value                       -2563.265

Information Criteria

          Akaike (AIC)                    5166.530
          Bayesian (BIC)                  5250.822
          Sample-Size Adjusted BIC        5187.341
            (n* = (n + 2) / 24)



FINAL CLASS COUNTS AND PROPORTIONS FOR THE LATENT CLASSES
BASED ON THE ESTIMATED MODEL

    Latent
   Classes

       1        168.70129          0.33740
       2        158.70327          0.31741
       3        172.59544          0.34519


FINAL CLASS COUNTS AND PROPORTIONS FOR THE LATENT CLASSES
BASED ON ESTIMATED POSTERIOR PROBABILITIES

    Latent
   Classes

       1        168.70128          0.33740
       2        158.70327          0.31741
       3        172.59545          0.34519


FINAL CLASS COUNTS AND PROPORTIONS FOR THE LATENT CLASSES
BASED ON THEIR MOST LIKELY LATENT CLASS MEMBERSHIP

Class Counts and Proportions

    Latent
   Classes

       1              171          0.34200
       2              160          0.32000
       3              169          0.33800


CLASSIFICATION QUALITY

     Entropy                         0.626


Average Latent Class Probabilities for Most Likely Latent Class Membership (Row)
by Latent Class (Column)

           1        2        3

    1   0.853    0.058    0.089
    2   0.052    0.835    0.113
    3   0.085    0.090    0.825


Classification Probabilities for the Most Likely Latent Class Membership (Column)
by Latent Class (Row)

           1        2        3

    1   0.865    0.050    0.085
    2   0.062    0.842    0.096
    3   0.088    0.104    0.808


Logits for the Classification Probabilities for the Most Likely Latent Class Membership (Column)
by Latent Class (Row)

              1        2        3

    1      2.316   -0.540    0.000
    2     -0.429    2.172    0.000
    3     -2.217   -2.045    0.000


MODEL RESULTS

                                                    Two-Tailed
                    Estimate       S.E.  Est./S.E.    P-Value

Latent Class 1

 Y1       WITH
    Y2                 0.000      0.000    999.000    999.000
    Y3                 0.000      0.000    999.000    999.000

 Y2       WITH
    Y3                 0.000      0.000    999.000    999.000

 Means
    Y1                -0.193      0.185     -1.048      0.295
    Y2                -0.018      0.109     -0.163      0.871
    Y3                 0.016      0.150      0.106      0.915

 Variances
    Y1                 1.089      0.227      4.801      0.000
    Y2                 1.062      0.166      6.394      0.000
    Y3                 1.392      0.201      6.928      0.000

Latent Class 2

 Y1       WITH
    Y2                 0.000      0.000    999.000    999.000
    Y3                 0.000      0.000    999.000    999.000

 Y2       WITH
    Y3                 0.000      0.000    999.000    999.000

 Means
    Y1                 2.757      0.199     13.841      0.000
    Y2                 0.100      0.099      1.012      0.311
    Y3                -0.014      0.289     -0.047      0.962

 Variances
    Y1                 1.015      0.232      4.374      0.000
    Y2                 1.007      0.130      7.719      0.000
    Y3                 1.078      0.427      2.522      0.012

Latent Class 3

 Y1       WITH
    Y2                 0.000      0.000    999.000    999.000
    Y3                 0.000      0.000    999.000    999.000

 Y2       WITH
    Y3                 0.000      0.000    999.000    999.000

 Means
    Y1                 1.517      0.161      9.412      0.000
    Y2                 0.688      0.159      4.320      0.000
    Y3                 2.121      0.270      7.863      0.000

 Variances
    Y1                 1.040      0.281      3.704      0.000
    Y2                 1.211      0.168      7.209      0.000
    Y3                 1.317      0.316      4.172      0.000

Categorical Latent Variables

 Means
    C#1               -0.023      0.369     -0.062      0.951
    C#2               -0.084      0.478     -0.176      0.861


QUALITY OF NUMERICAL RESULTS

     Condition Number for the Information Matrix              0.655E-02
       (ratio of smallest to largest eigenvalue)


MODEL COMMAND WITH FINAL ESTIMATES USED AS STARTING VALUES

     %OVERALL%

     [ c#1*-0.02282 ];
     [ c#2*-0.08391 ];

     %C#1%

     y1 WITH y2@0;
     y1 WITH y3@0;
     y2 WITH y3@0;

     [ y1*-0.19337 ];
     [ y2*-0.01768 ];
     [ y3*0.01588 ];

     y1*1.08912;
     y2*1.06167;
     y3*1.39153;

     %C#2%

     y1 WITH y2@0;
     y1 WITH y3@0;
     y2 WITH y3@0;

     [ y1*2.75672 ];
     [ y2*0.09993 ];
     [ y3*-0.01368 ];

     y1*1.01476;
     y2*1.00703;
     y3*1.07770;

     %C#3%

     y1 WITH y2@0;
     y1 WITH y3@0;
     y2 WITH y3@0;

     [ y1*1.51674 ];
     [ y2*0.68757 ];
     [ y3*2.12136 ];

     y1*1.04036;
     y2*1.21147;
     y3*1.31685;



TECHNICAL 1 OUTPUT


     PARAMETER SPECIFICATION FOR LATENT CLASS 1


           NU
              Y1            Y2            Y3
              ________      ________      ________
                    1             2             3


           THETA
              Y1            Y2            Y3
              ________      ________      ________
 Y1                 4
 Y2                 0             5
 Y3                 0             0             6


     PARAMETER SPECIFICATION FOR LATENT CLASS 2


           NU
              Y1            Y2            Y3
              ________      ________      ________
                    7             8             9


           THETA
              Y1            Y2            Y3
              ________      ________      ________
 Y1                10
 Y2                 0            11
 Y3                 0             0            12


     PARAMETER SPECIFICATION FOR LATENT CLASS 3


           NU
              Y1            Y2            Y3
              ________      ________      ________
                   13            14            15


           THETA
              Y1            Y2            Y3
              ________      ________      ________
 Y1                16
 Y2                 0            17
 Y3                 0             0            18


     PARAMETER SPECIFICATION FOR LATENT CLASS REGRESSION MODEL PART


           ALPHA(C)
              C#1           C#2           C#3
              ________      ________      ________
                   19            20             0


     STARTING VALUES FOR LATENT CLASS 1


           NU
              Y1            Y2            Y3
              ________      ________      ________
               -0.245        -0.829        -0.777


           THETA
              Y1            Y2            Y3
              ________      ________      ________
 Y1             1.000
 Y2             0.000         0.597
 Y3             0.000         0.000         1.141


     STARTING VALUES FOR LATENT CLASS 2


           NU
              Y1            Y2            Y3
              ________      ________      ________
                1.333         0.263         0.733


           THETA
              Y1            Y2            Y3
              ________      ________      ________
 Y1             1.000
 Y2             0.000         0.597
 Y3             0.000         0.000         1.141


     STARTING VALUES FOR LATENT CLASS 3


           NU
              Y1            Y2            Y3
              ________      ________      ________
                2.911         1.355         2.244


           THETA
              Y1            Y2            Y3
              ________      ________      ________
 Y1             1.000
 Y2             0.000         0.597
 Y3             0.000         0.000         1.141


     STARTING VALUES FOR LATENT CLASS REGRESSION MODEL PART


           ALPHA(C)
              C#1           C#2           C#3
              ________      ________      ________
                0.000         0.000         0.000


SAVEDATA INFORMATION


  Save file
    cprob dfcom p2 z1 rep1.dat

  Order and format of variables

    Y1             F10.6
    Y2             F10.6
    Y3             F10.6
    SUBPOP         F10.6
    CPROB1         F10.6
    CPROB2         F10.6
    CPROB3         F10.6
    C              F10.6

  Save file format
    8F10.6

  Save file record length    10000


     Beginning Time:  17:52:31
        Ending Time:  17:52:32
       Elapsed Time:  00:00:01



MUTHEN & MUTHEN
3463 Stoner Ave.
Los Angeles, CA  90066

Tel: (310) 391-9971
Fax: (310) 391-8971
Web: www.StatModel.com
Support: Support@StatModel.com

Copyright (c) 1998-2018 Muthen & Muthen
