Mplus VERSION 8
MUTHEN & MUTHEN
10/08/2018   7:34 PM

INPUT INSTRUCTIONS

  TITLE: Code for Naive FMM model for data condition z=1


  DATA:
  FILE = impdf p2 z1 rep1 pm1 pva1_imp_6.dat;


  VARIABLE:
  NAMES = Y1 Y2 Y3  Xcom1 subpop;
  USEV = Y1 Y2 Y3;
  AUXILIARY = subpop;
  CLASSES = c(3);
  MISSING = .;


  ANALYSIS:
  TYPE = MIXTURE;
  Estimator = ML;
  INFORMATION = obs;
  STARTS = 20 8;


  MODEL:


       %OVERALL%

       [ c#1*0.40498 ];
       [ c#2*0.15918 ];

       %C#1%

       y1 WITH y2@0;
       y1 WITH y3@0;
       y2 WITH y3@0;

       [ y1*0.09726 ];
       [ y2*-0.07380 ];
       [ y3*0.04144 ];

       y1*1.40639;
       y2*0.93283;
       y3*1.44812;

       %C#2%

       y1 WITH y2@0;
       y1 WITH y3@0;
       y2 WITH y3@0;

       [ y1*2.71448 ];
       [ y2*-0.10144 ];
       [ y3*0.31074 ];

       y1*0.90112;
       y2*0.89393;
       y3*1.33665;

       %C#3%

       y1 WITH y2@0;
       y1 WITH y3@0;
       y2 WITH y3@0;

       [ y1*1.48597 ];
       [ y2*0.81896 ];
       [ y3*2.38954 ];

       y1*1.03748;
       y2*0.92603;
       y3*1.21411;




  OUTPUT:
  tech1;
  svalues;
  tech3;


  SAVEDATA:



*** WARNING in MODEL command
  All variables are uncorrelated with all other variables within class.
  Check that this is what is intended.
   1 WARNING(S) FOUND IN THE INPUT INSTRUCTIONS



Code for Naive FMM model for data condition z=1

SUMMARY OF ANALYSIS

Number of groups                                                 1
Number of observations                                         500

Number of dependent variables                                    3
Number of independent variables                                  0
Number of continuous latent variables                            0
Number of categorical latent variables                           1

Observed dependent variables

  Continuous
   Y1          Y2          Y3

Observed auxiliary variables
   SUBPOP

Categorical latent variables
   C


Estimator                                                       ML
Information matrix                                        OBSERVED
Optimization Specifications for the Quasi-Newton Algorithm for
Continuous Outcomes
  Maximum number of iterations                                 100
  Convergence criterion                                  0.100D-05
Optimization Specifications for the EM Algorithm
  Maximum number of iterations                                 500
  Convergence criteria
    Loglikelihood change                                 0.100D-06
    Relative loglikelihood change                        0.100D-06
    Derivative                                           0.100D-05
Optimization Specifications for the M step of the EM Algorithm for
Categorical Latent variables
  Number of M step iterations                                    1
  M step convergence criterion                           0.100D-05
  Basis for M step termination                           ITERATION
Optimization Specifications for the M step of the EM Algorithm for
Censored, Binary or Ordered Categorical (Ordinal), Unordered
Categorical (Nominal) and Count Outcomes
  Number of M step iterations                                    1
  M step convergence criterion                           0.100D-05
  Basis for M step termination                           ITERATION
  Maximum value for logit thresholds                            15
  Minimum value for logit thresholds                           -15
  Minimum expected cell size for chi-square              0.100D-01
Maximum number of iterations for H1                           2000
Convergence criterion for H1                             0.100D-03
Optimization algorithm                                         EMA
Random Starts Specifications
  Number of initial stage random starts                         20
  Number of final stage optimizations                            8
  Number of initial stage iterations                            10
  Initial stage convergence criterion                    0.100D+01
  Random starts scale                                    0.500D+01
  Random seed for generating random starts                       0

Input data file(s)
  impdf p2 z1 rep1 pm1 pva1_imp_6.dat
Input data format  FREE


SUMMARY OF DATA

     Number of missing data patterns             1
     Number of y missing data patterns           1
     Number of u missing data patterns           0


COVARIANCE COVERAGE OF DATA

Minimum covariance coverage value   0.100


     PROPORTION OF DATA PRESENT FOR Y


           Covariance Coverage
              Y1            Y2            Y3
              ________      ________      ________
 Y1             1.000
 Y2             1.000         1.000
 Y3             1.000         1.000         1.000



UNIVARIATE SAMPLE STATISTICS


     UNIVARIATE HIGHER-ORDER MOMENT DESCRIPTIVE STATISTICS

         Variable/         Mean/     Skewness/   Minimum/ % with                Percentiles
        Sample Size      Variance    Kurtosis    Maximum  Min/Max      20%/60%    40%/80%    Median

     Y1                    1.333      -0.162      -2.760    0.20%      -0.159      0.981      1.476
             500.000       2.501      -0.490       5.162    0.20%       1.874      2.712
     Y2                    0.236       0.082      -2.748    0.20%      -0.635     -0.036      0.221
             500.000       1.111      -0.065       3.570    0.20%       0.475      1.041
     Y3                    0.714       0.262      -3.546    0.20%      -0.578      0.099      0.558
             500.000       2.429      -0.229       5.504    0.20%       1.029      2.107

RANDOM STARTS RESULTS RANKED FROM THE BEST TO THE WORST LOGLIKELIHOOD VALUES

3 perturbed starting value run(s) did not converge in the initial stage
optimizations.

Final stage loglikelihood values at local maxima, seeds, and initial stage start numbers:

           -2561.508  76974            16
           -2561.508  851945           18
           -2561.508  unperturbed      0
           -2561.508  253358           2
           -2561.508  27071            15
           -2561.508  68985            17
           -2564.452  285380           1
           -2564.452  903420           5



THE BEST LOGLIKELIHOOD VALUE HAS BEEN REPLICATED.  RERUN WITH AT LEAST TWICE THE
RANDOM STARTS TO CHECK THAT THE BEST LOGLIKELIHOOD IS STILL OBTAINED AND REPLICATED.


THE MODEL ESTIMATION TERMINATED NORMALLY



MODEL FIT INFORMATION

Number of Free Parameters                       20

Loglikelihood

          H0 Value                       -2561.508

Information Criteria

          Akaike (AIC)                    5163.017
          Bayesian (BIC)                  5247.309
          Sample-Size Adjusted BIC        5183.828
            (n* = (n + 2) / 24)



FINAL CLASS COUNTS AND PROPORTIONS FOR THE LATENT CLASSES
BASED ON THE ESTIMATED MODEL

    Latent
   Classes

       1        174.01193          0.34802
       2         99.17414          0.19835
       3        226.81393          0.45363


FINAL CLASS COUNTS AND PROPORTIONS FOR THE LATENT CLASSES
BASED ON ESTIMATED POSTERIOR PROBABILITIES

    Latent
   Classes

       1        174.01193          0.34802
       2         99.17414          0.19835
       3        226.81393          0.45363


FINAL CLASS COUNTS AND PROPORTIONS FOR THE LATENT CLASSES
BASED ON THEIR MOST LIKELY LATENT CLASS MEMBERSHIP

Class Counts and Proportions

    Latent
   Classes

       1              172          0.34400
       2              101          0.20200
       3              227          0.45400


CLASSIFICATION QUALITY

     Entropy                         0.660


Average Latent Class Probabilities for Most Likely Latent Class Membership (Row)
by Latent Class (Column)

           1        2        3

    1   0.870    0.038    0.092
    2   0.092    0.768    0.140
    3   0.067    0.066    0.867


Classification Probabilities for the Most Likely Latent Class Membership (Column)
by Latent Class (Row)

           1        2        3

    1   0.859    0.054    0.087
    2   0.066    0.782    0.152
    3   0.070    0.062    0.868


Logits for the Classification Probabilities for the Most Likely Latent Class Membership (Column)
by Latent Class (Row)

              1        2        3

    1      2.291   -0.485    0.000
    2     -0.825    1.641    0.000
    3     -2.519   -2.635    0.000


MODEL RESULTS

                                                    Two-Tailed
                    Estimate       S.E.  Est./S.E.    P-Value

Latent Class 1

 Y1       WITH
    Y2                 0.000      0.000    999.000    999.000
    Y3                 0.000      0.000    999.000    999.000

 Y2       WITH
    Y3                 0.000      0.000    999.000    999.000

 Means
    Y1                -0.244      0.231     -1.058      0.290
    Y2                 0.031      0.092      0.334      0.738
    Y3                 0.160      0.129      1.242      0.214

 Variances
    Y1                 1.056      0.259      4.079      0.000
    Y2                 1.067      0.132      8.090      0.000
    Y3                 1.619      0.221      7.325      0.000

Latent Class 2

 Y1       WITH
    Y2                 0.000      0.000    999.000    999.000
    Y3                 0.000      0.000    999.000    999.000

 Y2       WITH
    Y3                 0.000      0.000    999.000    999.000

 Means
    Y1                 1.413      0.141     10.011      0.000
    Y2                 0.985      0.153      6.450      0.000
    Y3                 2.620      0.198     13.209      0.000

 Variances
    Y1                 0.803      0.175      4.593      0.000
    Y2                 0.923      0.172      5.373      0.000
    Y3                 1.175      0.274      4.286      0.000

Latent Class 3

 Y1       WITH
    Y2                 0.000      0.000    999.000    999.000
    Y3                 0.000      0.000    999.000    999.000

 Y2       WITH
    Y3                 0.000      0.000    999.000    999.000

 Means
    Y1                 2.508      0.198     12.660      0.000
    Y2                 0.067      0.077      0.866      0.387
    Y3                 0.306      0.133      2.300      0.021

 Variances
    Y1                 1.060      0.231      4.594      0.000
    Y2                 0.922      0.098      9.368      0.000
    Y3                 1.608      0.221      7.260      0.000

Categorical Latent Variables

 Means
    C#1               -0.265      0.312     -0.850      0.395
    C#2               -0.827      0.291     -2.842      0.004


QUALITY OF NUMERICAL RESULTS

     Condition Number for the Information Matrix              0.109E-01
       (ratio of smallest to largest eigenvalue)


MODEL COMMAND WITH FINAL ESTIMATES USED AS STARTING VALUES

     %OVERALL%

     [ c#1*-0.26501 ];
     [ c#2*-0.82725 ];

     %C#1%

     y1 WITH y2@0;
     y1 WITH y3@0;
     y2 WITH y3@0;

     [ y1*-0.24444 ];
     [ y2*0.03079 ];
     [ y3*0.15969 ];

     y1*1.05627;
     y2*1.06699;
     y3*1.61893;

     %C#2%

     y1 WITH y2@0;
     y1 WITH y3@0;
     y2 WITH y3@0;

     [ y1*1.41262 ];
     [ y2*0.98532 ];
     [ y3*2.62005 ];

     y1*0.80281;
     y2*0.92308;
     y3*1.17483;

     %C#3%

     y1 WITH y2@0;
     y1 WITH y3@0;
     y2 WITH y3@0;

     [ y1*2.50754 ];
     [ y2*0.06664 ];
     [ y3*0.30649 ];

     y1*1.06024;
     y2*0.92151;
     y3*1.60752;



TECHNICAL 1 OUTPUT


     PARAMETER SPECIFICATION FOR LATENT CLASS 1


           NU
              Y1            Y2            Y3
              ________      ________      ________
                    1             2             3


           THETA
              Y1            Y2            Y3
              ________      ________      ________
 Y1                 4
 Y2                 0             5
 Y3                 0             0             6


     PARAMETER SPECIFICATION FOR LATENT CLASS 2


           NU
              Y1            Y2            Y3
              ________      ________      ________
                    7             8             9


           THETA
              Y1            Y2            Y3
              ________      ________      ________
 Y1                10
 Y2                 0            11
 Y3                 0             0            12


     PARAMETER SPECIFICATION FOR LATENT CLASS 3


           NU
              Y1            Y2            Y3
              ________      ________      ________
                   13            14            15


           THETA
              Y1            Y2            Y3
              ________      ________      ________
 Y1                16
 Y2                 0            17
 Y3                 0             0            18


     PARAMETER SPECIFICATION FOR LATENT CLASS REGRESSION MODEL PART


           ALPHA(C)
              C#1           C#2           C#3
              ________      ________      ________
                   19            20             0


     STARTING VALUES FOR LATENT CLASS 1


           NU
              Y1            Y2            Y3
              ________      ________      ________
                0.097        -0.074         0.041


           THETA
              Y1            Y2            Y3
              ________      ________      ________
 Y1             1.406
 Y2             0.000         0.933
 Y3             0.000         0.000         1.448


     STARTING VALUES FOR LATENT CLASS 2


           NU
              Y1            Y2            Y3
              ________      ________      ________
                2.714        -0.101         0.311


           THETA
              Y1            Y2            Y3
              ________      ________      ________
 Y1             0.901
 Y2             0.000         0.894
 Y3             0.000         0.000         1.337


     STARTING VALUES FOR LATENT CLASS 3


           NU
              Y1            Y2            Y3
              ________      ________      ________
                1.486         0.819         2.390


           THETA
              Y1            Y2            Y3
              ________      ________      ________
 Y1             1.037
 Y2             0.000         0.926
 Y3             0.000         0.000         1.214


     STARTING VALUES FOR LATENT CLASS REGRESSION MODEL PART


           ALPHA(C)
              C#1           C#2           C#3
              ________      ________      ________
                0.405         0.159         0.000


TECHNICAL 3 OUTPUT


           ESTIMATED COVARIANCE MATRIX FOR PARAMETER ESTIMATES
                     1             2             3             4             5
              ________      ________      ________      ________      ________
        1   0.533780D-01
        2   0.510673D-02  0.850366D-02
        3   0.531769D-04  0.119422D-02  0.165244D-01
        4   0.485088D-01  0.450128D-02 -0.195887D-02  0.670682D-01
        5  -0.779327D-02  0.196470D-03  0.110772D-02 -0.805025D-02  0.173961D-01
        6   0.543994D-02  0.217191D-02  0.785895D-02  0.254749D-02  0.415443D-03
        7   0.208377D-02  0.171786D-02  0.381199D-02  0.446322D-03  0.879513D-03
        8   0.244022D-03 -0.477082D-03  0.415843D-02 -0.704506D-03 -0.713094D-03
        9   0.214820D-03  0.203800D-02  0.452265D-02 -0.105734D-02  0.154725D-02
       10  -0.294530D-02 -0.156220D-02 -0.491827D-02 -0.445809D-03 -0.294748D-03
       11  -0.147642D-02  0.532052D-03 -0.243384D-02 -0.685377D-03 -0.277501D-03
       12   0.882916D-03 -0.174805D-02  0.277598D-03  0.855670D-03 -0.159417D-02
       13   0.366273D-01  0.351446D-02 -0.217422D-02  0.351036D-01 -0.679346D-02
       14  -0.278491D-02 -0.765045D-03  0.394099D-03 -0.278255D-02  0.515566D-03
       15   0.451062D-02  0.509385D-03  0.427515D-03  0.435440D-02 -0.875661D-03
       16  -0.378660D-01 -0.371149D-02  0.185560D-02 -0.343224D-01  0.716764D-02
       17   0.300634D-02  0.317874D-03 -0.391117D-03  0.293129D-02 -0.150652D-02
       18  -0.440492D-02 -0.964903D-03  0.281766D-02 -0.455913D-02  0.359012D-03
       19   0.617743D-01  0.678344D-02 -0.671292D-03  0.607478D-01 -0.104150D-01
       20   0.259684D-01  0.683558D-03 -0.987706D-02  0.281517D-01 -0.609900D-02


           ESTIMATED COVARIANCE MATRIX FOR PARAMETER ESTIMATES
                     6             7             8             9            10
              ________      ________      ________      ________      ________
        6   0.488536D-01
        7   0.595465D-02  0.199116D-01
        8   0.538818D-02 -0.359736D-02  0.233399D-01
        9   0.206156D-02 -0.237099D-02  0.781371D-02  0.393449D-01
       10  -0.716635D-02  0.192167D-02 -0.715534D-02 -0.573749D-02  0.305534D-01
       11  -0.423358D-02  0.985810D-03 -0.849420D-02  0.564757D-03  0.435374D-02
       12   0.539334D-02  0.412857D-03  0.125151D-02 -0.282560D-01 -0.183309D-02
       13   0.221359D-02  0.137126D-02 -0.376009D-02 -0.734957D-02 -0.235132D-02
       14  -0.475570D-03 -0.156773D-02  0.269848D-03  0.398370D-02 -0.666072D-03
       15   0.226839D-02 -0.635747D-02  0.864401D-02  0.713015D-02 -0.648940D-02
       16  -0.248815D-02  0.830150D-03  0.185870D-02  0.444206D-02  0.341130D-02
       17  -0.262777D-03 -0.182508D-03 -0.161179D-02  0.492482D-03  0.146284D-04
       18  -0.119842D-02 -0.933469D-02  0.126251D-01  0.396269D-02 -0.915842D-02
       19   0.721827D-02  0.698327D-02 -0.485394D-02 -0.769377D-02 -0.271338D-02
       20  -0.735381D-02  0.892960D-02 -0.207805D-01 -0.310784D-01  0.139410D-01


           ESTIMATED COVARIANCE MATRIX FOR PARAMETER ESTIMATES
                    11            12            13            14            15
              ________      ________      ________      ________      ________
       11   0.295117D-01
       12  -0.707279D-02  0.751340D-01
       13  -0.280003D-03  0.612704D-02  0.392335D-01
       14   0.110018D-02 -0.378464D-02 -0.329106D-02  0.592422D-02
       15  -0.400747D-02  0.642511D-03  0.469082D-03  0.137226D-02  0.177569D-01
       16   0.897854D-03 -0.458213D-02 -0.371263D-01  0.271321D-02 -0.297224D-02
       17  -0.122131D-03 -0.109827D-02  0.259062D-02  0.432546D-03  0.110136D-03
       18  -0.687205D-02  0.776800D-02 -0.686415D-02  0.186395D-02  0.127079D-01
       19  -0.625295D-03  0.626463D-02  0.532229D-01 -0.524859D-02  0.467424D-03
       20   0.643439D-02  0.169988D-01  0.324719D-01 -0.678000D-02 -0.167004D-01


           ESTIMATED COVARIANCE MATRIX FOR PARAMETER ESTIMATES
                    16            17            18            19            20
              ________      ________      ________      ________      ________
       16   0.532694D-01
       17  -0.278334D-02  0.967578D-02
       18   0.420886D-02 -0.939428D-03  0.490231D-01
       19  -0.552247D-01  0.404028D-02 -0.126020D-01  0.972433D-01
       20  -0.286712D-01  0.203255D-02 -0.263586D-01  0.529717D-01  0.847320D-01


           ESTIMATED CORRELATION MATRIX FOR PARAMETER ESTIMATES
                     1             2             3             4             5
              ________      ________      ________      ________      ________
        1       1.000
        2       0.240         1.000
        3       0.002         0.101         1.000
        4       0.811         0.188        -0.059         1.000
        5      -0.256         0.016         0.065        -0.236         1.000
        6       0.107         0.107         0.277         0.045         0.014
        7       0.064         0.132         0.210         0.012         0.047
        8       0.007        -0.034         0.212        -0.018        -0.035
        9       0.005         0.111         0.177        -0.021         0.059
       10      -0.073        -0.097        -0.219        -0.010        -0.013
       11      -0.037         0.034        -0.110        -0.015        -0.012
       12       0.014        -0.069         0.008         0.012        -0.044
       13       0.800         0.192        -0.085         0.684        -0.260
       14      -0.157        -0.108         0.040        -0.140         0.051
       15       0.147         0.041         0.025         0.126        -0.050
       16      -0.710        -0.174         0.063        -0.574         0.235
       17       0.132         0.035        -0.031         0.115        -0.116
       18      -0.086        -0.047         0.099        -0.080         0.012
       19       0.857         0.236        -0.017         0.752        -0.253
       20       0.386         0.025        -0.264         0.373        -0.159


           ESTIMATED CORRELATION MATRIX FOR PARAMETER ESTIMATES
                     6             7             8             9            10
              ________      ________      ________      ________      ________
        6       1.000
        7       0.191         1.000
        8       0.160        -0.167         1.000
        9       0.047        -0.085         0.258         1.000
       10      -0.185         0.078        -0.268        -0.165         1.000
       11      -0.111         0.041        -0.324         0.017         0.145
       12       0.089         0.011         0.030        -0.520        -0.038
       13       0.051         0.049        -0.124        -0.187        -0.068
       14      -0.028        -0.144         0.023         0.261        -0.050
       15       0.077        -0.338         0.425         0.270        -0.279
       16      -0.049         0.025         0.053         0.097         0.085
       17      -0.012        -0.013        -0.107         0.025         0.001
       18      -0.024        -0.299         0.373         0.090        -0.237
       19       0.105         0.159        -0.102        -0.124        -0.050
       20      -0.114         0.217        -0.467        -0.538         0.274


           ESTIMATED CORRELATION MATRIX FOR PARAMETER ESTIMATES
                    11            12            13            14            15
              ________      ________      ________      ________      ________
       11       1.000
       12      -0.150         1.000
       13      -0.008         0.113         1.000
       14       0.083        -0.179        -0.216         1.000
       15      -0.175         0.018         0.018         0.134         1.000
       16       0.023        -0.072        -0.812         0.153        -0.097
       17      -0.007        -0.041         0.133         0.057         0.008
       18      -0.181         0.128        -0.157         0.109         0.431
       19      -0.012         0.073         0.862        -0.219         0.011
       20       0.129         0.213         0.563        -0.303        -0.431


           ESTIMATED CORRELATION MATRIX FOR PARAMETER ESTIMATES
                    16            17            18            19            20
              ________      ________      ________      ________      ________
       16       1.000
       17      -0.123         1.000
       18       0.082        -0.043         1.000
       19      -0.767         0.132        -0.183         1.000
       20      -0.427         0.071        -0.409         0.584         1.000


     Beginning Time:  19:34:16
        Ending Time:  19:34:17
       Elapsed Time:  00:00:01



MUTHEN & MUTHEN
3463 Stoner Ave.
Los Angeles, CA  90066

Tel: (310) 391-9971
Fax: (310) 391-8971
Web: www.StatModel.com
Support: Support@StatModel.com

Copyright (c) 1998-2017 Muthen & Muthen
