Mplus VERSION 8
MUTHEN & MUTHEN
10/08/2018   7:34 PM

INPUT INSTRUCTIONS

  TITLE: Code for Naive FMM model for data condition z=1


  DATA:
  FILE = impdf p2 z1 rep1 pm1 pva1_imp_9.dat;


  VARIABLE:
  NAMES = Y1 Y2 Y3  Xcom1 subpop;
  USEV = Y1 Y2 Y3;
  AUXILIARY = subpop;
  CLASSES = c(3);
  MISSING = .;


  ANALYSIS:
  TYPE = MIXTURE;
  Estimator = ML;
  INFORMATION = obs;
  STARTS = 20 8;


  MODEL:


       %OVERALL%

       [ c#1*-0.68557 ];
       [ c#2*-0.94552 ];

       %C#1%

       y1 WITH y2@0;
       y1 WITH y3@0;
       y2 WITH y3@0;

       [ y1*-0.35399 ];
       [ y2*-0.16784 ];
       [ y3*0.04526 ];

       y1*1.04404;
       y2*0.91284;
       y3*1.44550;

       %C#2%

       y1 WITH y2@0;
       y1 WITH y3@0;
       y2 WITH y3@0;

       [ y1*2.82811 ];
       [ y2*-0.15906 ];
       [ y3*-0.25625 ];

       y1*0.99118;
       y2*0.81947;
       y3*0.92883;

       %C#3%

       y1 WITH y2@0;
       y1 WITH y3@0;
       y2 WITH y3@0;

       [ y1*1.56567 ];
       [ y2*0.58991 ];
       [ y3*1.51786 ];

       y1*1.20597;
       y2*1.16184;
       y3*2.46582;




  OUTPUT:
  tech1;
  svalues;
  tech3;


  SAVEDATA:



*** WARNING in MODEL command
  All variables are uncorrelated with all other variables within class.
  Check that this is what is intended.
   1 WARNING(S) FOUND IN THE INPUT INSTRUCTIONS



Code for Naive FMM model for data condition z=1

SUMMARY OF ANALYSIS

Number of groups                                                 1
Number of observations                                         500

Number of dependent variables                                    3
Number of independent variables                                  0
Number of continuous latent variables                            0
Number of categorical latent variables                           1

Observed dependent variables

  Continuous
   Y1          Y2          Y3

Observed auxiliary variables
   SUBPOP

Categorical latent variables
   C


Estimator                                                       ML
Information matrix                                        OBSERVED
Optimization Specifications for the Quasi-Newton Algorithm for
Continuous Outcomes
  Maximum number of iterations                                 100
  Convergence criterion                                  0.100D-05
Optimization Specifications for the EM Algorithm
  Maximum number of iterations                                 500
  Convergence criteria
    Loglikelihood change                                 0.100D-06
    Relative loglikelihood change                        0.100D-06
    Derivative                                           0.100D-05
Optimization Specifications for the M step of the EM Algorithm for
Categorical Latent variables
  Number of M step iterations                                    1
  M step convergence criterion                           0.100D-05
  Basis for M step termination                           ITERATION
Optimization Specifications for the M step of the EM Algorithm for
Censored, Binary or Ordered Categorical (Ordinal), Unordered
Categorical (Nominal) and Count Outcomes
  Number of M step iterations                                    1
  M step convergence criterion                           0.100D-05
  Basis for M step termination                           ITERATION
  Maximum value for logit thresholds                            15
  Minimum value for logit thresholds                           -15
  Minimum expected cell size for chi-square              0.100D-01
Maximum number of iterations for H1                           2000
Convergence criterion for H1                             0.100D-03
Optimization algorithm                                         EMA
Random Starts Specifications
  Number of initial stage random starts                         20
  Number of final stage optimizations                            8
  Number of initial stage iterations                            10
  Initial stage convergence criterion                    0.100D+01
  Random starts scale                                    0.500D+01
  Random seed for generating random starts                       0

Input data file(s)
  impdf p2 z1 rep1 pm1 pva1_imp_9.dat
Input data format  FREE


SUMMARY OF DATA

     Number of missing data patterns             1
     Number of y missing data patterns           1
     Number of u missing data patterns           0


COVARIANCE COVERAGE OF DATA

Minimum covariance coverage value   0.100


     PROPORTION OF DATA PRESENT FOR Y


           Covariance Coverage
              Y1            Y2            Y3
              ________      ________      ________
 Y1             1.000
 Y2             1.000         1.000
 Y3             1.000         1.000         1.000



UNIVARIATE SAMPLE STATISTICS


     UNIVARIATE HIGHER-ORDER MOMENT DESCRIPTIVE STATISTICS

         Variable/         Mean/     Skewness/   Minimum/ % with                Percentiles
        Sample Size      Variance    Kurtosis    Maximum  Min/Max      20%/60%    40%/80%    Median

     Y1                    1.340      -0.133      -2.760    0.20%      -0.109      0.952      1.402
             500.000       2.469      -0.435       5.162    0.20%       1.848      2.710
     Y2                    0.213       0.088      -2.748    0.20%      -0.712     -0.087      0.185
             500.000       1.118      -0.162       3.570    0.20%       0.484      1.093
     Y3                    0.740       0.317      -2.828    0.20%      -0.623      0.176      0.619
             500.000       2.385      -0.330       5.504    0.20%       1.029      2.157

RANDOM STARTS RESULTS RANKED FROM THE BEST TO THE WORST LOGLIKELIHOOD VALUES

3 perturbed starting value run(s) did not converge in the initial stage
optimizations.

Final stage loglikelihood values at local maxima, seeds, and initial stage start numbers:

           -2555.871  253358           2
           -2555.871  76974            16
           -2555.871  462953           7
           -2555.871  285380           1
           -2555.871  unperturbed      0
           -2555.871  27071            15
           -2555.871  903420           5
           -2558.492  608496           4



THE BEST LOGLIKELIHOOD VALUE HAS BEEN REPLICATED.  RERUN WITH AT LEAST TWICE THE
RANDOM STARTS TO CHECK THAT THE BEST LOGLIKELIHOOD IS STILL OBTAINED AND REPLICATED.


THE MODEL ESTIMATION TERMINATED NORMALLY



MODEL FIT INFORMATION

Number of Free Parameters                       20

Loglikelihood

          H0 Value                       -2555.871

Information Criteria

          Akaike (AIC)                    5151.742
          Bayesian (BIC)                  5236.034
          Sample-Size Adjusted BIC        5172.553
            (n* = (n + 2) / 24)



FINAL CLASS COUNTS AND PROPORTIONS FOR THE LATENT CLASSES
BASED ON THE ESTIMATED MODEL

    Latent
   Classes

       1        154.61039          0.30922
       2        174.00869          0.34802
       3        171.38092          0.34276


FINAL CLASS COUNTS AND PROPORTIONS FOR THE LATENT CLASSES
BASED ON ESTIMATED POSTERIOR PROBABILITIES

    Latent
   Classes

       1        154.61038          0.30922
       2        174.00868          0.34802
       3        171.38093          0.34276


FINAL CLASS COUNTS AND PROPORTIONS FOR THE LATENT CLASSES
BASED ON THEIR MOST LIKELY LATENT CLASS MEMBERSHIP

Class Counts and Proportions

    Latent
   Classes

       1              154          0.30800
       2              177          0.35400
       3              169          0.33800


CLASSIFICATION QUALITY

     Entropy                         0.626


Average Latent Class Probabilities for Most Likely Latent Class Membership (Row)
by Latent Class (Column)

           1        2        3

    1   0.833    0.092    0.075
    2   0.076    0.831    0.093
    3   0.076    0.076    0.849


Classification Probabilities for the Most Likely Latent Class Membership (Column)
by Latent Class (Row)

           1        2        3

    1   0.830    0.088    0.083
    2   0.081    0.845    0.074
    3   0.067    0.096    0.837


Logits for the Classification Probabilities for the Most Likely Latent Class Membership (Column)
by Latent Class (Row)

              1        2        3

    1      2.306    0.056    0.000
    2      0.100    2.441    0.000
    3     -2.519   -2.166    0.000


MODEL RESULTS

                                                    Two-Tailed
                    Estimate       S.E.  Est./S.E.    P-Value

Latent Class 1

 Y1       WITH
    Y2                 0.000      0.000    999.000    999.000
    Y3                 0.000      0.000    999.000    999.000

 Y2       WITH
    Y3                 0.000      0.000    999.000    999.000

 Means
    Y1                -0.247      0.240     -1.031      0.302
    Y2                -0.088      0.099     -0.888      0.375
    Y3                 0.061      0.140      0.432      0.666

 Variances
    Y1                 1.106      0.262      4.223      0.000
    Y2                 0.916      0.124      7.393      0.000
    Y3                 1.399      0.214      6.537      0.000

Latent Class 2

 Y1       WITH
    Y2                 0.000      0.000    999.000    999.000
    Y3                 0.000      0.000    999.000    999.000

 Y2       WITH
    Y3                 0.000      0.000    999.000    999.000

 Means
    Y1                 2.485      0.233     10.664      0.000
    Y2                 0.028      0.096      0.293      0.770
    Y3                -0.149      0.144     -1.032      0.302

 Variances
    Y1                 1.199      0.300      3.993      0.000
    Y2                 0.956      0.127      7.521      0.000
    Y3                 0.894      0.183      4.889      0.000

Latent Class 3

 Y1       WITH
    Y2                 0.000      0.000    999.000    999.000
    Y3                 0.000      0.000    999.000    999.000

 Y2       WITH
    Y3                 0.000      0.000    999.000    999.000

 Means
    Y1                 1.608      0.126     12.714      0.000
    Y2                 0.673      0.106      6.357      0.000
    Y3                 2.256      0.212     10.661      0.000

 Variances
    Y1                 1.312      0.193      6.808      0.000
    Y2                 1.138      0.147      7.713      0.000
    Y3                 1.274      0.272      4.678      0.000

Categorical Latent Variables

 Means
    C#1               -0.103      0.304     -0.339      0.735
    C#2                0.015      0.283      0.054      0.957


QUALITY OF NUMERICAL RESULTS

     Condition Number for the Information Matrix              0.125E-01
       (ratio of smallest to largest eigenvalue)


MODEL COMMAND WITH FINAL ESTIMATES USED AS STARTING VALUES

     %OVERALL%

     [ c#1*-0.10298 ];
     [ c#2*0.01522 ];

     %C#1%

     y1 WITH y2@0;
     y1 WITH y3@0;
     y2 WITH y3@0;

     [ y1*-0.24734 ];
     [ y2*-0.08812 ];
     [ y3*0.06056 ];

     y1*1.10612;
     y2*0.91604;
     y3*1.39885;

     %C#2%

     y1 WITH y2@0;
     y1 WITH y3@0;
     y2 WITH y3@0;

     [ y1*2.48538 ];
     [ y2*0.02809 ];
     [ y3*-0.14855 ];

     y1*1.19854;
     y2*0.95575;
     y3*0.89400;

     %C#3%

     y1 WITH y2@0;
     y1 WITH y3@0;
     y2 WITH y3@0;

     [ y1*1.60809 ];
     [ y2*0.67252 ];
     [ y3*2.25565 ];

     y1*1.31250;
     y2*1.13758;
     y3*1.27350;



TECHNICAL 1 OUTPUT


     PARAMETER SPECIFICATION FOR LATENT CLASS 1


           NU
              Y1            Y2            Y3
              ________      ________      ________
                    1             2             3


           THETA
              Y1            Y2            Y3
              ________      ________      ________
 Y1                 4
 Y2                 0             5
 Y3                 0             0             6


     PARAMETER SPECIFICATION FOR LATENT CLASS 2


           NU
              Y1            Y2            Y3
              ________      ________      ________
                    7             8             9


           THETA
              Y1            Y2            Y3
              ________      ________      ________
 Y1                10
 Y2                 0            11
 Y3                 0             0            12


     PARAMETER SPECIFICATION FOR LATENT CLASS 3


           NU
              Y1            Y2            Y3
              ________      ________      ________
                   13            14            15


           THETA
              Y1            Y2            Y3
              ________      ________      ________
 Y1                16
 Y2                 0            17
 Y3                 0             0            18


     PARAMETER SPECIFICATION FOR LATENT CLASS REGRESSION MODEL PART


           ALPHA(C)
              C#1           C#2           C#3
              ________      ________      ________
                   19            20             0


     STARTING VALUES FOR LATENT CLASS 1


           NU
              Y1            Y2            Y3
              ________      ________      ________
               -0.354        -0.168         0.045


           THETA
              Y1            Y2            Y3
              ________      ________      ________
 Y1             1.044
 Y2             0.000         0.913
 Y3             0.000         0.000         1.446


     STARTING VALUES FOR LATENT CLASS 2


           NU
              Y1            Y2            Y3
              ________      ________      ________
                2.828        -0.159        -0.256


           THETA
              Y1            Y2            Y3
              ________      ________      ________
 Y1             0.991
 Y2             0.000         0.819
 Y3             0.000         0.000         0.929


     STARTING VALUES FOR LATENT CLASS 3


           NU
              Y1            Y2            Y3
              ________      ________      ________
                1.566         0.590         1.518


           THETA
              Y1            Y2            Y3
              ________      ________      ________
 Y1             1.206
 Y2             0.000         1.162
 Y3             0.000         0.000         2.466


     STARTING VALUES FOR LATENT CLASS REGRESSION MODEL PART


           ALPHA(C)
              C#1           C#2           C#3
              ________      ________      ________
               -0.686        -0.946         0.000


TECHNICAL 3 OUTPUT


           ESTIMATED COVARIANCE MATRIX FOR PARAMETER ESTIMATES
                     1             2             3             4             5
              ________      ________      ________      ________      ________
        1   0.575429D-01
        2   0.731766D-02  0.984688D-02
        3  -0.174952D-02  0.152667D-02  0.196250D-01
        4   0.476955D-01  0.536172D-02 -0.484050D-02  0.686057D-01
        5  -0.142199D-03  0.134436D-02  0.144425D-02 -0.429646D-03  0.153523D-01
        6  -0.419333D-02  0.102013D-02  0.104577D-01 -0.706153D-02  0.603947D-03
        7   0.430599D-01  0.587417D-02 -0.527122D-02  0.368637D-01 -0.118180D-02
        8   0.513228D-04 -0.524155D-03  0.851216D-03 -0.164932D-03 -0.751139D-04
        9   0.777198D-02  0.219435D-02  0.997323D-03  0.576618D-02  0.326113D-03
       10  -0.484758D-01 -0.729969D-02  0.567789D-02 -0.379007D-01  0.132707D-02
       11   0.454571D-02  0.881997D-03  0.564545D-04  0.350985D-02 -0.143769D-02
       12   0.297748D-02  0.116567D-02  0.261634D-02  0.144208D-02  0.731805D-03
       13   0.710771D-03  0.149490D-02  0.568745D-02 -0.173430D-02  0.764907D-03
       14   0.411725D-02  0.309634D-03  0.261445D-02  0.265337D-02 -0.106228D-03
       15   0.106288D-01  0.463572D-02  0.636831D-02  0.611586D-02  0.202334D-02
       16  -0.184196D-02 -0.258697D-02 -0.737722D-02  0.187430D-02 -0.109376D-02
       17  -0.122551D-02  0.863798D-03 -0.615223D-04 -0.118575D-02 -0.124792D-02
       18  -0.674599D-02 -0.393881D-02 -0.336837D-02 -0.358745D-02 -0.219517D-02
       19   0.502806D-01  0.111087D-01  0.925876D-02  0.398383D-01  0.186834D-02
       20  -0.153889D-01  0.158484D-02  0.124636D-01 -0.186422D-01  0.278367D-02


           ESTIMATED COVARIANCE MATRIX FOR PARAMETER ESTIMATES
                     6             7             8             9            10
              ________      ________      ________      ________      ________
        6   0.457978D-01
        7  -0.671637D-02  0.543198D-01
        8  -0.449133D-03 -0.202758D-02  0.922142D-02
        9  -0.174176D-03  0.353886D-02  0.330522D-02  0.207246D-01
       10   0.835765D-02 -0.559615D-01  0.112701D-02 -0.696791D-02  0.900987D-01
       11  -0.521890D-03  0.287749D-02  0.191758D-02  0.438544D-02 -0.488613D-02
       12  -0.288453D-02 -0.393363D-03  0.300380D-02  0.164041D-01 -0.217603D-02
       13   0.706858D-02 -0.572528D-03 -0.120183D-02 -0.489574D-02  0.109788D-02
       14   0.209502D-02  0.209950D-02 -0.220075D-03  0.519987D-02 -0.325713D-02
       15   0.301747D-03  0.254684D-03  0.719432D-02  0.181221D-01 -0.575711D-02
       16  -0.675001D-02 -0.202701D-02 -0.120763D-02 -0.621111D-02  0.530571D-03
       17  -0.128391D-03 -0.102228D-02  0.113244D-02 -0.179173D-02  0.150804D-02
       18   0.354297D-02  0.448175D-02 -0.856580D-02 -0.148203D-01  0.951212D-03
       19   0.395554D-02  0.383702D-01  0.511979D-02  0.227861D-01 -0.492291D-01
       20   0.790599D-02 -0.270769D-01  0.906417D-02  0.231363D-01  0.249054D-01


           ESTIMATED COVARIANCE MATRIX FOR PARAMETER ESTIMATES
                    11            12            13            14            15
              ________      ________      ________      ________      ________
       11   0.161478D-01
       12   0.351959D-02  0.334353D-01
       13  -0.125968D-02 -0.599616D-02  0.159964D-01
       14   0.107857D-02  0.591625D-02 -0.258090D-03  0.111923D-01
       15   0.731513D-02  0.161508D-01 -0.247172D-02  0.692493D-02  0.447639D-01
       16  -0.134106D-02 -0.707212D-02 -0.302101D-02 -0.383990D-02 -0.109076D-01
       17  -0.241185D-02 -0.261198D-02  0.883127D-03 -0.286686D-02 -0.106004D-02
       18  -0.806658D-02 -0.106104D-01  0.349148D-02 -0.492238D-02 -0.412196D-01
       19   0.945006D-02  0.187327D-01  0.243815D-02  0.109635D-01  0.389858D-01
       20   0.667669D-02  0.262440D-01 -0.421840D-02  0.868970D-02  0.416412D-01


           ESTIMATED COVARIANCE MATRIX FOR PARAMETER ESTIMATES
                    16            17            18            19            20
              ________      ________      ________      ________      ________
       16   0.371692D-01
       17   0.372218D-03  0.217553D-01
       18   0.742191D-02  0.380475D-03  0.741248D-01
       19  -0.168813D-01 -0.226981D-02 -0.335262D-01  0.922310D-01
       20  -0.149819D-01 -0.171006D-02 -0.429436D-01  0.296268D-01  0.800571D-01


           ESTIMATED CORRELATION MATRIX FOR PARAMETER ESTIMATES
                     1             2             3             4             5
              ________      ________      ________      ________      ________
        1       1.000
        2       0.307         1.000
        3      -0.052         0.110         1.000
        4       0.759         0.206        -0.132         1.000
        5      -0.005         0.109         0.083        -0.013         1.000
        6      -0.082         0.048         0.349        -0.126         0.023
        7       0.770         0.254        -0.161         0.604        -0.041
        8       0.002        -0.055         0.063        -0.007        -0.006
        9       0.225         0.154         0.049         0.153         0.018
       10      -0.673        -0.245         0.135        -0.482         0.036
       11       0.149         0.070         0.003         0.105        -0.091
       12       0.068         0.064         0.102         0.030         0.032
       13       0.023         0.119         0.321        -0.052         0.049
       14       0.162         0.029         0.176         0.096        -0.008
       15       0.209         0.221         0.215         0.110         0.077
       16      -0.040        -0.135        -0.273         0.037        -0.046
       17      -0.035         0.059        -0.003        -0.031        -0.068
       18      -0.103        -0.146        -0.088        -0.050        -0.065
       19       0.690         0.369         0.218         0.501         0.050
       20      -0.227         0.056         0.314        -0.252         0.079


           ESTIMATED CORRELATION MATRIX FOR PARAMETER ESTIMATES
                     6             7             8             9            10
              ________      ________      ________      ________      ________
        6       1.000
        7      -0.135         1.000
        8      -0.022        -0.091         1.000
        9      -0.006         0.105         0.239         1.000
       10       0.130        -0.800         0.039        -0.161         1.000
       11      -0.019         0.097         0.157         0.240        -0.128
       12      -0.074        -0.009         0.171         0.623        -0.040
       13       0.261        -0.019        -0.099        -0.269         0.029
       14       0.093         0.085        -0.022         0.341        -0.103
       15       0.007         0.005         0.354         0.595        -0.091
       16      -0.164        -0.045        -0.065        -0.224         0.009
       17      -0.004        -0.030         0.080        -0.084         0.034
       18       0.061         0.071        -0.328        -0.378         0.012
       19       0.061         0.542         0.176         0.521        -0.540
       20       0.131        -0.411         0.334         0.568         0.293


           ESTIMATED CORRELATION MATRIX FOR PARAMETER ESTIMATES
                    11            12            13            14            15
              ________      ________      ________      ________      ________
       11       1.000
       12       0.151         1.000
       13      -0.078        -0.259         1.000
       14       0.080         0.306        -0.019         1.000
       15       0.272         0.417        -0.092         0.309         1.000
       16      -0.055        -0.201        -0.124        -0.188        -0.267
       17      -0.129        -0.097         0.047        -0.184        -0.034
       18      -0.233        -0.213         0.101        -0.171        -0.716
       19       0.245         0.337         0.063         0.341         0.607
       20       0.186         0.507        -0.118         0.290         0.696


           ESTIMATED CORRELATION MATRIX FOR PARAMETER ESTIMATES
                    16            17            18            19            20
              ________      ________      ________      ________      ________
       16       1.000
       17       0.013         1.000
       18       0.141         0.009         1.000
       19      -0.288        -0.051        -0.405         1.000
       20      -0.275        -0.041        -0.557         0.345         1.000


     Beginning Time:  19:34:19
        Ending Time:  19:34:20
       Elapsed Time:  00:00:01



MUTHEN & MUTHEN
3463 Stoner Ave.
Los Angeles, CA  90066

Tel: (310) 391-9971
Fax: (310) 391-8971
Web: www.StatModel.com
Support: Support@StatModel.com

Copyright (c) 1998-2017 Muthen & Muthen
