Mplus VERSION 8
MUTHEN & MUTHEN
10/08/2018   7:34 PM

INPUT INSTRUCTIONS

  TITLE: Code for Naive FMM model for data condition z=1


  DATA:
  FILE = impdf p2 z1 rep1 pm1 pva1_imp_10.dat;


  VARIABLE:
  NAMES = Y1 Y2 Y3  Xcom1 subpop;
  USEV = Y1 Y2 Y3;
  AUXILIARY = subpop;
  CLASSES = c(3);
  MISSING = .;


  ANALYSIS:
  TYPE = MIXTURE;
  Estimator = ML;
  INFORMATION = obs;
  STARTS = 20 8;


  MODEL:


       %OVERALL%

       [ c#1*-0.10298 ];
       [ c#2*0.01522 ];

       %C#1%

       y1 WITH y2@0;
       y1 WITH y3@0;
       y2 WITH y3@0;

       [ y1*-0.24734 ];
       [ y2*-0.08812 ];
       [ y3*0.06056 ];

       y1*1.10612;
       y2*0.91604;
       y3*1.39885;

       %C#2%

       y1 WITH y2@0;
       y1 WITH y3@0;
       y2 WITH y3@0;

       [ y1*2.48538 ];
       [ y2*0.02809 ];
       [ y3*-0.14855 ];

       y1*1.19854;
       y2*0.95575;
       y3*0.89400;

       %C#3%

       y1 WITH y2@0;
       y1 WITH y3@0;
       y2 WITH y3@0;

       [ y1*1.60809 ];
       [ y2*0.67252 ];
       [ y3*2.25565 ];

       y1*1.31250;
       y2*1.13758;
       y3*1.27350;




  OUTPUT:
  tech1;
  svalues;
  tech3;


  SAVEDATA:



*** WARNING in MODEL command
  All variables are uncorrelated with all other variables within class.
  Check that this is what is intended.
   1 WARNING(S) FOUND IN THE INPUT INSTRUCTIONS



Code for Naive FMM model for data condition z=1

SUMMARY OF ANALYSIS

Number of groups                                                 1
Number of observations                                         500

Number of dependent variables                                    3
Number of independent variables                                  0
Number of continuous latent variables                            0
Number of categorical latent variables                           1

Observed dependent variables

  Continuous
   Y1          Y2          Y3

Observed auxiliary variables
   SUBPOP

Categorical latent variables
   C


Estimator                                                       ML
Information matrix                                        OBSERVED
Optimization Specifications for the Quasi-Newton Algorithm for
Continuous Outcomes
  Maximum number of iterations                                 100
  Convergence criterion                                  0.100D-05
Optimization Specifications for the EM Algorithm
  Maximum number of iterations                                 500
  Convergence criteria
    Loglikelihood change                                 0.100D-06
    Relative loglikelihood change                        0.100D-06
    Derivative                                           0.100D-05
Optimization Specifications for the M step of the EM Algorithm for
Categorical Latent variables
  Number of M step iterations                                    1
  M step convergence criterion                           0.100D-05
  Basis for M step termination                           ITERATION
Optimization Specifications for the M step of the EM Algorithm for
Censored, Binary or Ordered Categorical (Ordinal), Unordered
Categorical (Nominal) and Count Outcomes
  Number of M step iterations                                    1
  M step convergence criterion                           0.100D-05
  Basis for M step termination                           ITERATION
  Maximum value for logit thresholds                            15
  Minimum value for logit thresholds                           -15
  Minimum expected cell size for chi-square              0.100D-01
Maximum number of iterations for H1                           2000
Convergence criterion for H1                             0.100D-03
Optimization algorithm                                         EMA
Random Starts Specifications
  Number of initial stage random starts                         20
  Number of final stage optimizations                            8
  Number of initial stage iterations                            10
  Initial stage convergence criterion                    0.100D+01
  Random starts scale                                    0.500D+01
  Random seed for generating random starts                       0

Input data file(s)
  impdf p2 z1 rep1 pm1 pva1_imp_10.dat
Input data format  FREE


SUMMARY OF DATA

     Number of missing data patterns             1
     Number of y missing data patterns           1
     Number of u missing data patterns           0


COVARIANCE COVERAGE OF DATA

Minimum covariance coverage value   0.100


     PROPORTION OF DATA PRESENT FOR Y


           Covariance Coverage
              Y1            Y2            Y3
              ________      ________      ________
 Y1             1.000
 Y2             1.000         1.000
 Y3             1.000         1.000         1.000



UNIVARIATE SAMPLE STATISTICS


     UNIVARIATE HIGHER-ORDER MOMENT DESCRIPTIVE STATISTICS

         Variable/         Mean/     Skewness/   Minimum/ % with                Percentiles
        Sample Size      Variance    Kurtosis    Maximum  Min/Max      20%/60%    40%/80%    Median

     Y1                    1.333      -0.187      -2.760    0.20%      -0.105      1.031      1.432
             500.000       2.360      -0.375       5.162    0.20%       1.860      2.687
     Y2                    0.224       0.050      -2.748    0.20%      -0.616     -0.066      0.224
             500.000       1.080      -0.073       3.570    0.20%       0.484      1.073
     Y3                    0.695       0.269      -2.828    0.20%      -0.700      0.136      0.551
             500.000       2.464      -0.398       5.504    0.20%       1.032      2.073

RANDOM STARTS RESULTS RANKED FROM THE BEST TO THE WORST LOGLIKELIHOOD VALUES

2 perturbed starting value run(s) did not converge in the initial stage
optimizations.

Final stage loglikelihood values at local maxima, seeds, and initial stage start numbers:

           -2537.726  107446           12
           -2537.726  903420           5
           -2537.726  unperturbed      0
           -2537.726  253358           2
           -2537.726  76974            16
           -2537.726  93468            3
           -2537.726  27071            15
           -2537.726  285380           1



THE BEST LOGLIKELIHOOD VALUE HAS BEEN REPLICATED.  RERUN WITH AT LEAST TWICE THE
RANDOM STARTS TO CHECK THAT THE BEST LOGLIKELIHOOD IS STILL OBTAINED AND REPLICATED.


THE MODEL ESTIMATION TERMINATED NORMALLY



MODEL FIT INFORMATION

Number of Free Parameters                       20

Loglikelihood

          H0 Value                       -2537.726

Information Criteria

          Akaike (AIC)                    5115.453
          Bayesian (BIC)                  5199.745
          Sample-Size Adjusted BIC        5136.264
            (n* = (n + 2) / 24)



FINAL CLASS COUNTS AND PROPORTIONS FOR THE LATENT CLASSES
BASED ON THE ESTIMATED MODEL

    Latent
   Classes

       1        144.80100          0.28960
       2        195.60588          0.39121
       3        159.59312          0.31919


FINAL CLASS COUNTS AND PROPORTIONS FOR THE LATENT CLASSES
BASED ON ESTIMATED POSTERIOR PROBABILITIES

    Latent
   Classes

       1        144.80100          0.28960
       2        195.60588          0.39121
       3        159.59313          0.31919


FINAL CLASS COUNTS AND PROPORTIONS FOR THE LATENT CLASSES
BASED ON THEIR MOST LIKELY LATENT CLASS MEMBERSHIP

Class Counts and Proportions

    Latent
   Classes

       1              142          0.28400
       2              192          0.38400
       3              166          0.33200


CLASSIFICATION QUALITY

     Entropy                         0.630


Average Latent Class Probabilities for Most Likely Latent Class Membership (Row)
by Latent Class (Column)

           1        2        3

    1   0.849    0.095    0.056
    2   0.062    0.853    0.085
    3   0.074    0.111    0.815


Classification Probabilities for the Most Likely Latent Class Membership (Column)
by Latent Class (Row)

           1        2        3

    1   0.833    0.083    0.085
    2   0.069    0.837    0.094
    3   0.050    0.102    0.848


Logits for the Classification Probabilities for the Most Likely Latent Class Membership (Column)
by Latent Class (Row)

              1        2        3

    1      2.288   -0.020    0.000
    2     -0.312    2.184    0.000
    3     -2.836   -2.115    0.000


MODEL RESULTS

                                                    Two-Tailed
                    Estimate       S.E.  Est./S.E.    P-Value

Latent Class 1

 Y1       WITH
    Y2                 0.000      0.000    999.000    999.000
    Y3                 0.000      0.000    999.000    999.000

 Y2       WITH
    Y3                 0.000      0.000    999.000    999.000

 Means
    Y1                -0.327      0.237     -1.378      0.168
    Y2                -0.190      0.102     -1.869      0.062
    Y3                 0.032      0.153      0.213      0.832

 Variances
    Y1                 1.041      0.243      4.282      0.000
    Y2                 0.827      0.112      7.349      0.000
    Y3                 1.490      0.255      5.853      0.000

Latent Class 2

 Y1       WITH
    Y2                 0.000      0.000    999.000    999.000
    Y3                 0.000      0.000    999.000    999.000

 Y2       WITH
    Y3                 0.000      0.000    999.000    999.000

 Means
    Y1                 2.415      0.232     10.398      0.000
    Y2                 0.086      0.087      0.991      0.322
    Y3                -0.099      0.168     -0.592      0.554

 Variances
    Y1                 1.173      0.293      4.008      0.000
    Y2                 0.938      0.108      8.717      0.000
    Y3                 1.197      0.246      4.860      0.000

Latent Class 3

 Y1       WITH
    Y2                 0.000      0.000    999.000    999.000
    Y3                 0.000      0.000    999.000    999.000

 Y2       WITH
    Y3                 0.000      0.000    999.000    999.000

 Means
    Y1                 1.512      0.126     11.993      0.000
    Y2                 0.768      0.117      6.534      0.000
    Y3                 2.270      0.196     11.580      0.000

 Variances
    Y1                 1.046      0.193      5.408      0.000
    Y2                 1.011      0.141      7.153      0.000
    Y3                 1.251      0.250      5.015      0.000

Categorical Latent Variables

 Means
    C#1               -0.097      0.285     -0.341      0.733
    C#2                0.203      0.322      0.631      0.528


QUALITY OF NUMERICAL RESULTS

     Condition Number for the Information Matrix              0.147E-01
       (ratio of smallest to largest eigenvalue)


MODEL COMMAND WITH FINAL ESTIMATES USED AS STARTING VALUES

     %OVERALL%

     [ c#1*-0.09727 ];
     [ c#2*0.20347 ];

     %C#1%

     y1 WITH y2@0;
     y1 WITH y3@0;
     y2 WITH y3@0;

     [ y1*-0.32667 ];
     [ y2*-0.19002 ];
     [ y3*0.03246 ];

     y1*1.04062;
     y2*0.82660;
     y3*1.48963;

     %C#2%

     y1 WITH y2@0;
     y1 WITH y3@0;
     y2 WITH y3@0;

     [ y1*2.41455 ];
     [ y2*0.08629 ];
     [ y3*-0.09950 ];

     y1*1.17343;
     y2*0.93795;
     y3*1.19686;

     %C#3%

     y1 WITH y2@0;
     y1 WITH y3@0;
     y2 WITH y3@0;

     [ y1*1.51176 ];
     [ y2*0.76757 ];
     [ y3*2.26956 ];

     y1*1.04609;
     y2*1.01121;
     y3*1.25134;



TECHNICAL 1 OUTPUT


     PARAMETER SPECIFICATION FOR LATENT CLASS 1


           NU
              Y1            Y2            Y3
              ________      ________      ________
                    1             2             3


           THETA
              Y1            Y2            Y3
              ________      ________      ________
 Y1                 4
 Y2                 0             5
 Y3                 0             0             6


     PARAMETER SPECIFICATION FOR LATENT CLASS 2


           NU
              Y1            Y2            Y3
              ________      ________      ________
                    7             8             9


           THETA
              Y1            Y2            Y3
              ________      ________      ________
 Y1                10
 Y2                 0            11
 Y3                 0             0            12


     PARAMETER SPECIFICATION FOR LATENT CLASS 3


           NU
              Y1            Y2            Y3
              ________      ________      ________
                   13            14            15


           THETA
              Y1            Y2            Y3
              ________      ________      ________
 Y1                16
 Y2                 0            17
 Y3                 0             0            18


     PARAMETER SPECIFICATION FOR LATENT CLASS REGRESSION MODEL PART


           ALPHA(C)
              C#1           C#2           C#3
              ________      ________      ________
                   19            20             0


     STARTING VALUES FOR LATENT CLASS 1


           NU
              Y1            Y2            Y3
              ________      ________      ________
               -0.247        -0.088         0.061


           THETA
              Y1            Y2            Y3
              ________      ________      ________
 Y1             1.106
 Y2             0.000         0.916
 Y3             0.000         0.000         1.399


     STARTING VALUES FOR LATENT CLASS 2


           NU
              Y1            Y2            Y3
              ________      ________      ________
                2.485         0.028        -0.149


           THETA
              Y1            Y2            Y3
              ________      ________      ________
 Y1             1.199
 Y2             0.000         0.956
 Y3             0.000         0.000         0.894


     STARTING VALUES FOR LATENT CLASS 3


           NU
              Y1            Y2            Y3
              ________      ________      ________
                1.608         0.673         2.256


           THETA
              Y1            Y2            Y3
              ________      ________      ________
 Y1             1.312
 Y2             0.000         1.138
 Y3             0.000         0.000         1.273


     STARTING VALUES FOR LATENT CLASS REGRESSION MODEL PART


           ALPHA(C)
              C#1           C#2           C#3
              ________      ________      ________
               -0.103         0.015         0.000


TECHNICAL 3 OUTPUT


           ESTIMATED COVARIANCE MATRIX FOR PARAMETER ESTIMATES
                     1             2             3             4             5
              ________      ________      ________      ________      ________
        1   0.562141D-01
        2   0.102863D-01  0.103401D-01
        3   0.222523D-02  0.802031D-03  0.232759D-01
        4   0.428492D-01  0.772110D-02 -0.122402D-02  0.590529D-01
        5   0.155919D-02  0.149053D-02  0.117737D-02  0.611240D-03  0.126528D-01
        6   0.466093D-02  0.131663D-02  0.160243D-01 -0.854982D-03  0.118959D-02
        7   0.423895D-01  0.930618D-02 -0.282349D-02  0.333550D-01  0.107593D-02
        8  -0.130895D-02 -0.838703D-03  0.594664D-03 -0.899751D-03 -0.182676D-03
        9  -0.264564D-02  0.316480D-03  0.302768D-02 -0.308138D-02  0.334112D-03
       10  -0.481593D-01 -0.112610D-01  0.379407D-02 -0.353973D-01 -0.151988D-02
       11   0.400694D-02  0.103341D-02 -0.546682D-03  0.341616D-02 -0.824160D-03
       12  -0.649030D-02 -0.884822D-03  0.545308D-02 -0.644952D-02  0.323725D-03
       13   0.494968D-02  0.156126D-02  0.503448D-02  0.229263D-02  0.752413D-03
       14   0.325048D-02  0.274051D-03  0.616634D-02  0.122801D-02  0.176233D-03
       15  -0.136940D-02  0.142639D-02  0.619610D-02 -0.249474D-02  0.122535D-02
       16  -0.176577D-02 -0.197719D-02 -0.944535D-02  0.228534D-02 -0.111588D-02
       17  -0.376249D-02  0.468038D-03 -0.319126D-02 -0.230580D-02 -0.677996D-03
       18   0.368285D-02 -0.932726D-03 -0.177908D-02  0.329700D-02 -0.108875D-02
       19   0.421054D-01  0.110852D-01  0.142589D-01  0.309788D-01  0.308409D-02
       20  -0.286550D-01 -0.423209D-02  0.134768D-01 -0.267052D-01  0.872463D-03


           ESTIMATED COVARIANCE MATRIX FOR PARAMETER ESTIMATES
                     6             7             8             9            10
              ________      ________      ________      ________      ________
        6   0.647790D-01
        7  -0.202507D-03  0.539208D-01
        8  -0.749132D-03 -0.332891D-02  0.758218D-02
        9   0.356256D-02 -0.824027D-02  0.405168D-02  0.282838D-01
       10   0.155643D-02 -0.559231D-01  0.274878D-02  0.733047D-02  0.857242D-01
       11  -0.801292D-04  0.370253D-02  0.795135D-04 -0.100273D-02 -0.463407D-02
       12   0.812522D-03 -0.114445D-01  0.453418D-02  0.286210D-01  0.121579D-01
       13   0.831091D-02  0.353552D-02 -0.190085D-02 -0.836689D-02 -0.352021D-02
       14   0.823009D-02 -0.948960D-03  0.328855D-03  0.825155D-02  0.782788D-03
       15   0.238793D-02 -0.124800D-01  0.600087D-02  0.180916D-01  0.100162D-01
       16  -0.124452D-01 -0.515299D-03 -0.155936D-02 -0.134987D-01 -0.254713D-02
       17  -0.621222D-02 -0.305858D-02  0.174268D-02  0.668949D-03  0.284988D-02
       18   0.386228D-02  0.140639D-01 -0.593467D-02 -0.993091D-02 -0.112126D-01
       19   0.177684D-01  0.286078D-01  0.365916D-02  0.191562D-01 -0.366547D-01
       20   0.109014D-01 -0.434819D-01  0.955910D-02  0.374798D-01  0.456780D-01


           ESTIMATED COVARIANCE MATRIX FOR PARAMETER ESTIMATES
                    11            12            13            14            15
              ________      ________      ________      ________      ________
       11   0.115781D-01
       12  -0.240651D-02  0.606525D-01
       13   0.663788D-03 -0.119336D-01  0.158904D-01
       14  -0.656842D-03  0.107982D-01 -0.420072D-03  0.138003D-01
       15  -0.243775D-03  0.180078D-01 -0.471420D-02  0.825081D-02  0.384104D-01
       16   0.107039D-02 -0.194732D-01  0.195307D-02 -0.835125D-02 -0.110926D-01
       17  -0.125636D-02  0.428958D-03 -0.215794D-02 -0.369945D-02  0.192373D-02
       18  -0.384816D-03 -0.495063D-02  0.336528D-02 -0.393917D-02 -0.309489D-01
       19   0.264866D-02  0.203089D-01  0.171786D-02  0.146297D-01  0.250621D-01
       20  -0.365712D-02  0.470694D-01 -0.117433D-01  0.155769D-01  0.444747D-01


           ESTIMATED COVARIANCE MATRIX FOR PARAMETER ESTIMATES
                    16            17            18            19            20
              ________      ________      ________      ________      ________
       16   0.374124D-01
       17   0.153509D-02  0.199842D-01
       18   0.334090D-02 -0.362228D-02  0.622577D-01
       19  -0.213410D-01 -0.409939D-02 -0.159155D-01  0.814670D-01
       20  -0.240137D-01  0.237461D-02 -0.361215D-01  0.272500D-01  0.103843D+00


           ESTIMATED CORRELATION MATRIX FOR PARAMETER ESTIMATES
                     1             2             3             4             5
              ________      ________      ________      ________      ________
        1       1.000
        2       0.427         1.000
        3       0.062         0.052         1.000
        4       0.744         0.312        -0.033         1.000
        5       0.058         0.130         0.069         0.022         1.000
        6       0.077         0.051         0.413        -0.014         0.042
        7       0.770         0.394        -0.080         0.591         0.041
        8      -0.063        -0.095         0.045        -0.043        -0.019
        9      -0.066         0.019         0.118        -0.075         0.018
       10      -0.694        -0.378         0.085        -0.498        -0.046
       11       0.157         0.094        -0.033         0.131        -0.068
       12      -0.111        -0.035         0.145        -0.108         0.012
       13       0.166         0.122         0.262         0.075         0.053
       14       0.117         0.023         0.344         0.043         0.013
       15      -0.029         0.072         0.207        -0.052         0.056
       16      -0.039        -0.101        -0.320         0.049        -0.051
       17      -0.112         0.033        -0.148        -0.067        -0.043
       18       0.062        -0.037        -0.047         0.054        -0.039
       19       0.622         0.382         0.327         0.447         0.096
       20      -0.375        -0.129         0.274        -0.341         0.024


           ESTIMATED CORRELATION MATRIX FOR PARAMETER ESTIMATES
                     6             7             8             9            10
              ________      ________      ________      ________      ________
        6       1.000
        7      -0.003         1.000
        8      -0.034        -0.165         1.000
        9       0.083        -0.211         0.277         1.000
       10       0.021        -0.823         0.108         0.149         1.000
       11      -0.003         0.148         0.008        -0.055        -0.147
       12       0.013        -0.200         0.211         0.691         0.169
       13       0.259         0.121        -0.173        -0.395        -0.095
       14       0.275        -0.035         0.032         0.418         0.023
       15       0.048        -0.274         0.352         0.549         0.175
       16      -0.253        -0.011        -0.093        -0.415        -0.045
       17      -0.173        -0.093         0.142         0.028         0.069
       18       0.061         0.243        -0.273        -0.237        -0.153
       19       0.245         0.432         0.147         0.399        -0.439
       20       0.133        -0.581         0.341         0.692         0.484


           ESTIMATED CORRELATION MATRIX FOR PARAMETER ESTIMATES
                    11            12            13            14            15
              ________      ________      ________      ________      ________
       11       1.000
       12      -0.091         1.000
       13       0.049        -0.384         1.000
       14      -0.052         0.373        -0.028         1.000
       15      -0.012         0.373        -0.191         0.358         1.000
       16       0.051        -0.409         0.080        -0.368        -0.293
       17      -0.083         0.012        -0.121        -0.223         0.069
       18      -0.014        -0.081         0.107        -0.134        -0.633
       19       0.086         0.289         0.048         0.436         0.448
       20      -0.105         0.593        -0.289         0.411         0.704


           ESTIMATED CORRELATION MATRIX FOR PARAMETER ESTIMATES
                    16            17            18            19            20
              ________      ________      ________      ________      ________
       16       1.000
       17       0.056         1.000
       18       0.069        -0.103         1.000
       19      -0.387        -0.102        -0.223         1.000
       20      -0.385         0.052        -0.449         0.296         1.000


     Beginning Time:  19:34:20
        Ending Time:  19:34:21
       Elapsed Time:  00:00:01



MUTHEN & MUTHEN
3463 Stoner Ave.
Los Angeles, CA  90066

Tel: (310) 391-9971
Fax: (310) 391-8971
Web: www.StatModel.com
Support: Support@StatModel.com

Copyright (c) 1998-2017 Muthen & Muthen
