Mplus VERSION 8
MUTHEN & MUTHEN
10/08/2018   7:34 PM

INPUT INSTRUCTIONS

  TITLE: Code for Naive FMM model for data condition z=1


  DATA:
  FILE = impdf p2 z1 rep1 pm1 pva1_imp_30.dat;


  VARIABLE:
  NAMES = Y1 Y2 Y3  Xcom1 subpop;
  USEV = Y1 Y2 Y3;
  AUXILIARY = subpop;
  CLASSES = c(3);
  MISSING = .;


  ANALYSIS:
  TYPE = MIXTURE;
  Estimator = ML;
  INFORMATION = obs;
  STARTS = 20 8;


  MODEL:


       %OVERALL%

       [ c#1*-0.18157 ];
       [ c#2*0.06986 ];

       %C#1%

       y1 WITH y2@0;
       y1 WITH y3@0;
       y2 WITH y3@0;

       [ y1*1.60667 ];
       [ y2*0.66057 ];
       [ y3*2.47560 ];

       y1*1.08398;
       y2*1.15851;
       y3*1.07278;

       %C#2%

       y1 WITH y2@0;
       y1 WITH y3@0;
       y2 WITH y3@0;

       [ y1*-0.08256 ];
       [ y2*0.06939 ];
       [ y3*0.07964 ];

       y1*1.16530;
       y2*1.18812;
       y3*1.45577;

       %C#3%

       y1 WITH y2@0;
       y1 WITH y3@0;
       y2 WITH y3@0;

       [ y1*2.54011 ];
       [ y2*0.00157 ];
       [ y3*-0.06197 ];

       y1*1.17861;
       y2*0.83367;
       y3*0.86765;




  OUTPUT:
  tech1;
  svalues;
  tech3;


  SAVEDATA:



*** WARNING in MODEL command
  All variables are uncorrelated with all other variables within class.
  Check that this is what is intended.
   1 WARNING(S) FOUND IN THE INPUT INSTRUCTIONS



Code for Naive FMM model for data condition z=1

SUMMARY OF ANALYSIS

Number of groups                                                 1
Number of observations                                         500

Number of dependent variables                                    3
Number of independent variables                                  0
Number of continuous latent variables                            0
Number of categorical latent variables                           1

Observed dependent variables

  Continuous
   Y1          Y2          Y3

Observed auxiliary variables
   SUBPOP

Categorical latent variables
   C


Estimator                                                       ML
Information matrix                                        OBSERVED
Optimization Specifications for the Quasi-Newton Algorithm for
Continuous Outcomes
  Maximum number of iterations                                 100
  Convergence criterion                                  0.100D-05
Optimization Specifications for the EM Algorithm
  Maximum number of iterations                                 500
  Convergence criteria
    Loglikelihood change                                 0.100D-06
    Relative loglikelihood change                        0.100D-06
    Derivative                                           0.100D-05
Optimization Specifications for the M step of the EM Algorithm for
Categorical Latent variables
  Number of M step iterations                                    1
  M step convergence criterion                           0.100D-05
  Basis for M step termination                           ITERATION
Optimization Specifications for the M step of the EM Algorithm for
Censored, Binary or Ordered Categorical (Ordinal), Unordered
Categorical (Nominal) and Count Outcomes
  Number of M step iterations                                    1
  M step convergence criterion                           0.100D-05
  Basis for M step termination                           ITERATION
  Maximum value for logit thresholds                            15
  Minimum value for logit thresholds                           -15
  Minimum expected cell size for chi-square              0.100D-01
Maximum number of iterations for H1                           2000
Convergence criterion for H1                             0.100D-03
Optimization algorithm                                         EMA
Random Starts Specifications
  Number of initial stage random starts                         20
  Number of final stage optimizations                            8
  Number of initial stage iterations                            10
  Initial stage convergence criterion                    0.100D+01
  Random starts scale                                    0.500D+01
  Random seed for generating random starts                       0

Input data file(s)
  impdf p2 z1 rep1 pm1 pva1_imp_30.dat
Input data format  FREE


SUMMARY OF DATA

     Number of missing data patterns             1
     Number of y missing data patterns           1
     Number of u missing data patterns           0


COVARIANCE COVERAGE OF DATA

Minimum covariance coverage value   0.100


     PROPORTION OF DATA PRESENT FOR Y


           Covariance Coverage
              Y1            Y2            Y3
              ________      ________      ________
 Y1             1.000
 Y2             1.000         1.000
 Y3             1.000         1.000         1.000



UNIVARIATE SAMPLE STATISTICS


     UNIVARIATE HIGHER-ORDER MOMENT DESCRIPTIVE STATISTICS

         Variable/         Mean/     Skewness/   Minimum/ % with                Percentiles
        Sample Size      Variance    Kurtosis    Maximum  Min/Max      20%/60%    40%/80%    Median

     Y1                    1.272      -0.134      -2.760    0.20%      -0.116      0.874      1.323
             500.000       2.419      -0.413       5.162    0.20%       1.726      2.687
     Y2                    0.225       0.057      -2.748    0.20%      -0.638     -0.005      0.219
             500.000       1.108      -0.003       3.570    0.20%       0.472      1.026
     Y3                    0.765       0.255      -2.828    0.20%      -0.622      0.153      0.606
             500.000       2.518      -0.416       5.504    0.20%       1.107      2.257

RANDOM STARTS RESULTS RANKED FROM THE BEST TO THE WORST LOGLIKELIHOOD VALUES

1 perturbed starting value run(s) did not converge in the initial stage
optimizations.

Final stage loglikelihood values at local maxima, seeds, and initial stage start numbers:

           -2561.000  399671           13
           -2561.000  573096           20
           -2561.000  851945           18
           -2561.000  462953           7
           -2561.000  903420           5
           -2561.000  unperturbed      0
           -2561.000  76974            16
           -2561.703  650371           14



THE BEST LOGLIKELIHOOD VALUE HAS BEEN REPLICATED.  RERUN WITH AT LEAST TWICE THE
RANDOM STARTS TO CHECK THAT THE BEST LOGLIKELIHOOD IS STILL OBTAINED AND REPLICATED.


THE MODEL ESTIMATION TERMINATED NORMALLY



MODEL FIT INFORMATION

Number of Free Parameters                       20

Loglikelihood

          H0 Value                       -2561.000

Information Criteria

          Akaike (AIC)                    5161.999
          Bayesian (BIC)                  5246.292
          Sample-Size Adjusted BIC        5182.810
            (n* = (n + 2) / 24)



FINAL CLASS COUNTS AND PROPORTIONS FOR THE LATENT CLASSES
BASED ON THE ESTIMATED MODEL

    Latent
   Classes

       1        132.59527          0.26519
       2        183.61871          0.36724
       3        183.78602          0.36757


FINAL CLASS COUNTS AND PROPORTIONS FOR THE LATENT CLASSES
BASED ON ESTIMATED POSTERIOR PROBABILITIES

    Latent
   Classes

       1        132.59527          0.26519
       2        183.61872          0.36724
       3        183.78602          0.36757


FINAL CLASS COUNTS AND PROPORTIONS FOR THE LATENT CLASSES
BASED ON THEIR MOST LIKELY LATENT CLASS MEMBERSHIP

Class Counts and Proportions

    Latent
   Classes

       1              139          0.27800
       2              184          0.36800
       3              177          0.35400


CLASSIFICATION QUALITY

     Entropy                         0.651


Average Latent Class Probabilities for Most Likely Latent Class Membership (Row)
by Latent Class (Column)

           1        2        3

    1   0.822    0.081    0.097
    2   0.043    0.858    0.098
    3   0.059    0.082    0.859


Classification Probabilities for the Most Likely Latent Class Membership (Column)
by Latent Class (Row)

           1        2        3

    1   0.862    0.060    0.078
    2   0.061    0.860    0.079
    3   0.074    0.099    0.828


Logits for the Classification Probabilities for the Most Likely Latent Class Membership (Column)
by Latent Class (Row)

              1        2        3

    1      2.398   -0.266    0.000
    2     -0.257    2.389    0.000
    3     -2.419   -2.128    0.000


MODEL RESULTS

                                                    Two-Tailed
                    Estimate       S.E.  Est./S.E.    P-Value

Latent Class 1

 Y1       WITH
    Y2                 0.000      0.000    999.000    999.000
    Y3                 0.000      0.000    999.000    999.000

 Y2       WITH
    Y3                 0.000      0.000    999.000    999.000

 Means
    Y1                 1.484      0.241      6.156      0.000
    Y2                 0.741      0.241      3.081      0.002
    Y3                 2.616      0.229     11.408      0.000

 Variances
    Y1                 1.056      0.404      2.614      0.009
    Y2                 1.216      0.227      5.355      0.000
    Y3                 0.968      0.181      5.332      0.000

Latent Class 2

 Y1       WITH
    Y2                 0.000      0.000    999.000    999.000
    Y3                 0.000      0.000    999.000    999.000

 Y2       WITH
    Y3                 0.000      0.000    999.000    999.000

 Means
    Y1                -0.135      0.314     -0.430      0.667
    Y2                -0.079      0.106     -0.747      0.455
    Y3                 0.115      0.130      0.880      0.379

 Variances
    Y1                 1.182      0.317      3.724      0.000
    Y2                 0.882      0.114      7.761      0.000
    Y3                 1.510      0.210      7.205      0.000

Latent Class 3

 Y1       WITH
    Y2                 0.000      0.000    999.000    999.000
    Y3                 0.000      0.000    999.000    999.000

 Y2       WITH
    Y3                 0.000      0.000    999.000    999.000

 Means
    Y1                 2.525      0.320      7.889      0.000
    Y2                 0.155      0.092      1.688      0.091
    Y3                 0.078      0.403      0.194      0.846

 Variances
    Y1                 1.057      0.364      2.901      0.004
    Y2                 0.965      0.130      7.432      0.000
    Y3                 1.276      0.629      2.028      0.043

Categorical Latent Variables

 Means
    C#1               -0.326      0.450     -0.725      0.468
    C#2               -0.001      0.414     -0.002      0.998


QUALITY OF NUMERICAL RESULTS

     Condition Number for the Information Matrix              0.664E-04
       (ratio of smallest to largest eigenvalue)


MODEL COMMAND WITH FINAL ESTIMATES USED AS STARTING VALUES

     %OVERALL%

     [ c#1*-0.32647 ];
     [ c#2*-0.00091 ];

     %C#1%

     y1 WITH y2@0;
     y1 WITH y3@0;
     y2 WITH y3@0;

     [ y1*1.48400 ];
     [ y2*0.74112 ];
     [ y3*2.61606 ];

     y1*1.05578;
     y2*1.21637;
     y3*0.96762;

     %C#2%

     y1 WITH y2@0;
     y1 WITH y3@0;
     y2 WITH y3@0;

     [ y1*-0.13520 ];
     [ y2*-0.07939 ];
     [ y3*0.11466 ];

     y1*1.18151;
     y2*0.88237;
     y3*1.51046;

     %C#3%

     y1 WITH y2@0;
     y1 WITH y3@0;
     y2 WITH y3@0;

     [ y1*2.52533 ];
     [ y2*0.15540 ];
     [ y3*0.07814 ];

     y1*1.05707;
     y2*0.96455;
     y3*1.27632;



TECHNICAL 1 OUTPUT


     PARAMETER SPECIFICATION FOR LATENT CLASS 1


           NU
              Y1            Y2            Y3
              ________      ________      ________
                    1             2             3


           THETA
              Y1            Y2            Y3
              ________      ________      ________
 Y1                 4
 Y2                 0             5
 Y3                 0             0             6


     PARAMETER SPECIFICATION FOR LATENT CLASS 2


           NU
              Y1            Y2            Y3
              ________      ________      ________
                    7             8             9


           THETA
              Y1            Y2            Y3
              ________      ________      ________
 Y1                10
 Y2                 0            11
 Y3                 0             0            12


     PARAMETER SPECIFICATION FOR LATENT CLASS 3


           NU
              Y1            Y2            Y3
              ________      ________      ________
                   13            14            15


           THETA
              Y1            Y2            Y3
              ________      ________      ________
 Y1                16
 Y2                 0            17
 Y3                 0             0            18


     PARAMETER SPECIFICATION FOR LATENT CLASS REGRESSION MODEL PART


           ALPHA(C)
              C#1           C#2           C#3
              ________      ________      ________
                   19            20             0


     STARTING VALUES FOR LATENT CLASS 1


           NU
              Y1            Y2            Y3
              ________      ________      ________
                1.607         0.661         2.476


           THETA
              Y1            Y2            Y3
              ________      ________      ________
 Y1             1.084
 Y2             0.000         1.159
 Y3             0.000         0.000         1.073


     STARTING VALUES FOR LATENT CLASS 2


           NU
              Y1            Y2            Y3
              ________      ________      ________
               -0.083         0.069         0.080


           THETA
              Y1            Y2            Y3
              ________      ________      ________
 Y1             1.165
 Y2             0.000         1.188
 Y3             0.000         0.000         1.456


     STARTING VALUES FOR LATENT CLASS 3


           NU
              Y1            Y2            Y3
              ________      ________      ________
                2.540         0.002        -0.062


           THETA
              Y1            Y2            Y3
              ________      ________      ________
 Y1             1.179
 Y2             0.000         0.834
 Y3             0.000         0.000         0.868


     STARTING VALUES FOR LATENT CLASS REGRESSION MODEL PART


           ALPHA(C)
              C#1           C#2           C#3
              ________      ________      ________
               -0.182         0.070         0.000


TECHNICAL 3 OUTPUT


           ESTIMATED COVARIANCE MATRIX FOR PARAMETER ESTIMATES
                     1             2             3             4             5
              ________      ________      ________      ________      ________
        1   0.581097D-01
        2  -0.437055D-01  0.578475D-01
        3  -0.361944D-01  0.404415D-01  0.525845D-01
        4   0.732918D-01 -0.783842D-01 -0.692331D-01  0.163128D+00
        5   0.290087D-01 -0.321131D-01 -0.222235D-01  0.476716D-01  0.516002D-01
        6   0.131807D-02 -0.328213D-02 -0.154756D-01  0.611169D-02 -0.150581D-02
        7  -0.318851D-01  0.367653D-01  0.311568D-01 -0.586758D-01 -0.240648D-01
        8  -0.674482D-02  0.847192D-02  0.878223D-02 -0.159801D-01 -0.467708D-02
        9  -0.185480D-02  0.796823D-02  0.938202D-02 -0.148747D-01 -0.304504D-02
       10  -0.280926D-01  0.302737D-01  0.246256D-01 -0.474565D-01 -0.203076D-01
       11  -0.325246D-02  0.422647D-02  0.445364D-02 -0.828517D-02 -0.352264D-02
       12  -0.187804D-02  0.107265D-01  0.932905D-02 -0.193370D-01 -0.515080D-02
       13  -0.326113D-01  0.354285D-01  0.265125D-01 -0.597628D-01 -0.248262D-01
       14   0.600033D-02 -0.754422D-02 -0.398298D-02  0.111826D-01  0.620531D-02
       15  -0.825315D-01  0.831606D-01  0.736658D-01 -0.141186D+00 -0.519358D-01
       16   0.338991D-01 -0.370494D-01 -0.286599D-01  0.597283D-01  0.263088D-01
       17  -0.107975D-01  0.111928D-01  0.971128D-02 -0.176712D-01 -0.100745D-01
       18  -0.129291D+00  0.128640D+00  0.110515D+00 -0.219867D+00 -0.805700D-01
       19   0.770116D-01 -0.802539D-01 -0.799505D-01  0.138908D+00  0.459288D-01
       20  -0.117466D-01  0.201708D-01  0.137315D-01 -0.314889D-01 -0.148785D-01


           ESTIMATED COVARIANCE MATRIX FOR PARAMETER ESTIMATES
                     6             7             8             9            10
              ________      ________      ________      ________      ________
        6   0.329273D-01
        7  -0.221425D-02  0.986954D-01
        8  -0.159556D-02  0.201563D-01  0.113047D-01
        9  -0.278496D-02 -0.122860D-02  0.894149D-03  0.169673D-01
       10  -0.787650D-03  0.850089D-01  0.170235D-01 -0.330554D-02  0.100652D+00
       11  -0.802436D-03  0.914094D-02  0.314549D-02  0.694041D-03  0.781069D-02
       12  -0.172504D-03  0.107953D-01  0.379156D-02  0.825518D-02  0.715910D-02
       13   0.185570D-02  0.900050D-01  0.204499D-01 -0.359098D-02  0.779529D-01
       14  -0.150348D-02 -0.752765D-02 -0.279727D-02 -0.426522D-03 -0.601207D-02
       15  -0.661096D-02  0.699987D-01  0.170684D-01  0.975429D-02  0.590016D-01
       16  -0.885057D-03 -0.952516D-01 -0.222209D-01  0.406655D-02 -0.794105D-01
       17  -0.101105D-02  0.106490D-01  0.243123D-02  0.116531D-02  0.879415D-02
       18  -0.575790D-02  0.863488D-01  0.213049D-01  0.195589D-01  0.713775D-01
       19   0.164663D-01 -0.140216D-01 -0.616610D-02 -0.222098D-01 -0.601010D-02
       20   0.221282D-02  0.111684D+00  0.247352D-01 -0.679311D-02  0.100777D+00


           ESTIMATED COVARIANCE MATRIX FOR PARAMETER ESTIMATES
                    11            12            13            14            15
              ________      ________      ________      ________      ________
       11   0.129253D-01
       12   0.209195D-02  0.439466D-01
       13   0.909451D-02  0.870079D-02  0.102478D+00
       14  -0.140464D-02 -0.165181D-02 -0.862993D-02  0.847422D-02
       15   0.848511D-02  0.155912D-01  0.677549D-01 -0.113173D-01  0.162103D+00
       16  -0.978637D-02 -0.892193D-02 -0.105743D+00  0.910844D-02 -0.712799D-01
       17  -0.808778D-03  0.191776D-02  0.106568D-01 -0.167596D-02  0.200840D-01
       18   0.109040D-01  0.184373D-01  0.834262D-01 -0.169755D-01  0.236259D+00
       19  -0.399772D-02 -0.175439D-01 -0.629474D-02  0.723821D-02 -0.143822D+00
       20   0.108598D-01  0.109879D-01  0.115329D+00 -0.762083D-02  0.399432D-01


           ESTIMATED COVARIANCE MATRIX FOR PARAMETER ESTIMATES
                    16            17            18            19            20
              ________      ________      ________      ________      ________
       16   0.132803D+00
       17  -0.117790D-01  0.168426D-01
       18  -0.863426D-01  0.300398D-01  0.396154D+00
       19   0.506464D-02 -0.174025D-01 -0.237311D+00  0.202659D+00
       20  -0.124943D+00  0.771382D-02  0.285506D-01  0.511364D-01  0.171209D+00


           ESTIMATED CORRELATION MATRIX FOR PARAMETER ESTIMATES
                     1             2             3             4             5
              ________      ________      ________      ________      ________
        1       1.000
        2      -0.754         1.000
        3      -0.655         0.733         1.000
        4       0.753        -0.807        -0.748         1.000
        5       0.530        -0.588        -0.427         0.520         1.000
        6       0.030        -0.075        -0.372         0.083        -0.037
        7      -0.421         0.487         0.432        -0.462        -0.337
        8      -0.263         0.331         0.360        -0.372        -0.194
        9      -0.059         0.254         0.314        -0.283        -0.103
       10      -0.367         0.397         0.338        -0.370        -0.282
       11      -0.119         0.155         0.171        -0.180        -0.136
       12      -0.037         0.213         0.194        -0.228        -0.108
       13      -0.423         0.460         0.361        -0.462        -0.341
       14       0.270        -0.341        -0.189         0.301         0.297
       15      -0.850         0.859         0.798        -0.868        -0.568
       16       0.386        -0.423        -0.343         0.406         0.318
       17      -0.345         0.359         0.326        -0.337        -0.342
       18      -0.852         0.850         0.766        -0.865        -0.564
       19       0.710        -0.741        -0.774         0.764         0.449
       20      -0.118         0.203         0.145        -0.188        -0.158


           ESTIMATED CORRELATION MATRIX FOR PARAMETER ESTIMATES
                     6             7             8             9            10
              ________      ________      ________      ________      ________
        6       1.000
        7      -0.039         1.000
        8      -0.083         0.603         1.000
        9      -0.118        -0.030         0.065         1.000
       10      -0.014         0.853         0.505        -0.080         1.000
       11      -0.039         0.256         0.260         0.047         0.217
       12      -0.005         0.164         0.170         0.302         0.108
       13       0.032         0.895         0.601        -0.086         0.768
       14      -0.090        -0.260        -0.286        -0.036        -0.206
       15      -0.090         0.553         0.399         0.186         0.462
       16      -0.013        -0.832        -0.573         0.086        -0.687
       17      -0.043         0.261         0.176         0.069         0.214
       18      -0.050         0.437         0.318         0.239         0.357
       19       0.202        -0.099        -0.129        -0.379        -0.042
       20       0.029         0.859         0.562        -0.126         0.768


           ESTIMATED CORRELATION MATRIX FOR PARAMETER ESTIMATES
                    11            12            13            14            15
              ________      ________      ________      ________      ________
       11       1.000
       12       0.088         1.000
       13       0.250         0.130         1.000
       14      -0.134        -0.086        -0.293         1.000
       15       0.185         0.185         0.526        -0.305         1.000
       16      -0.236        -0.117        -0.906         0.272        -0.486
       17      -0.055         0.070         0.257        -0.140         0.384
       18       0.152         0.140         0.414        -0.293         0.932
       19      -0.078        -0.186        -0.044         0.175        -0.794
       20       0.231         0.127         0.871        -0.200         0.240


           ESTIMATED CORRELATION MATRIX FOR PARAMETER ESTIMATES
                    16            17            18            19            20
              ________      ________      ________      ________      ________
       16       1.000
       17      -0.249         1.000
       18      -0.376         0.368         1.000
       19       0.031        -0.298        -0.838         1.000
       20      -0.829         0.144         0.110         0.275         1.000


     Beginning Time:  19:34:56
        Ending Time:  19:34:57
       Elapsed Time:  00:00:01



MUTHEN & MUTHEN
3463 Stoner Ave.
Los Angeles, CA  90066

Tel: (310) 391-9971
Fax: (310) 391-8971
Web: www.StatModel.com
Support: Support@StatModel.com

Copyright (c) 1998-2017 Muthen & Muthen
