Mplus VERSION 8
MUTHEN & MUTHEN
10/08/2018   7:34 PM

INPUT INSTRUCTIONS

  TITLE: Code for Naive FMM model for data condition z=1


  DATA:
  FILE = impdf p2 z1 rep1 pm1 pva1_imp_16.dat;


  VARIABLE:
  NAMES = Y1 Y2 Y3  Xcom1 subpop;
  USEV = Y1 Y2 Y3;
  AUXILIARY = subpop;
  CLASSES = c(3);
  MISSING = .;


  ANALYSIS:
  TYPE = MIXTURE;
  Estimator = ML;
  INFORMATION = obs;
  STARTS = 20 8;


  MODEL:


       %OVERALL%

       [ c#1*-0.49813 ];
       [ c#2*-0.34862 ];

       %C#1%

       y1 WITH y2@0;
       y1 WITH y3@0;
       y2 WITH y3@0;

       [ y1*-0.49580 ];
       [ y2*-0.10276 ];
       [ y3*0.12932 ];

       y1*0.89716;
       y2*1.03380;
       y3*1.46902;

       %C#2%

       y1 WITH y2@0;
       y1 WITH y3@0;
       y2 WITH y3@0;

       [ y1*1.45468 ];
       [ y2*0.74164 ];
       [ y3*2.34210 ];

       y1*1.07750;
       y2*1.13158;
       y3*1.39543;

       %C#3%

       y1 WITH y2@0;
       y1 WITH y3@0;
       y2 WITH y3@0;

       [ y1*2.31091 ];
       [ y2*0.15089 ];
       [ y3*0.04454 ];

       y1*1.31659;
       y2*0.75590;
       y3*1.17789;




  OUTPUT:
  tech1;
  svalues;
  tech3;


  SAVEDATA:



*** WARNING in MODEL command
  All variables are uncorrelated with all other variables within class.
  Check that this is what is intended.
   1 WARNING(S) FOUND IN THE INPUT INSTRUCTIONS



Code for Naive FMM model for data condition z=1

SUMMARY OF ANALYSIS

Number of groups                                                 1
Number of observations                                         500

Number of dependent variables                                    3
Number of independent variables                                  0
Number of continuous latent variables                            0
Number of categorical latent variables                           1

Observed dependent variables

  Continuous
   Y1          Y2          Y3

Observed auxiliary variables
   SUBPOP

Categorical latent variables
   C


Estimator                                                       ML
Information matrix                                        OBSERVED
Optimization Specifications for the Quasi-Newton Algorithm for
Continuous Outcomes
  Maximum number of iterations                                 100
  Convergence criterion                                  0.100D-05
Optimization Specifications for the EM Algorithm
  Maximum number of iterations                                 500
  Convergence criteria
    Loglikelihood change                                 0.100D-06
    Relative loglikelihood change                        0.100D-06
    Derivative                                           0.100D-05
Optimization Specifications for the M step of the EM Algorithm for
Categorical Latent variables
  Number of M step iterations                                    1
  M step convergence criterion                           0.100D-05
  Basis for M step termination                           ITERATION
Optimization Specifications for the M step of the EM Algorithm for
Censored, Binary or Ordered Categorical (Ordinal), Unordered
Categorical (Nominal) and Count Outcomes
  Number of M step iterations                                    1
  M step convergence criterion                           0.100D-05
  Basis for M step termination                           ITERATION
  Maximum value for logit thresholds                            15
  Minimum value for logit thresholds                           -15
  Minimum expected cell size for chi-square              0.100D-01
Maximum number of iterations for H1                           2000
Convergence criterion for H1                             0.100D-03
Optimization algorithm                                         EMA
Random Starts Specifications
  Number of initial stage random starts                         20
  Number of final stage optimizations                            8
  Number of initial stage iterations                            10
  Initial stage convergence criterion                    0.100D+01
  Random starts scale                                    0.500D+01
  Random seed for generating random starts                       0

Input data file(s)
  impdf p2 z1 rep1 pm1 pva1_imp_16.dat
Input data format  FREE


SUMMARY OF DATA

     Number of missing data patterns             1
     Number of y missing data patterns           1
     Number of u missing data patterns           0


COVARIANCE COVERAGE OF DATA

Minimum covariance coverage value   0.100


     PROPORTION OF DATA PRESENT FOR Y


           Covariance Coverage
              Y1            Y2            Y3
              ________      ________      ________
 Y1             1.000
 Y2             1.000         1.000
 Y3             1.000         1.000         1.000



UNIVARIATE SAMPLE STATISTICS


     UNIVARIATE HIGHER-ORDER MOMENT DESCRIPTIVE STATISTICS

         Variable/         Mean/     Skewness/   Minimum/ % with                Percentiles
        Sample Size      Variance    Kurtosis    Maximum  Min/Max      20%/60%    40%/80%    Median

     Y1                    1.339      -0.198      -2.760    0.20%      -0.088      0.974      1.447
             500.000       2.354      -0.366       5.162    0.20%       1.874      2.696
     Y2                    0.246       0.119      -2.748    0.20%      -0.635     -0.060      0.238
             500.000       1.103       0.063       3.570    0.20%       0.503      1.028
     Y3                    0.755       0.276      -2.828    0.20%      -0.601      0.189      0.611
             500.000       2.399      -0.383       5.504    0.20%       1.073      2.154

RANDOM STARTS RESULTS RANKED FROM THE BEST TO THE WORST LOGLIKELIHOOD VALUES

Final stage loglikelihood values at local maxima, seeds, and initial stage start numbers:

           -2541.327  unperturbed      0
           -2541.327  107446           12
           -2541.327  939021           8
           -2541.677  68985            17
           -2541.677  93468            3
           -2541.677  27071            15
           -2541.677  399671           13
           -2541.677  285380           1



THE BEST LOGLIKELIHOOD VALUE HAS BEEN REPLICATED.  RERUN WITH AT LEAST TWICE THE
RANDOM STARTS TO CHECK THAT THE BEST LOGLIKELIHOOD IS STILL OBTAINED AND REPLICATED.


THE MODEL ESTIMATION TERMINATED NORMALLY



MODEL FIT INFORMATION

Number of Free Parameters                       20

Loglikelihood

          H0 Value                       -2541.327

Information Criteria

          Akaike (AIC)                    5122.654
          Bayesian (BIC)                  5206.946
          Sample-Size Adjusted BIC        5143.464
            (n* = (n + 2) / 24)



FINAL CLASS COUNTS AND PROPORTIONS FOR THE LATENT CLASSES
BASED ON THE ESTIMATED MODEL

    Latent
   Classes

       1        172.41586          0.34483
       2        143.34421          0.28669
       3        184.23992          0.36848


FINAL CLASS COUNTS AND PROPORTIONS FOR THE LATENT CLASSES
BASED ON ESTIMATED POSTERIOR PROBABILITIES

    Latent
   Classes

       1        172.41586          0.34483
       2        143.34420          0.28669
       3        184.23993          0.36848


FINAL CLASS COUNTS AND PROPORTIONS FOR THE LATENT CLASSES
BASED ON THEIR MOST LIKELY LATENT CLASS MEMBERSHIP

Class Counts and Proportions

    Latent
   Classes

       1              169          0.33800
       2              148          0.29600
       3              183          0.36600


CLASSIFICATION QUALITY

     Entropy                         0.629


Average Latent Class Probabilities for Most Likely Latent Class Membership (Row)
by Latent Class (Column)

           1        2        3

    1   0.863    0.060    0.077
    2   0.082    0.803    0.115
    3   0.079    0.078    0.843


Classification Probabilities for the Most Likely Latent Class Membership (Column)
by Latent Class (Row)

           1        2        3

    1   0.846    0.070    0.084
    2   0.071    0.830    0.100
    3   0.071    0.092    0.837


Logits for the Classification Probabilities for the Most Likely Latent Class Membership (Column)
by Latent Class (Row)

              1        2        3

    1      2.311   -0.176    0.000
    2     -0.349    2.116    0.000
    3     -2.469   -2.207    0.000


MODEL RESULTS

                                                    Two-Tailed
                    Estimate       S.E.  Est./S.E.    P-Value

Latent Class 1

 Y1       WITH
    Y2                 0.000      0.000    999.000    999.000
    Y3                 0.000      0.000    999.000    999.000

 Y2       WITH
    Y3                 0.000      0.000    999.000    999.000

 Means
    Y1                -0.088      0.232     -0.378      0.706
    Y2                -0.110      0.106     -1.038      0.299
    Y3                -0.012      0.146     -0.084      0.933

 Variances
    Y1                 1.236      0.278      4.437      0.000
    Y2                 1.004      0.141      7.109      0.000
    Y3                 1.471      0.231      6.362      0.000

Latent Class 2

 Y1       WITH
    Y2                 0.000      0.000    999.000    999.000
    Y3                 0.000      0.000    999.000    999.000

 Y2       WITH
    Y3                 0.000      0.000    999.000    999.000

 Means
    Y1                 1.444      0.181      7.976      0.000
    Y2                 0.701      0.140      4.990      0.000
    Y3                 2.438      0.224     10.864      0.000

 Variances
    Y1                 1.063      0.271      3.922      0.000
    Y2                 1.088      0.154      7.071      0.000
    Y3                 1.128      0.239      4.710      0.000

Latent Class 3

 Y1       WITH
    Y2                 0.000      0.000    999.000    999.000
    Y3                 0.000      0.000    999.000    999.000

 Y2       WITH
    Y3                 0.000      0.000    999.000    999.000

 Means
    Y1                 2.591      0.208     12.488      0.000
    Y2                 0.226      0.087      2.600      0.009
    Y3                 0.164      0.242      0.678      0.498

 Variances
    Y1                 0.925      0.233      3.961      0.000
    Y2                 0.928      0.125      7.442      0.000
    Y3                 1.154      0.370      3.115      0.002

Categorical Latent Variables

 Means
    C#1               -0.066      0.346     -0.192      0.848
    C#2               -0.251      0.435     -0.577      0.564


QUALITY OF NUMERICAL RESULTS

     Condition Number for the Information Matrix              0.801E-02
       (ratio of smallest to largest eigenvalue)


MODEL COMMAND WITH FINAL ESTIMATES USED AS STARTING VALUES

     %OVERALL%

     [ c#1*-0.06633 ];
     [ c#2*-0.25099 ];

     %C#1%

     y1 WITH y2@0;
     y1 WITH y3@0;
     y2 WITH y3@0;

     [ y1*-0.08755 ];
     [ y2*-0.10998 ];
     [ y3*-0.01233 ];

     y1*1.23560;
     y2*1.00374;
     y3*1.47066;

     %C#2%

     y1 WITH y2@0;
     y1 WITH y3@0;
     y2 WITH y3@0;

     [ y1*1.44380 ];
     [ y2*0.70099 ];
     [ y3*2.43776 ];

     y1*1.06286;
     y2*1.08828;
     y3*1.12809;

     %C#3%

     y1 WITH y2@0;
     y1 WITH y3@0;
     y2 WITH y3@0;

     [ y1*2.59134 ];
     [ y2*0.22613 ];
     [ y3*0.16431 ];

     y1*0.92479;
     y2*0.92751;
     y3*1.15389;



TECHNICAL 1 OUTPUT


     PARAMETER SPECIFICATION FOR LATENT CLASS 1


           NU
              Y1            Y2            Y3
              ________      ________      ________
                    1             2             3


           THETA
              Y1            Y2            Y3
              ________      ________      ________
 Y1                 4
 Y2                 0             5
 Y3                 0             0             6


     PARAMETER SPECIFICATION FOR LATENT CLASS 2


           NU
              Y1            Y2            Y3
              ________      ________      ________
                    7             8             9


           THETA
              Y1            Y2            Y3
              ________      ________      ________
 Y1                10
 Y2                 0            11
 Y3                 0             0            12


     PARAMETER SPECIFICATION FOR LATENT CLASS 3


           NU
              Y1            Y2            Y3
              ________      ________      ________
                   13            14            15


           THETA
              Y1            Y2            Y3
              ________      ________      ________
 Y1                16
 Y2                 0            17
 Y3                 0             0            18


     PARAMETER SPECIFICATION FOR LATENT CLASS REGRESSION MODEL PART


           ALPHA(C)
              C#1           C#2           C#3
              ________      ________      ________
                   19            20             0


     STARTING VALUES FOR LATENT CLASS 1


           NU
              Y1            Y2            Y3
              ________      ________      ________
               -0.496        -0.103         0.129


           THETA
              Y1            Y2            Y3
              ________      ________      ________
 Y1             0.897
 Y2             0.000         1.034
 Y3             0.000         0.000         1.469


     STARTING VALUES FOR LATENT CLASS 2


           NU
              Y1            Y2            Y3
              ________      ________      ________
                1.455         0.742         2.342


           THETA
              Y1            Y2            Y3
              ________      ________      ________
 Y1             1.077
 Y2             0.000         1.132
 Y3             0.000         0.000         1.395


     STARTING VALUES FOR LATENT CLASS 3


           NU
              Y1            Y2            Y3
              ________      ________      ________
                2.311         0.151         0.045


           THETA
              Y1            Y2            Y3
              ________      ________      ________
 Y1             1.317
 Y2             0.000         0.756
 Y3             0.000         0.000         1.178


     STARTING VALUES FOR LATENT CLASS REGRESSION MODEL PART


           ALPHA(C)
              C#1           C#2           C#3
              ________      ________      ________
               -0.498        -0.349         0.000


TECHNICAL 3 OUTPUT


           ESTIMATED COVARIANCE MATRIX FOR PARAMETER ESTIMATES
                     1             2             3             4             5
              ________      ________      ________      ________      ________
        1   0.537634D-01
        2   0.114822D-01  0.112341D-01
        3   0.105414D-02  0.128091D-02  0.213915D-01
        4   0.492372D-01  0.103899D-01 -0.309295D-02  0.775534D-01
        5   0.768672D-02  0.419645D-02 -0.397280D-03  0.750519D-02  0.199333D-01
        6  -0.193233D-03  0.146190D-02  0.156568D-01 -0.555449D-02  0.250107D-03
        7   0.241241D-02  0.130023D-02 -0.294496D-03  0.185871D-02  0.134260D-02
        8   0.108706D-02 -0.100942D-03  0.766195D-02 -0.145126D-02 -0.114121D-02
        9  -0.111490D-02  0.201383D-02  0.126594D-01 -0.615988D-02  0.289994D-03
       10   0.288057D-03 -0.153193D-02 -0.146455D-01  0.522662D-02  0.918237D-03
       11  -0.181140D-02  0.420243D-03  0.486816D-03 -0.186522D-02 -0.106417D-02
       12   0.141385D-02 -0.186643D-02 -0.461432D-02  0.421784D-02 -0.120731D-02
       13   0.363557D-01  0.924147D-02 -0.356882D-02  0.354817D-01  0.610684D-02
       14  -0.164403D-02 -0.149137D-02  0.792655D-03 -0.142176D-02 -0.149567D-02
       15   0.405792D-02  0.188601D-02  0.945633D-02  0.852436D-03  0.119235D-03
       16  -0.361838D-01 -0.976440D-02  0.338819D-02 -0.326900D-01 -0.616680D-02
       17  -0.530225D-02 -0.183308D-02 -0.567818D-03 -0.542506D-02 -0.454565D-02
       18  -0.984871D-02 -0.239932D-02  0.157919D-01 -0.142600D-01 -0.438317D-02
       19   0.632535D-01  0.160561D-01 -0.369952D-02  0.646915D-01  0.111239D-01
       20   0.315134D-01  0.525598D-02 -0.259713D-01  0.407139D-01  0.612372D-02


           ESTIMATED COVARIANCE MATRIX FOR PARAMETER ESTIMATES
                     6             7             8             9            10
              ________      ________      ________      ________      ________
        6   0.534323D-01
        7   0.362060D-02  0.327684D-01
        8   0.847735D-02 -0.108380D-01  0.197377D-01
        9   0.905829D-02 -0.175647D-01  0.149995D-01  0.503534D-01
       10  -0.154345D-01  0.260680D-01 -0.214206D-01 -0.306741D-01  0.734558D-01
       11  -0.637536D-03 -0.398552D-02  0.197392D-03  0.554284D-02 -0.456296D-02
       12   0.429148D-03  0.378795D-02 -0.334565D-02 -0.311497D-01  0.543201D-02
       13  -0.412362D-02  0.480436D-02 -0.279855D-02 -0.134929D-01  0.379416D-02
       14  -0.283879D-03 -0.183433D-02 -0.504298D-04  0.429055D-02 -0.135890D-02
       15   0.806383D-02 -0.314042D-01  0.206720D-01  0.344133D-01 -0.462840D-01
       16   0.458478D-02 -0.437892D-02  0.269067D-02  0.109460D-01 -0.607994D-02
       17  -0.109747D-02  0.265763D-02 -0.218101D-02 -0.186189D-02  0.473196D-02
       18   0.994512D-02 -0.479251D-01  0.308932D-01  0.458729D-01 -0.709431D-01
       19  -0.259643D-02  0.229692D-01 -0.983501D-02 -0.257127D-01  0.229424D-01
       20  -0.241602D-01  0.472407D-01 -0.355786D-01 -0.746934D-01  0.766425D-01


           ESTIMATED COVARIANCE MATRIX FOR PARAMETER ESTIMATES
                    11            12            13            14            15
              ________      ________      ________      ________      ________
       11   0.236899D-01
       12  -0.345695D-02  0.573573D-01
       13  -0.309284D-02  0.110275D-01  0.430617D-01
       14   0.142286D-02 -0.387562D-02 -0.320511D-02  0.756224D-02
       15   0.594617D-02 -0.894736D-02 -0.487012D-02  0.260157D-02  0.587343D-01
       16   0.276493D-02 -0.834971D-02 -0.394711D-01  0.282845D-02  0.379905D-02
       17  -0.244355D-02 -0.966372D-03 -0.386056D-02  0.748490D-03 -0.536028D-02
       18   0.874536D-02 -0.639279D-02 -0.184078D-01  0.423471D-02  0.749602D-01
       19  -0.663628D-02  0.136797D-01  0.596825D-01 -0.510863D-02 -0.240480D-01
       20  -0.118254D-01  0.361515D-01  0.470354D-01 -0.790674D-02 -0.804882D-01


           ESTIMATED COVARIANCE MATRIX FOR PARAMETER ESTIMATES
                    16            17            18            19            20
              ________      ________      ________      ________      ________
       16   0.545182D-01
       17   0.357818D-02  0.155334D-01
       18   0.182475D-01 -0.560181D-02  0.137226D+00
       19  -0.602529D-01 -0.488163D-02 -0.564121D-01  0.119562D+00
       20  -0.448873D-01  0.292877D-02 -0.126763D+00  0.101161D+00  0.189369D+00


           ESTIMATED CORRELATION MATRIX FOR PARAMETER ESTIMATES
                     1             2             3             4             5
              ________      ________      ________      ________      ________
        1       1.000
        2       0.467         1.000
        3       0.031         0.083         1.000
        4       0.763         0.352        -0.076         1.000
        5       0.235         0.280        -0.019         0.191         1.000
        6      -0.004         0.060         0.463        -0.086         0.008
        7       0.057         0.068        -0.011         0.037         0.053
        8       0.033        -0.007         0.373        -0.037        -0.058
        9      -0.021         0.085         0.386        -0.099         0.009
       10       0.005        -0.053        -0.369         0.069         0.024
       11      -0.051         0.026         0.022        -0.044        -0.049
       12       0.025        -0.074        -0.132         0.063        -0.036
       13       0.756         0.420        -0.118         0.614         0.208
       14      -0.082        -0.162         0.062        -0.059        -0.122
       15       0.072         0.073         0.267         0.013         0.003
       16      -0.668        -0.395         0.099        -0.503        -0.187
       17      -0.183        -0.139        -0.031        -0.156        -0.258
       18      -0.115        -0.061         0.291        -0.138        -0.084
       19       0.789         0.438        -0.073         0.672         0.228
       20       0.312         0.114        -0.408         0.336         0.100


           ESTIMATED CORRELATION MATRIX FOR PARAMETER ESTIMATES
                     6             7             8             9            10
              ________      ________      ________      ________      ________
        6       1.000
        7       0.087         1.000
        8       0.261        -0.426         1.000
        9       0.175        -0.432         0.476         1.000
       10      -0.246         0.531        -0.563        -0.504         1.000
       11      -0.018        -0.143         0.009         0.160        -0.109
       12       0.008         0.087        -0.099        -0.580         0.084
       13      -0.086         0.128        -0.096        -0.290         0.067
       14      -0.014        -0.117        -0.004         0.220        -0.058
       15       0.144        -0.716         0.607         0.633        -0.705
       16       0.085        -0.104         0.082         0.209        -0.096
       17      -0.038         0.118        -0.125        -0.067         0.140
       18       0.116        -0.715         0.594         0.552        -0.707
       19      -0.032         0.367        -0.202        -0.331         0.245
       20      -0.240         0.600        -0.582        -0.765         0.650


           ESTIMATED CORRELATION MATRIX FOR PARAMETER ESTIMATES
                    11            12            13            14            15
              ________      ________      ________      ________      ________
       11       1.000
       12      -0.094         1.000
       13      -0.097         0.222         1.000
       14       0.106        -0.186        -0.178         1.000
       15       0.159        -0.154        -0.097         0.123         1.000
       16       0.077        -0.149        -0.815         0.139         0.067
       17      -0.127        -0.032        -0.149         0.069        -0.177
       18       0.153        -0.072        -0.239         0.131         0.835
       19      -0.125         0.165         0.832        -0.170        -0.287
       20      -0.177         0.347         0.521        -0.209        -0.763


           ESTIMATED CORRELATION MATRIX FOR PARAMETER ESTIMATES
                    16            17            18            19            20
              ________      ________      ________      ________      ________
       16       1.000
       17       0.123         1.000
       18       0.211        -0.121         1.000
       19      -0.746        -0.113        -0.440         1.000
       20      -0.442         0.054        -0.786         0.672         1.000


     Beginning Time:  19:34:25
        Ending Time:  19:34:26
       Elapsed Time:  00:00:01



MUTHEN & MUTHEN
3463 Stoner Ave.
Los Angeles, CA  90066

Tel: (310) 391-9971
Fax: (310) 391-8971
Web: www.StatModel.com
Support: Support@StatModel.com

Copyright (c) 1998-2017 Muthen & Muthen
