Mplus VERSION 8
MUTHEN & MUTHEN
10/08/2018   7:34 PM

INPUT INSTRUCTIONS

  TITLE: Code for Naive FMM model for data condition z=1


  DATA:
  FILE = impdf p2 z1 rep1 pm1 pva1_imp_7.dat;


  VARIABLE:
  NAMES = Y1 Y2 Y3  Xcom1 subpop;
  USEV = Y1 Y2 Y3;
  AUXILIARY = subpop;
  CLASSES = c(3);
  MISSING = .;


  ANALYSIS:
  TYPE = MIXTURE;
  Estimator = ML;
  INFORMATION = obs;
  STARTS = 20 8;


  MODEL:


       %OVERALL%

       [ c#1*-0.26501 ];
       [ c#2*-0.82725 ];

       %C#1%

       y1 WITH y2@0;
       y1 WITH y3@0;
       y2 WITH y3@0;

       [ y1*-0.24444 ];
       [ y2*0.03079 ];
       [ y3*0.15969 ];

       y1*1.05627;
       y2*1.06699;
       y3*1.61893;

       %C#2%

       y1 WITH y2@0;
       y1 WITH y3@0;
       y2 WITH y3@0;

       [ y1*1.41262 ];
       [ y2*0.98532 ];
       [ y3*2.62005 ];

       y1*0.80281;
       y2*0.92308;
       y3*1.17483;

       %C#3%

       y1 WITH y2@0;
       y1 WITH y3@0;
       y2 WITH y3@0;

       [ y1*2.50754 ];
       [ y2*0.06664 ];
       [ y3*0.30649 ];

       y1*1.06024;
       y2*0.92151;
       y3*1.60752;




  OUTPUT:
  tech1;
  svalues;
  tech3;


  SAVEDATA:



*** WARNING in MODEL command
  All variables are uncorrelated with all other variables within class.
  Check that this is what is intended.
   1 WARNING(S) FOUND IN THE INPUT INSTRUCTIONS



Code for Naive FMM model for data condition z=1

SUMMARY OF ANALYSIS

Number of groups                                                 1
Number of observations                                         500

Number of dependent variables                                    3
Number of independent variables                                  0
Number of continuous latent variables                            0
Number of categorical latent variables                           1

Observed dependent variables

  Continuous
   Y1          Y2          Y3

Observed auxiliary variables
   SUBPOP

Categorical latent variables
   C


Estimator                                                       ML
Information matrix                                        OBSERVED
Optimization Specifications for the Quasi-Newton Algorithm for
Continuous Outcomes
  Maximum number of iterations                                 100
  Convergence criterion                                  0.100D-05
Optimization Specifications for the EM Algorithm
  Maximum number of iterations                                 500
  Convergence criteria
    Loglikelihood change                                 0.100D-06
    Relative loglikelihood change                        0.100D-06
    Derivative                                           0.100D-05
Optimization Specifications for the M step of the EM Algorithm for
Categorical Latent variables
  Number of M step iterations                                    1
  M step convergence criterion                           0.100D-05
  Basis for M step termination                           ITERATION
Optimization Specifications for the M step of the EM Algorithm for
Censored, Binary or Ordered Categorical (Ordinal), Unordered
Categorical (Nominal) and Count Outcomes
  Number of M step iterations                                    1
  M step convergence criterion                           0.100D-05
  Basis for M step termination                           ITERATION
  Maximum value for logit thresholds                            15
  Minimum value for logit thresholds                           -15
  Minimum expected cell size for chi-square              0.100D-01
Maximum number of iterations for H1                           2000
Convergence criterion for H1                             0.100D-03
Optimization algorithm                                         EMA
Random Starts Specifications
  Number of initial stage random starts                         20
  Number of final stage optimizations                            8
  Number of initial stage iterations                            10
  Initial stage convergence criterion                    0.100D+01
  Random starts scale                                    0.500D+01
  Random seed for generating random starts                       0

Input data file(s)
  impdf p2 z1 rep1 pm1 pva1_imp_7.dat
Input data format  FREE


SUMMARY OF DATA

     Number of missing data patterns             1
     Number of y missing data patterns           1
     Number of u missing data patterns           0


COVARIANCE COVERAGE OF DATA

Minimum covariance coverage value   0.100


     PROPORTION OF DATA PRESENT FOR Y


           Covariance Coverage
              Y1            Y2            Y3
              ________      ________      ________
 Y1             1.000
 Y2             1.000         1.000
 Y3             1.000         1.000         1.000



UNIVARIATE SAMPLE STATISTICS


     UNIVARIATE HIGHER-ORDER MOMENT DESCRIPTIVE STATISTICS

         Variable/         Mean/     Skewness/   Minimum/ % with                Percentiles
        Sample Size      Variance    Kurtosis    Maximum  Min/Max      20%/60%    40%/80%    Median

     Y1                    1.376      -0.181      -2.760    0.20%      -0.075      1.064      1.494
             500.000       2.401      -0.391       5.162    0.20%       1.869      2.731
     Y2                    0.257       0.034      -2.748    0.20%      -0.621      0.019      0.279
             500.000       1.088      -0.054       3.570    0.20%       0.506      1.166
     Y3                    0.760       0.219      -3.253    0.20%      -0.589      0.239      0.682
             500.000       2.436      -0.335       5.504    0.20%       1.070      2.160

RANDOM STARTS RESULTS RANKED FROM THE BEST TO THE WORST LOGLIKELIHOOD VALUES

1 perturbed starting value run(s) did not converge in the initial stage
optimizations.

Final stage loglikelihood values at local maxima, seeds, and initial stage start numbers:

           -2543.572  unperturbed      0
           -2543.572  107446           12
           -2543.572  939021           8
           -2543.572  608496           4
           -2543.572  27071            15
           -2543.572  93468            3
           -2548.256  76974            16
           -2548.571  253358           2



THE BEST LOGLIKELIHOOD VALUE HAS BEEN REPLICATED.  RERUN WITH AT LEAST TWICE THE
RANDOM STARTS TO CHECK THAT THE BEST LOGLIKELIHOOD IS STILL OBTAINED AND REPLICATED.


THE MODEL ESTIMATION TERMINATED NORMALLY



MODEL FIT INFORMATION

Number of Free Parameters                       20

Loglikelihood

          H0 Value                       -2543.572

Information Criteria

          Akaike (AIC)                    5127.145
          Bayesian (BIC)                  5211.437
          Sample-Size Adjusted BIC        5147.956
            (n* = (n + 2) / 24)



FINAL CLASS COUNTS AND PROPORTIONS FOR THE LATENT CLASSES
BASED ON THE ESTIMATED MODEL

    Latent
   Classes

       1        158.09870          0.31620
       2        135.59041          0.27118
       3        206.31089          0.41262


FINAL CLASS COUNTS AND PROPORTIONS FOR THE LATENT CLASSES
BASED ON ESTIMATED POSTERIOR PROBABILITIES

    Latent
   Classes

       1        158.09870          0.31620
       2        135.59041          0.27118
       3        206.31090          0.41262


FINAL CLASS COUNTS AND PROPORTIONS FOR THE LATENT CLASSES
BASED ON THEIR MOST LIKELY LATENT CLASS MEMBERSHIP

Class Counts and Proportions

    Latent
   Classes

       1              154          0.30800
       2              138          0.27600
       3              208          0.41600


CLASSIFICATION QUALITY

     Entropy                         0.626


Average Latent Class Probabilities for Most Likely Latent Class Membership (Row)
by Latent Class (Column)

           1        2        3

    1   0.866    0.047    0.087
    2   0.076    0.792    0.131
    3   0.068    0.091    0.841


Classification Probabilities for the Most Likely Latent Class Membership (Column)
by Latent Class (Row)

           1        2        3

    1   0.843    0.067    0.090
    2   0.054    0.806    0.140
    3   0.065    0.088    0.847


Logits for the Classification Probabilities for the Most Likely Latent Class Membership (Column)
by Latent Class (Row)

              1        2        3

    1      2.239   -0.300    0.000
    2     -0.953    1.753    0.000
    3     -2.573   -2.266    0.000


MODEL RESULTS

                                                    Two-Tailed
                    Estimate       S.E.  Est./S.E.    P-Value

Latent Class 1

 Y1       WITH
    Y2                 0.000      0.000    999.000    999.000
    Y3                 0.000      0.000    999.000    999.000

 Y2       WITH
    Y3                 0.000      0.000    999.000    999.000

 Means
    Y1                -0.161      0.231     -0.697      0.486
    Y2                -0.078      0.091     -0.856      0.392
    Y3                -0.023      0.146     -0.159      0.874

 Variances
    Y1                 1.175      0.280      4.195      0.000
    Y2                 0.844      0.108      7.811      0.000
    Y3                 1.413      0.252      5.598      0.000

Latent Class 2

 Y1       WITH
    Y2                 0.000      0.000    999.000    999.000
    Y3                 0.000      0.000    999.000    999.000

 Y2       WITH
    Y3                 0.000      0.000    999.000    999.000

 Means
    Y1                 1.327      0.142      9.346      0.000
    Y2                 0.901      0.129      6.986      0.000
    Y3                 2.397      0.227     10.543      0.000

 Variances
    Y1                 0.958      0.195      4.901      0.000
    Y2                 0.937      0.143      6.554      0.000
    Y3                 1.235      0.313      3.939      0.000

Latent Class 3

 Y1       WITH
    Y2                 0.000      0.000    999.000    999.000
    Y3                 0.000      0.000    999.000    999.000

 Y2       WITH
    Y3                 0.000      0.000    999.000    999.000

 Means
    Y1                 2.586      0.203     12.720      0.000
    Y2                 0.092      0.091      1.001      0.317
    Y3                 0.284      0.149      1.899      0.058

 Variances
    Y1                 1.015      0.223      4.550      0.000
    Y2                 0.989      0.116      8.552      0.000
    Y3                 1.551      0.236      6.567      0.000

Categorical Latent Variables

 Means
    C#1               -0.266      0.315     -0.844      0.399
    C#2               -0.420      0.332     -1.264      0.206


QUALITY OF NUMERICAL RESULTS

     Condition Number for the Information Matrix              0.908E-02
       (ratio of smallest to largest eigenvalue)


MODEL COMMAND WITH FINAL ESTIMATES USED AS STARTING VALUES

     %OVERALL%

     [ c#1*-0.26616 ];
     [ c#2*-0.41975 ];

     %C#1%

     y1 WITH y2@0;
     y1 WITH y3@0;
     y2 WITH y3@0;

     [ y1*-0.16091 ];
     [ y2*-0.07775 ];
     [ y3*-0.02318 ];

     y1*1.17484;
     y2*0.84431;
     y3*1.41308;

     %C#2%

     y1 WITH y2@0;
     y1 WITH y3@0;
     y2 WITH y3@0;

     [ y1*1.32659 ];
     [ y2*0.90087 ];
     [ y3*2.39729 ];

     y1*0.95764;
     y2*0.93659;
     y3*1.23451;

     %C#3%

     y1 WITH y2@0;
     y1 WITH y3@0;
     y2 WITH y3@0;

     [ y1*2.58563 ];
     [ y2*0.09150 ];
     [ y3*0.28377 ];

     y1*1.01456;
     y2*0.98852;
     y3*1.55070;



TECHNICAL 1 OUTPUT


     PARAMETER SPECIFICATION FOR LATENT CLASS 1


           NU
              Y1            Y2            Y3
              ________      ________      ________
                    1             2             3


           THETA
              Y1            Y2            Y3
              ________      ________      ________
 Y1                 4
 Y2                 0             5
 Y3                 0             0             6


     PARAMETER SPECIFICATION FOR LATENT CLASS 2


           NU
              Y1            Y2            Y3
              ________      ________      ________
                    7             8             9


           THETA
              Y1            Y2            Y3
              ________      ________      ________
 Y1                10
 Y2                 0            11
 Y3                 0             0            12


     PARAMETER SPECIFICATION FOR LATENT CLASS 3


           NU
              Y1            Y2            Y3
              ________      ________      ________
                   13            14            15


           THETA
              Y1            Y2            Y3
              ________      ________      ________
 Y1                16
 Y2                 0            17
 Y3                 0             0            18


     PARAMETER SPECIFICATION FOR LATENT CLASS REGRESSION MODEL PART


           ALPHA(C)
              C#1           C#2           C#3
              ________      ________      ________
                   19            20             0


     STARTING VALUES FOR LATENT CLASS 1


           NU
              Y1            Y2            Y3
              ________      ________      ________
               -0.244         0.031         0.160


           THETA
              Y1            Y2            Y3
              ________      ________      ________
 Y1             1.056
 Y2             0.000         1.067
 Y3             0.000         0.000         1.619


     STARTING VALUES FOR LATENT CLASS 2


           NU
              Y1            Y2            Y3
              ________      ________      ________
                1.413         0.985         2.620


           THETA
              Y1            Y2            Y3
              ________      ________      ________
 Y1             0.803
 Y2             0.000         0.923
 Y3             0.000         0.000         1.175


     STARTING VALUES FOR LATENT CLASS 3


           NU
              Y1            Y2            Y3
              ________      ________      ________
                2.508         0.067         0.306


           THETA
              Y1            Y2            Y3
              ________      ________      ________
 Y1             1.060
 Y2             0.000         0.922
 Y3             0.000         0.000         1.608


     STARTING VALUES FOR LATENT CLASS REGRESSION MODEL PART


           ALPHA(C)
              C#1           C#2           C#3
              ________      ________      ________
               -0.265        -0.827         0.000


TECHNICAL 3 OUTPUT


           ESTIMATED COVARIANCE MATRIX FOR PARAMETER ESTIMATES
                     1             2             3             4             5
              ________      ________      ________      ________      ________
        1   0.533739D-01
        2   0.628374D-02  0.824625D-02
        3   0.507519D-02  0.179571D-02  0.213663D-01
        4   0.498121D-01  0.562171D-02  0.133401D-02  0.784443D-01
        5   0.176764D-03  0.784900D-03  0.261247D-03  0.160014D-03  0.116834D-01
        6   0.201108D-02  0.165529D-02  0.177180D-01 -0.451482D-02  0.215640D-03
        7   0.221852D-02  0.112503D-02  0.395111D-02  0.596942D-03  0.317799D-03
        8   0.456822D-04  0.129180D-03  0.671966D-02 -0.222479D-02 -0.240220D-03
        9  -0.465778D-02  0.252081D-02  0.638149D-02 -0.762224D-02  0.817071D-03
       10  -0.324308D-02 -0.149934D-02 -0.799828D-02 -0.477564D-04 -0.186879D-03
       11  -0.502941D-03  0.855954D-03 -0.300545D-02  0.479686D-03 -0.273387D-03
       12   0.520667D-02 -0.297181D-02 -0.187006D-02  0.710405D-02 -0.116018D-02
       13   0.340918D-01  0.405802D-02  0.567743D-03  0.341473D-01 -0.232397D-03
       14  -0.257091D-02 -0.679276D-03  0.619878D-03 -0.271308D-02 -0.134527D-03
       15   0.177850D-02  0.684925D-03  0.226264D-02  0.106280D-02  0.433471D-04
       16  -0.327300D-01 -0.432165D-02 -0.114873D-02 -0.301610D-01  0.273770D-03
       17   0.321079D-02  0.626180D-03 -0.189170D-03  0.323038D-02 -0.117557D-02
       18   0.167472D-02 -0.430916D-03  0.398968D-02  0.129777D-02 -0.127007D-03
       19   0.592469D-01  0.813354D-02  0.630104D-02  0.607431D-01  0.113213D-03
       20   0.306136D-01  0.108056D-02 -0.113365D-01  0.365875D-01 -0.662180D-03


           ESTIMATED COVARIANCE MATRIX FOR PARAMETER ESTIMATES
                     6             7             8             9            10
              ________      ________      ________      ________      ________
        6   0.637192D-01
        7   0.748624D-02  0.201476D-01
        8   0.104629D-01 -0.248550D-02  0.166277D-01
        9   0.223268D-02 -0.555530D-02  0.883406D-02  0.517072D-01
       10  -0.127341D-01  0.645755D-02 -0.842121D-02 -0.430926D-02  0.381732D-01
       11  -0.634830D-02 -0.316906D-03 -0.445516D-02  0.598247D-03  0.258234D-02
       12   0.750207D-02  0.321949D-02 -0.427206D-02 -0.514134D-01 -0.452813D-02
       13  -0.694446D-03  0.297969D-02 -0.428770D-02 -0.194360D-01 -0.390965D-02
       14  -0.627434D-03 -0.315139D-02  0.734723D-03  0.853876D-02 -0.147265D-02
       15   0.380237D-02 -0.994241D-02  0.766378D-02  0.967398D-02 -0.116716D-01
       16   0.332391D-03 -0.247687D-03  0.269834D-02  0.141706D-01  0.502880D-02
       17  -0.115384D-02 -0.476864D-04 -0.183208D-02  0.237042D-02  0.990045D-03
       18   0.149978D-02 -0.126450D-01  0.898154D-02  0.566758D-03 -0.168204D-01
       19   0.529664D-02  0.108416D-01 -0.445574D-02 -0.212269D-01 -0.231713D-02
       20  -0.145603D-01  0.158633D-01 -0.197861D-01 -0.513875D-01  0.178809D-01


           ESTIMATED COVARIANCE MATRIX FOR PARAMETER ESTIMATES
                    11            12            13            14            15
              ________      ________      ________      ________      ________
       11   0.204198D-01
       12  -0.278632D-02  0.982051D-01
       13  -0.691346D-04  0.218878D-01  0.413167D-01
       14   0.858470D-03 -0.954227D-02 -0.522094D-02  0.836101D-02
       15  -0.165305D-02 -0.320924D-02 -0.308184D-02  0.330532D-02  0.223307D-01
       16   0.253282D-03 -0.168098D-01 -0.359195D-01  0.372299D-02 -0.136640D-03
       17  -0.788709D-03 -0.442448D-02  0.196510D-02  0.122630D-02 -0.333967D-03
       18  -0.284542D-02  0.998300D-02 -0.434977D-03  0.246812D-02  0.173408D-01
       19  -0.643860D-03  0.224491D-01  0.535466D-01 -0.751116D-02 -0.632791D-02
       20   0.295188D-02  0.482301D-01  0.441866D-01 -0.129158D-01 -0.248137D-01


           ESTIMATED COVARIANCE MATRIX FOR PARAMETER ESTIMATES
                    16            17            18            19            20
              ________      ________      ________      ________      ________
       16   0.497134D-01
       17  -0.253728D-02  0.133595D-01
       18  -0.208508D-02 -0.172510D-02  0.557575D-01
       19  -0.509497D-01  0.370248D-02 -0.571979D-02  0.995054D-01
       20  -0.361184D-01  0.106188D-02 -0.224903D-01  0.684579D-01  0.110205D+00


           ESTIMATED CORRELATION MATRIX FOR PARAMETER ESTIMATES
                     1             2             3             4             5
              ________      ________      ________      ________      ________
        1       1.000
        2       0.300         1.000
        3       0.150         0.135         1.000
        4       0.770         0.221         0.033         1.000
        5       0.007         0.080         0.017         0.005         1.000
        6       0.034         0.072         0.480        -0.064         0.008
        7       0.068         0.087         0.190         0.015         0.021
        8       0.002         0.011         0.357        -0.062        -0.017
        9      -0.089         0.122         0.192        -0.120         0.033
       10      -0.072        -0.085        -0.280        -0.001        -0.009
       11      -0.015         0.066        -0.144         0.012        -0.018
       12       0.072        -0.104        -0.041         0.081        -0.034
       13       0.726         0.220         0.019         0.600        -0.011
       14      -0.122        -0.082         0.046        -0.106        -0.014
       15       0.052         0.050         0.104         0.025         0.003
       16      -0.635        -0.213        -0.035        -0.483         0.011
       17       0.120         0.060        -0.011         0.100        -0.094
       18       0.031        -0.020         0.116         0.020        -0.005
       19       0.813         0.284         0.137         0.688         0.003
       20       0.399         0.036        -0.234         0.394        -0.018


           ESTIMATED CORRELATION MATRIX FOR PARAMETER ESTIMATES
                     6             7             8             9            10
              ________      ________      ________      ________      ________
        6       1.000
        7       0.209         1.000
        8       0.321        -0.136         1.000
        9       0.039        -0.172         0.301         1.000
       10      -0.258         0.233        -0.334        -0.097         1.000
       11      -0.176        -0.016        -0.242         0.018         0.092
       12       0.095         0.072        -0.106        -0.721        -0.074
       13      -0.014         0.103        -0.164        -0.421        -0.098
       14      -0.027        -0.243         0.062         0.411        -0.082
       15       0.101        -0.469         0.398         0.285        -0.400
       16       0.006        -0.008         0.094         0.279         0.115
       17      -0.040        -0.003        -0.123         0.090         0.044
       18       0.025        -0.377         0.295         0.011        -0.365
       19       0.067         0.242        -0.110        -0.296        -0.038
       20      -0.174         0.337        -0.462        -0.681         0.276


           ESTIMATED CORRELATION MATRIX FOR PARAMETER ESTIMATES
                    11            12            13            14            15
              ________      ________      ________      ________      ________
       11       1.000
       12      -0.062         1.000
       13      -0.002         0.344         1.000
       14       0.066        -0.333        -0.281         1.000
       15      -0.077        -0.069        -0.101         0.242         1.000
       16       0.008        -0.241        -0.793         0.183        -0.004
       17      -0.048        -0.122         0.084         0.116        -0.019
       18      -0.084         0.135        -0.009         0.114         0.491
       19      -0.014         0.227         0.835        -0.260        -0.134
       20       0.062         0.464         0.655        -0.425        -0.500


           ESTIMATED CORRELATION MATRIX FOR PARAMETER ESTIMATES
                    16            17            18            19            20
              ________      ________      ________      ________      ________
       16       1.000
       17      -0.098         1.000
       18      -0.040        -0.063         1.000
       19      -0.724         0.102        -0.077         1.000
       20      -0.488         0.028        -0.287         0.654         1.000


     Beginning Time:  19:34:17
        Ending Time:  19:34:18
       Elapsed Time:  00:00:01



MUTHEN & MUTHEN
3463 Stoner Ave.
Los Angeles, CA  90066

Tel: (310) 391-9971
Fax: (310) 391-8971
Web: www.StatModel.com
Support: Support@StatModel.com

Copyright (c) 1998-2017 Muthen & Muthen
