Mplus VERSION 8
MUTHEN & MUTHEN
10/08/2018   7:33 PM

INPUT INSTRUCTIONS

  TITLE: Code for Naive FMM model for data condition z=1


  DATA:
  FILE = impdf p2 z1 rep1 pm1 pva1_imp_2.dat;


  VARIABLE:
  NAMES = Y1 Y2 Y3  Xcom1 subpop;
  USEV = Y1 Y2 Y3;
  AUXILIARY = subpop;
  CLASSES = c(3);
  MISSING = .;


  ANALYSIS:
  TYPE = MIXTURE;
  Estimator = ML;
  INFORMATION = obs;
  STARTS = 2560 1024;


  MODEL:


       %OVERALL%

       [ c#1*0.16734 ];
       [ c#2*-0.30010 ];

       %C#1%

       y1 WITH y2@0;
       y1 WITH y3@0;
       y2 WITH y3@0;

       [ y1*0.09845 ];
       [ y2*-0.12657 ];
       [ y3*-0.01048 ];

       y1*1.40826;
       y2*0.91912;
       y3*1.37303;

       %C#2%

       y1 WITH y2@0;
       y1 WITH y3@0;
       y2 WITH y3@0;

       [ y1*1.37845 ];
       [ y2*0.76289 ];
       [ y3*2.53599 ];

       y1*0.92029;
       y2*1.06194;
       y3*1.15267;

       %C#3%

       y1 WITH y2@0;
       y1 WITH y3@0;
       y2 WITH y3@0;

       [ y1*2.81750 ];
       [ y2*0.01041 ];
       [ y3*0.43373 ];

       y1*0.89755;
       y2*0.94371;
       y3*1.72037;




  OUTPUT:
  tech1;
  svalues;
  tech3;


  SAVEDATA:



*** WARNING in MODEL command
  All variables are uncorrelated with all other variables within class.
  Check that this is what is intended.
   1 WARNING(S) FOUND IN THE INPUT INSTRUCTIONS



Code for Naive FMM model for data condition z=1

SUMMARY OF ANALYSIS

Number of groups                                                 1
Number of observations                                         500

Number of dependent variables                                    3
Number of independent variables                                  0
Number of continuous latent variables                            0
Number of categorical latent variables                           1

Observed dependent variables

  Continuous
   Y1          Y2          Y3

Observed auxiliary variables
   SUBPOP

Categorical latent variables
   C


Estimator                                                       ML
Information matrix                                        OBSERVED
Optimization Specifications for the Quasi-Newton Algorithm for
Continuous Outcomes
  Maximum number of iterations                                 100
  Convergence criterion                                  0.100D-05
Optimization Specifications for the EM Algorithm
  Maximum number of iterations                                 500
  Convergence criteria
    Loglikelihood change                                 0.100D-06
    Relative loglikelihood change                        0.100D-06
    Derivative                                           0.100D-05
Optimization Specifications for the M step of the EM Algorithm for
Categorical Latent variables
  Number of M step iterations                                    1
  M step convergence criterion                           0.100D-05
  Basis for M step termination                           ITERATION
Optimization Specifications for the M step of the EM Algorithm for
Censored, Binary or Ordered Categorical (Ordinal), Unordered
Categorical (Nominal) and Count Outcomes
  Number of M step iterations                                    1
  M step convergence criterion                           0.100D-05
  Basis for M step termination                           ITERATION
  Maximum value for logit thresholds                            15
  Minimum value for logit thresholds                           -15
  Minimum expected cell size for chi-square              0.100D-01
Maximum number of iterations for H1                           2000
Convergence criterion for H1                             0.100D-03
Optimization algorithm                                         EMA
Random Starts Specifications
  Number of initial stage random starts                       2560
  Number of final stage optimizations                         1024
  Number of initial stage iterations                            10
  Initial stage convergence criterion                    0.100D+01
  Random starts scale                                    0.500D+01
  Random seed for generating random starts                       0

Input data file(s)
  impdf p2 z1 rep1 pm1 pva1_imp_2.dat
Input data format  FREE


SUMMARY OF DATA

     Number of missing data patterns             1
     Number of y missing data patterns           1
     Number of u missing data patterns           0


COVARIANCE COVERAGE OF DATA

Minimum covariance coverage value   0.100


     PROPORTION OF DATA PRESENT FOR Y


           Covariance Coverage
              Y1            Y2            Y3
              ________      ________      ________
 Y1             1.000
 Y2             1.000         1.000
 Y3             1.000         1.000         1.000



UNIVARIATE SAMPLE STATISTICS


     UNIVARIATE HIGHER-ORDER MOMENT DESCRIPTIVE STATISTICS

         Variable/         Mean/     Skewness/   Minimum/ % with                Percentiles
        Sample Size      Variance    Kurtosis    Maximum  Min/Max      20%/60%    40%/80%    Median

     Y1                    1.333      -0.138      -2.760    0.20%      -0.069      0.992      1.424
             500.000       2.322      -0.311       5.162    0.20%       1.742      2.696
     Y2                    0.207       0.083      -2.748    0.20%      -0.757     -0.088      0.233
             500.000       1.154      -0.244       3.570    0.20%       0.464      1.093
     Y3                    0.739       0.290      -2.828    0.20%      -0.700      0.184      0.551
             500.000       2.451      -0.391       5.504    0.20%       1.053      2.145

RANDOM STARTS RESULTS RANKED FROM THE BEST TO THE WORST LOGLIKELIHOOD VALUES

118 perturbed starting value run(s) did not converge in the initial stage
optimizations.

Final stage loglikelihood values at local maxima, seeds, and initial stage start numbers:

           -2552.385  361694           1834
           -2552.385  164305           128
           -2552.385  203099           2298
           -2553.465  708047           1519
           -2554.036  918558           412
           -2554.036  708128           1722
           -2554.036  253358           2
           -2554.036  857122           889
           -2554.036  686384           690
           -2554.036  436892           565
           -2554.036  235468           1802
           -2554.036  501995           791
           -2554.036  364335           2289
           -2555.050  743830           1368
           -2555.050  266008           656
           -2555.050  772315           1958
           -2555.050  914193           1411
           -2555.050  177305           2130
           -2555.314  670998           1876
           -2555.314  199491           1364
           -2555.314  798446           1622
           -2555.314  314034           513
           -2555.314  356068           1924
           -2555.314  601074           2119
           -2555.314  503540           1984
           -2555.314  461687           833
           -2557.473  787857           2219
           -2557.473  762461           425
           -2557.473  441119           2104
           -2557.473  76451            211
           -2558.073  197223           332
           -2558.073  86698            893
           -2558.073  702670           1151
           -2558.073  853581           2531
           -2558.073  592494           1855
           -2558.073  955828           2491
           -2558.073  493775           1402
           -2558.073  608849           224
           -2558.073  357700           1359
           -2558.073  24070            1212
           -2558.073  159678           1553
           -2558.073  738069           1830
           -2558.073  216815           1600
           -2558.073  114433           708
           -2558.073  255016           1731
           -2558.073  775881           778
           -2558.073  930654           1156
           -2558.073  202790           198
           -2558.073  769072           1286
           -2558.073  582296           452
           -2558.073  109920           1729
           -2558.073  685268           596
           -2558.073  214260           2283
           -2558.073  552209           2123
           -2558.092  25174            2136
           -2558.092  24045            2066
           -2558.092  678813           1881
           -2558.173  322790           636
           -2558.173  673039           1173
           -2558.173  242621           1642
           -2558.173  900817           1060
           -2558.173  96617            955
           -2558.173  312061           2184
           -2558.173  57226            208
           -2558.173  377584           630
           -2558.173  393147           2109
           -2558.173  791614           1852
           -2558.173  868600           1707
           -2558.173  939021           8
           -2558.173  281462           285
           -2558.173  797955           1161
           -2558.173  583657           2537
           -2558.173  971119           1358
           -2558.173  839460           2507
           -2558.173  96941            890
           -2558.173  199639           1094
           -2558.173  420910           928
           -2558.173  323588           826
           -2558.173  105435           265
           -2558.173  604441           1026
           -2558.173  554395           2195
           -2558.173  480926           1824
           -2558.173  857799           315
           -2558.173  586870           1538
           -2558.173  358688           1573
           -2558.173  36642            2509
           -2558.173  979450           913
           -2558.173  879338           309
           -2558.173  560402           1532
           -2558.173  226337           1582
           -2558.173  753696           2372
           -2558.173  978061           488
           -2558.173  136842           58
           -2558.173  194143           510
           -2558.173  914505           838
           -2558.173  953205           2247
           -2558.173  49293            707
           -2558.173  350608           334
           -2558.173  476204           1318
           -2558.173  729232           1892
           -2558.173  957792           2069
           -2558.173  517385           2554
           -2558.173  480046           2484
           -2558.173  533691           1974
           -2558.173  391179           78
           -2558.173  344236           2061
           -2558.173  712531           631
           -2558.173  16207            1568
           -2558.173  27071            15
           -2558.173  523233           1487
           -2558.173  212934           568
           -2558.173  774692           1764
           -2558.173  76974            16
           -2558.173  442072           625
           -2558.173  435506           988
           -2558.173  301717           823
           -2558.173  559798           2250
           -2558.173  74736            2335
           -2558.173  961880           2019
           -2558.173  966014           37
           -2558.173  85114            385
           -2558.173  168205           2110
           -2558.173  77596            1258
           -2558.173  345974           622
           -2558.173  582061           2057
           -2558.173  871915           1602
           -2558.173  642909           251
           -2558.173  490123           995
           -2558.173  261601           1163
           -2558.173  691251           2249
           -2558.173  65562            1395
           -2558.173  150818           1050
           -2558.173  819358           2093
           -2558.173  891036           2392
           -2558.173  252949           487
           -2558.173  50983            834
           -2558.173  68985            17
           -2558.173  182461           1346
           -2558.173  426364           1325
           -2558.173  668003           647
           -2558.173  115929           1991
           -2558.173  871438           561
           -2558.173  179229           1453
           -2558.353  786248           2076
           -2558.353  118438           601
           -2558.353  677062           680
           -2558.353  158612           581
           -2558.353  655497           376
           -2558.353  165213           2343
           -2558.353  492040           1503
           -2558.353  166171           1577
           -2558.353  886821           2291
           -2558.353  77758            2126
           -2558.353  848163           47
           -2558.353  779820           877
           -2558.353  540678           2071
           -2558.353  182318           1536
           -2558.353  87586            871
           -2558.353  407168           44
           -2558.530  286835           1969
           -2558.530  574727           1437
           -2558.668  352988           2348
           -2558.958  899876           1808
           -2558.958  807584           2470
           -2558.958  63231            935
           -2558.958  269171           2307
           -2558.958  352277           42
           -2558.958  519357           559
           -2558.958  645664           39
           -2558.958  400937           1152
           -2558.958  758647           951
           -2558.958  802015           2527
           -2558.958  254551           996
           -2558.958  456213           160
           -2558.958  209031           632
           -2558.958  448749           1975
           -2559.525  486622           522
           -2559.607  443917           60
           -2559.607  754100           56
           -2559.607  168648           1788
           -2559.607  529627           1542
           -2559.607  278661           674
           -2559.607  608496           4
           -2559.607  990489           1167
           -2559.607  622860           259
           -2559.607  887580           493
           -2559.607  227563           63
           -2559.607  824956           607
           -2559.607  790297           1883
           -2559.607  807926           2090
           -2559.607  56628            2485
           -2559.607  306768           978
           -2559.607  863849           1122
           -2559.607  654377           1684
           -2559.607  832406           2449
           -2559.607  626277           1510
           -2559.607  723775           97
           -2559.607  155622           507
           -2559.607  209421           2547
           -2559.607  25127            107
           -2559.607  290366           1715
           -2559.607  120380           1470
           -2559.607  239088           1902
           -2559.607  315029           471
           -2559.607  131063           843
           -2559.607  440395           917
           -2559.607  621542           375
           -2559.607  329944           1506
           -2559.607  172133           1697
           -2559.607  140015           1556
           -2559.607  505244           582
           -2559.607  856612           700
           -2559.607  79785            2511
           -2559.607  560961           2422
           -2559.607  404510           442
           -2559.607  492839           1493
           -2559.607  697983           2256
           -2559.607  706042           1129
           -2559.607  365620           1457
           -2559.607  605358           321
           -2559.607  36090            2158
           -2559.607  420643           1224
           -2559.607  775996           1481
           -2559.607  975897           1569
           -2559.607  898058           1586
           -2559.607  320864           2078
           -2559.607  798839           312
           -2559.607  247610           2039
           -2559.607  44340            1189
           -2559.607  921206           1277
           -2559.607  107446           12
           -2559.607  952682           1882
           -2559.607  140864           1776
           -2559.607  158701           1058
           -2559.607  847088           750
           -2559.607  809654           1491
           -2559.607  75718            1987
           -2559.607  574412           679
           -2559.607  769797           1429
           -2559.607  891041           1811
           -2559.607  789171           2365
           -2559.607  366706           29
           -2559.607  812578           1865
           -2559.607  241299           912
           -2559.607  765586           709
           -2559.607  985387           381
           -2559.607  157351           579
           -2559.607  208620           965
           -2559.607  156034           2381
           -2559.607  518561           1856
           -2559.607  809240           543
           -2559.607  826811           1721
           -2559.607  276243           1768
           -2559.607  371246           101
           -2559.607  928860           1651
           -2559.607  246967           1557
           -2559.607  318388           2196
           -2559.607  900921           984
           -2559.607  910850           2508
           -2559.607  471512           1951
           -2559.607  879118           2519
           -2559.607  705445           1117
           -2559.607  502157           799
           -2559.607  470991           2259
           -2559.607  883355           2140
           -2559.607  504861           1771
           -2559.607  784504           1943
           -2559.607  855696           2357
           -2559.607  944394           1024
           -2559.607  550800           1488
           -2559.607  92355            1997
           -2559.607  23143            2012
           -2559.607  283492           435
           -2559.607  193569           440
           -2559.607  569833           85
           -2559.607  635964           2225
           -2559.607  393232           152
           -2559.607  43897            2230
           -2559.607  122040           1231
           -2559.607  170683           2388
           -2559.607  8089             2326
           -2559.607  422856           1676
           -2559.607  2066             1228
           -2559.607  764979           2540
           -2559.607  903369           134
           -2559.607  931959           2026
           -2559.607  571757           1268
           -2559.607  289148           1092
           -2559.607  437351           1874
           -2559.607  407108           366
           -2559.607  871188           1261
           -2559.607  73576            213
           -2559.607  370466           41
           -2559.607  568859           49
           -2559.607  163110           584
           -2559.607  724087           925
           -2559.607  708042           1444
           -2559.607  33398            2399
           -2559.607  177936           726
           -2559.607  484687           306
           -2559.607  117474           2515
           -2559.607  669947           1528
           -2559.607  289688           1330
           -2559.607  332331           1913
           -2559.607  641794           591
           -2559.607  49221            254
           -2559.607  613319           2008
           -2559.607  298753           2438
           -2559.607  508457           1649
           -2559.607  778331           1280
           -2559.607  817813           2324
           -2559.607  230124           2557
           -2559.607  645976           2302
           -2559.607  269874           1756
           -2559.607  818278           2043
           -2559.607  879349           1459
           -2559.607  677470           2267
           -2559.607  137877           1679
           -2559.607  514326           325
           -2559.607  512296           2476
           -2559.607  300470           1153
           -2559.607  113138           585
           -2559.607  971853           402
           -2559.607  785309           2490
           -2559.607  784646           1687
           -2559.607  110260           2535
           -2559.607  408652           2290
           -2559.607  399508           415
           -2559.607  355674           540
           -2559.607  475419           987
           -2559.607  862607           468
           -2559.607  602328           2117
           -2559.607  640833           434
           -2559.607  518162           1611
           -2559.607  117391           710
           -2559.607  269374           2321
           -2559.607  545628           2332
           -2559.607  125727           899
           -2559.607  930872           277
           -2559.607  119513           821
           -2559.607  941975           816
           -2559.607  384859           1530
           -2559.607  453915           975
           -2559.607  416250           390
           -2559.607  391368           802
           -2559.607  30098            209
           -2559.607  915107           54
           -2559.607  258756           2111
           -2559.607  752769           253
           -2559.607  859041           2096
           -2559.607  789528           837
           -2559.607  859380           1113
           -2559.607  259148           1734
           -2559.607  863643           1619
           -2559.607  738551           1214
           -2559.607  30019            1476
           -2559.607  449171           1260
           -2559.607  784664           75
           -2559.607  269105           1809
           -2559.607  669639           699
           -2559.607  354693           2038
           -2559.607  64717            1631
           -2559.607  355253           1233
           -2559.607  77237            2141
           -2559.607  602032           648
           -2559.607  979988           2164
           -2559.607  unperturbed      0
           -2559.607  877429           1489
           -2559.607  91976            1925
           -2559.607  256197           1923
           -2559.607  425831           2022
           -2559.607  264951           1130
           -2559.607  415769           1149
           -2559.607  808376           2161
           -2559.607  597614           284
           -2559.607  2315             2397
           -2559.607  271809           846
           -2559.607  355254           796
           -2559.607  788599           1180
           -2559.607  330772           2031
           -2559.607  656945           1255
           -2559.607  778787           1677
           -2559.607  708577           1350
           -2559.607  949451           2497
           -2559.607  743895           1198
           -2559.607  376289           1798
           -2559.607  800454           751
           -2559.607  401245           1929
           -2559.607  25294            2192
           -2559.607  407049           2089
           -2559.607  82255            2186
           -2559.607  777178           2530
           -2559.607  207917           976
           -2559.607  853283           1854
           -2559.607  452606           1675
           -2559.607  31158            2514
           -2559.607  300697           820
           -2559.607  432513           803
           -2559.607  435112           2339
           -2559.607  760850           739
           -2559.607  383979           603
           -2559.607  544077           809
           -2559.607  753046           2550
           -2559.607  682178           1344
           -2559.607  83306            2432
           -2559.607  995249           525
           -2559.607  742688           594
           -2559.607  910224           580
           -2559.607  605565           404
           -2559.607  839844           1663
           -2559.607  115028           1718
           -2559.607  781442           1230
           -2559.607  76337            76
           -2559.607  551282           1657
           -2559.607  569131           26
           -2559.607  647617           725
           -2559.607  622873           1218
           -2559.607  486646           586
           -2559.607  288940           2122
           -2559.607  696107           1452
           -2559.607  848579           2263
           -2559.607  589483           950
           -2559.636  640728           1187
           -2559.636  61710            1327
           -2559.636  44697            1792
           -2559.636  369973           2201
           -2559.636  513448           2016
           -2559.636  248742           556
           -2559.636  325724           1043
           -2559.636  333642           2555
           -2559.636  528938           1898
           -2559.636  729401           2106
           -2559.636  377504           294
           -2559.636  562716           300
           -2559.636  752476           614
           -2559.636  248493           1901
           -2559.636  602960           2226
           -2559.636  871851           257
           -2559.636  229744           1096
           -2559.636  250872           2380
           -2559.636  7510             2482
           -2559.636  359063           1108
           -2559.636  813351           1507
           -2559.636  754267           2203
           -2559.636  422103           62
           -2559.636  356194           1393
           -2559.636  162030           1047
           -2559.636  438144           271
           -2559.636  467843           1157
           -2559.636  396921           2282
           -2559.636  404917           1338
           -2559.636  692357           2081
           -2559.636  479256           1915
           -2559.636  917364           2314
           -2559.636  77210            712
           -2559.636  478421           311
           -2559.636  874208           1860
           -2559.636  228558           2496
           -2559.636  848890           95
           -2559.636  309926           1841
           -2559.636  392602           2487
           -2559.636  967588           1495
           -2559.636  609185           181
           -2559.636  221146           1046
           -2559.636  139018           1714
           -2559.636  539423           1517
           -2559.636  91231            727
           -2559.636  290980           1284
           -2559.636  926797           406
           -2559.636  443442           380
           -2559.636  462228           298
           -2559.636  896960           2150
           -2559.636  32106            2108
           -2559.636  954354           840
           -2559.636  495995           1745
           -2559.636  117731           570
           -2559.636  82661            2252
           -2559.636  437181           135
           -2559.636  369024           1905
           -2559.636  938409           1144
           -2559.636  40327            971
           -2559.636  804660           260
           -2559.636  848590           694
           -2559.636  889514           1505
           -2559.636  260601           36
           -2559.636  561273           2149
           -2559.636  299700           932
           -2559.636  321363           1095
           -2559.636  773195           849
           -2559.636  822358           1667
           -2559.636  268664           1784
           -2559.636  372176           23
           -2559.636  383902           673
           -2559.636  59296            1534
           -2559.636  547702           767
           -2559.636  481835           57
           -2559.636  922596           456
           -2559.636  617243           237
           -2559.636  44679            1591
           -2559.636  313407           132
           -2559.636  996270           1572
           -2559.636  496762           870
           -2559.636  417002           1499
           -2559.636  967567           1377
           -2559.636  588699           828
           -2559.636  781190           219
           -2559.636  972430           491
           -2559.636  621197           1029
           -2559.636  173191           422
           -2559.636  225995           847
           -2559.636  548360           1836
           -2559.636  426169           1544
           -2559.636  548673           732
           -2559.636  679832           302
           -2559.636  641890           2395
           -2559.636  367213           2313
           -2559.636  39810            966
           -2559.636  812847           2309
           -2559.636  298201           903
           -2559.636  83878            2541
           -2559.636  349562           359
           -2559.636  315131           2401
           -2559.636  810705           626
           -2559.636  247912           537
           -2559.636  610396           2429
           -2559.636  288738           940
           -2559.636  75168            1160
           -2559.636  889020           2277
           -2559.636  853439           1671
           -2559.636  312018           2209
           -2559.636  303429           1016
           -2559.636  33553            2098
           -2559.636  4395             2391
           -2559.636  188340           1343
           -2559.636  405371           569
           -2559.636  184418           2200
           -2559.636  917184           1337
           -2559.636  77571            980
           -2559.636  410512           1282
           -2559.636  742609           531
           -2559.636  752292           1750
           -2559.636  82357            339
           -2559.636  379464           1483
           -2559.636  856536           144
           -2559.636  558208           1403
           -2559.636  908674           1748
           -2559.636  831410           567
           -2559.636  84233            2134
           -2559.636  830392           35
           -2559.636  556929           734
           -2559.636  602305           1076
           -2559.636  287787           1630
           -2559.636  256781           1448
           -2559.636  452658           2063
           -2559.636  455410           999
           -2559.636  573367           986
           -2559.636  546909           1769
           -2559.636  990197           1055
           -2559.636  244349           736
           -2559.636  592184           2155
           -2559.636  465160           862
           -2559.636  607642           1838
           -2559.636  87366            2501
           -2559.636  238331           1749
           -2559.636  596257           405
           -2559.636  158157           1183
           -2559.636  480649           1900
           -2559.636  93468            3
           -2559.636  659832           754
           -2559.636  112482           2373
           -2559.636  734100           2162
           -2559.636  925846           2405
           -2559.636  97158            205
           -2559.636  465028           2361
           -2559.636  68932            2292
           -2559.636  738393           619
           -2559.636  754485           1175
           -2559.636  21345            199
           -2559.636  859223           1363
           -2559.636  228271           1422
           -2559.636  156309           2086
           -2559.636  675765           1323
           -2559.636  7886             804
           -2559.636  677720           681
           -2559.636  599003           1474
           -2559.636  804561           59
           -2559.636  715561           125
           -2559.636  125763           1942
           -2559.636  832104           2228
           -2559.636  940007           1417
           -2559.636  699834           723
           -2559.636  434915           552
           -2559.636  826132           2518
           -2559.636  622290           880
           -2559.636  341041           34
           -2559.636  205875           1635
           -2559.636  207896           25
           -2559.636  286505           2416
           -2559.636  418686           338
           -2559.636  478341           731
           -2559.636  82711            2181
           -2559.636  324517           1297
           -2559.636  614535           449
           -2559.636  667455           2558
           -2559.636  5262             2370
           -2559.636  460291           2387
           -2559.636  540436           2528
           -2559.636  494365           1331
           -2559.636  780626           1982
           -2559.636  635483           2083
           -2559.636  289415           1086
           -2559.636  438792           1525
           -2559.636  573976           1217
           -2559.636  657746           1455
           -2559.636  181089           1177
           -2559.636  481592           2133
           -2559.636  193847           354
           -2559.636  897581           1204
           -2559.636  777248           1669
           -2559.636  181598           2325
           -2559.636  689529           516
           -2559.636  432765           1609
           -2559.636  485635           876
           -2559.636  250631           2013
           -2559.636  33659            1435
           -2559.636  294174           2241
           -2559.636  3307             735
           -2559.636  539683           1215
           -2559.706  264081           186
           -2559.706  710154           831
           -2559.706  526742           1546
           -2559.706  493368           2483
           -2559.706  492644           2368
           -2559.706  668655           2036
           -2559.706  276468           1739
           -2559.706  143659           2516
           -2559.706  452356           1341
           -2559.706  512836           289
           -2559.706  945797           1471
           -2559.706  97300            640
           -2559.706  614009           317
           -2559.706  235969           1579
           -2559.706  842637           2453
           -2559.706  513949           1910
           -2559.706  520865           763
           -2559.706  661290           1376
           -2559.706  853781           716
           -2559.706  115653           1387
           -2559.706  92764            2064
           -2559.706  485483           498
           -2559.706  576726           280
           -2559.706  603765           1006
           -2559.706  402699           604
           -2559.750  427006           839
           -2560.025  4737             1662
           -2561.261  789564           2275
           -2561.261  556955           1141
           -2561.261  576783           866
           -2561.261  813779           92
           -2561.261  551639           55
           -2561.261  973315           2060
           -2561.261  294948           1999
           -2561.261  35478            2103
           -2561.261  852283           616
           -2561.261  329626           2457
           -2561.261  779882           1012
           -2561.261  80438            246
           -2561.261  800662           2352
           -2561.261  454111           2097
           -2561.261  561664           392
           -2561.261  814975           129
           -2561.261  72866            692
           -2561.261  7195             697
           -2561.261  697923           1431
           -2561.261  578567           2212
           -2561.261  971693           470
           -2561.261  262022           1467
           -2561.261  79212            517
           -2561.261  11984            934
           -2561.261  975027           1552
           -2561.261  314784           2475
           -2561.261  520685           2084
           -2561.261  181069           1810
           -2561.261  507154           387
           -2561.261  127362           757
           -2561.261  195873           6
           -2561.261  502808           1082
           -2561.261  681671           1253
           -2561.261  853118           1906
           -2561.261  661337           1754
           -2561.261  117833           2217
           -2561.261  484406           421
           -2561.261  827041           2400
           -2561.261  298553           773
           -2561.261  553174           2033
           -2561.261  234114           1312
           -2561.261  991329           182
           -2561.261  966499           963
           -2561.261  480675           1112
           -2561.261  246575           291
           -2561.261  330591           2510
           -2561.261  848356           602
           -2561.261  994934           2500
           -2561.261  428058           2354
           -2561.261  111066           1509
           -2561.261  39053            1301
           -2561.261  9311             1597
           -2561.261  4091             548
           -2561.261  957086           1019
           -2561.261  127215           9
           -2561.261  702492           718
           -2561.261  782821           272
           -2561.261  910097           1031
           -2561.261  281558           184
           -2561.261  172699           1626
           -2561.261  911275           2311
           -2561.261  262320           1744
           -2561.261  471398           74
           -2561.261  933596           2349
           -2561.261  100595           1766
           -2561.261  673767           1736
           -2561.261  420002           2011
           -2561.261  425929           508
           -2561.261  234137           1965
           -2561.261  643910           1957
           -2561.261  314757           345
           -2561.261  813605           2152
           -2561.261  666752           1820
           -2561.261  891510           1625
           -2561.261  366739           1283
           -2561.261  117116           1909
           -2561.261  830529           279
           -2561.261  830570           369
           -2561.261  491970           563
           -2561.261  317444           1136
           -2561.261  576220           115
           -2561.261  494209           904
           -2561.261  444363           1936
           -2561.261  298275           418
           -2561.261  398067           1759
           -2561.261  90218            1932
           -2561.261  606576           151
           -2561.261  119225           1658
           -2561.261  739458           1963
           -2561.261  508445           946
           -2561.261  300582           2236
           -2561.261  422004           1107
           -2561.366  858266           2330
           -2561.366  110911           1234
           -2561.366  584397           428
           -2561.366  7959             256
           -2561.366  392751           480
           -2561.366  231366           1137
           -2561.366  199867           1584
           -2561.366  694663           2278
           -2561.366  399071           1007
           -2561.366  919494           2018
           -2561.366  670595           1072
           -2561.366  176837           2193
           -2561.366  414059           1200
           -2561.366  169882           2005
           -2561.366  190781           2095
           -2561.366  718876           1104
           -2561.366  228451           1066
           -2561.366  752148           822
           -2561.366  329127           185
           -2561.366  785277           1603
           -2561.366  953003           1478
           -2561.366  149357           1743
           -2561.366  47719            962
           -2561.366  92091            649
           -2561.366  11122            2523
           -2561.366  607284           2163
           -2561.366  369684           1309
           -2561.366  224785           2053
           -2561.366  457623           2246
           -2561.366  235334           1613
           -2561.366  776504           2218
           -2561.366  449258           1356
           -2561.366  507885           2157
           -2561.366  401601           1267
           -2561.366  375590           438
           -2561.366  783110           72
           -2561.366  731610           1087
           -2561.366  165268           2436
           -2561.366  461866           722
           -2561.366  215353           164
           -2561.366  695486           1500
           -2561.366  650371           14
           -2561.366  925186           1332
           -2561.366  608363           1041
           -2561.366  892896           2177
           -2561.366  130011           587
           -2561.366  160326           546
           -2561.366  670281           721
           -2561.366  27733            2407
           -2561.366  303304           2450
           -2561.366  926762           704
           -2561.366  627249           1518
           -2561.366  563993           1973
           -2561.366  118958           994
           -2561.366  231199           1641
           -2561.366  76204            2003
           -2561.366  967237           48
           -2561.366  220454           288
           -2561.366  25531            2390
           -2561.374  242406           1207
           -2561.582  96362            1801
           -2561.582  570738           2306
           -2561.582  287107           864
           -2561.582  104688           2107
           -2561.582  830416           2120
           -2561.582  276023           1353
           -2561.582  970728           1371
           -2561.582  900268           327
           -2561.582  965639           463
           -2561.582  131202           1575
           -2561.934  566399           1877
           -2561.934  865693           1380
           -2561.934  421051           1287
           -2561.934  788796           145
           -2561.934  17730            1698
           -2562.072  825881           2525
           -2562.208  722748           346
           -2562.282  62738            2074
           -2562.282  354483           1851
           -2562.282  296162           856
           -2562.282  804990           2154
           -2562.282  72450            1922
           -2562.282  424280           1245
           -2562.282  301428           885
           -2562.282  327475           518
           -2562.282  203508           806
           -2562.282  926283           269
           -2562.282  392418           28
           -2562.282  72344            897
           -2562.282  668293           2023
           -2562.282  534193           689
           -2562.282  217403           1028
           -2562.282  903633           553
           -2562.282  138695           783
           -2562.282  157832           2560
           -2562.282  173814           2024
           -2562.282  834485           2486
           -2562.282  581196           921
           -2562.282  89970            223
           -2562.282  337570           1319
           -2562.282  896153           1265
           -2562.282  529496           343
           -2562.282  277422           1485
           -2562.282  798821           423
           -2562.282  818852           1650
           -2562.282  995875           547
           -2562.282  579995           183
           -2562.282  637095           207
           -2562.282  95219            1871
           -2562.282  745972           521
           -2562.282  566943           1023
           -2562.282  732971           1447
           -2562.282  695453           902
           -2562.282  372483           1645
           -2562.282  966603           919
           -2562.282  491386           1787
           -2562.282  1548             384
           -2562.282  312754           562
           -2562.282  175199           247
           -2562.282  197904           1782
           -2562.282  716616           1159
           -2562.282  483538           1897
           -2562.282  540747           1394
           -2562.282  76736            1142
           -2562.282  12050            1540
           -2562.282  185329           2145
           -2562.282  280104           1875
           -2562.282  884242           957
           -2562.282  956446           1081
           -2562.282  955502           1119
           -2562.282  80               2188
           -2562.282  414828           322
           -2562.282  663031           1566
           -2562.282  444166           1443
           -2562.282  566094           2115
           -2562.282  648352           1615
           -2562.282  96452            1783
           -2562.282  598245           1655
           -2562.282  215483           1952
           -2562.282  163519           2441
           -2562.282  784282           2479
           -2562.282  501017           1904
           -2562.282  294669           501
           -2562.282  227999           1392
           -2562.282  179022           687
           -2562.282  735928           916
           -2562.282  406935           958
           -2562.282  524942           2139
           -2562.282  123098           2191
           -2562.282  146857           1673
           -2562.282  123962           1868
           -2562.282  766903           505
           -2562.282  134413           1290
           -2562.282  353580           1794
           -2562.282  147440           514
           -2562.282  82200            830
           -2562.282  22518            1680
           -2562.282  848331           137
           -2562.282  567252           1843
           -2562.282  726120           2378
           -2562.282  608451           2248
           -2562.282  625191           350
           -2562.282  891481           1948
           -2562.282  474350           2384
           -2562.282  679448           937
           -2562.282  860940           1797
           -2562.282  435287           623
           -2562.282  462953           7
           -2562.282  42638            2048
           -2562.282  232249           1629
           -2562.282  476338           1418
           -2562.282  971278           2094
           -2562.282  423661           875
           -2562.282  444228           860
           -2562.282  540217           1477
           -2562.282  545140           278
           -2562.282  899942           1996
           -2562.282  264521           929
           -2562.282  676560           1250
           -2562.282  358083           2344
           -2562.282  279850           555
           -2562.282  74049            2269
           -2562.282  177175           851
           -2562.282  291962           2151
           -2562.282  653391           1195
           -2562.282  565819           65
           -2562.282  311484           1135
           -2562.282  322593           1893
           -2562.282  621978           1587
           -2562.282  843555           952
           -2562.282  685155           1761
           -2562.330  804616           868
           -2562.384  980958           1896
           -2562.384  437936           1717
           -2562.384  263394           1741
           -2562.384  188640           451
           -2562.384  378393           509
           -2562.636  932967           1515
           -2562.696  317640           437
           -2562.696  455617           242
           -2562.696  466971           109
           -2562.696  703098           1700
           -2562.696  613723           1804
           -2562.696  877272           1406
           -2562.696  382611           1990
           -2562.696  563584           657
           -2562.696  951352           2419
           -2562.696  650354           577
           -2562.696  901150           1143
           -2562.696  79945            395
           -2562.696  931874           141
           -2562.747  791285           416
           -2562.747  893582           2412
           -2562.747  391949           295
           -2562.747  202717           2210
           -2562.747  964999           1522
           -2562.747  922042           492
           -2562.960  179090           2206
           -2562.960  704798           530
           -2562.960  996231           310
           -2562.978  172913           557
           -2563.065  196948           1465
           -2563.065  664562           1138
           -2563.065  765589           1140
           -2563.065  695155           150
           -2563.065  762690           1732
           -2563.065  805935           615
           -2563.072  917702           693
           -2563.072  920346           2377
           -2563.072  479110           1796
           -2563.072  933977           1918
           -2563.072  373815           618
           -2563.072  21130            1988
           -2563.072  134830           780
           -2563.072  867231           1846
           -2563.072  688839           273
           -2563.072  419858           1617
           -2563.078  865575           2077
           -2563.207  408713           450
           -2563.207  546118           2030
           -2563.526  823410           1578
           -2563.580  4730             1760
           -2563.605  379033           2253
           -2563.605  364895           1590
           -2563.605  821750           2498
           -2563.605  993088           1740
           -2563.605  88388            1527
           -2563.605  866183           2319
           -2563.605  20976            1336
           -2563.605  374433           2240
           -2563.622  929823           1205
           -2563.748  479273           156
           -2563.748  324372           2214
           -2563.934  284716           713
           -2563.996  92564            583
           -2564.180  855760           593
           -2564.180  173709           1560
           -2564.493  791678           974
           -2564.493  950604           172
           -2564.621  520177           262
           -2564.621  703313           1415
           -2564.766  530559           1845
           -2564.766  879409           2041
           -2564.766  608460           244
           -2565.181  387401           1482
           -2565.181  276071           1551
           -2565.198  291149           536
           -2565.333  464179           106
           -2565.333  69133            1097
           -2565.333  675953           1562
           -2565.333  270428           1873
           -2565.333  171430           1672
           -2565.333  923767           1979
           -2565.581  973427           2340

3 perturbed starting value run(s) did not converge.



THE BEST LOGLIKELIHOOD VALUE HAS BEEN REPLICATED.  RERUN WITH AT LEAST TWICE THE
RANDOM STARTS TO CHECK THAT THE BEST LOGLIKELIHOOD IS STILL OBTAINED AND REPLICATED.

     THE STANDARD ERRORS OF THE MODEL PARAMETER ESTIMATES MAY NOT BE
     TRUSTWORTHY FOR SOME PARAMETERS DUE TO A NON-POSITIVE DEFINITE
     FIRST-ORDER DERIVATIVE PRODUCT MATRIX.  THIS MAY BE DUE TO THE STARTING
     VALUES BUT MAY ALSO BE AN INDICATION OF MODEL NONIDENTIFICATION.  THE
     CONDITION NUMBER IS       0.496D-19.  PROBLEM INVOLVING THE FOLLOWING PARAMETER:
     Parameter 2, %C#1%: [ Y2 ]


THE MODEL ESTIMATION TERMINATED NORMALLY



MODEL FIT INFORMATION

Number of Free Parameters                       20

Loglikelihood

          H0 Value                       -2552.385

Information Criteria

          Akaike (AIC)                    5144.770
          Bayesian (BIC)                  5229.062
          Sample-Size Adjusted BIC        5165.581
            (n* = (n + 2) / 24)



FINAL CLASS COUNTS AND PROPORTIONS FOR THE LATENT CLASSES
BASED ON THE ESTIMATED MODEL

    Latent
   Classes

       1          1.99969          0.00400
       2        128.61743          0.25723
       3        369.38289          0.73877


FINAL CLASS COUNTS AND PROPORTIONS FOR THE LATENT CLASSES
BASED ON ESTIMATED POSTERIOR PROBABILITIES

    Latent
   Classes

       1          1.99969          0.00400
       2        128.61778          0.25724
       3        369.38254          0.73877


FINAL CLASS COUNTS AND PROPORTIONS FOR THE LATENT CLASSES
BASED ON THEIR MOST LIKELY LATENT CLASS MEMBERSHIP

Class Counts and Proportions

    Latent
   Classes

       1                2          0.00400
       2              126          0.25200
       3              372          0.74400


CLASSIFICATION QUALITY

     Entropy                         0.780


Average Latent Class Probabilities for Most Likely Latent Class Membership (Row)
by Latent Class (Column)

           1        2        3

    1   1.000    0.000    0.000
    2   0.000    0.800    0.200
    3   0.000    0.075    0.925


Classification Probabilities for the Most Likely Latent Class Membership (Column)
by Latent Class (Row)

           1        2        3

    1   1.000    0.000    0.000
    2   0.000    0.784    0.216
    3   0.000    0.068    0.932


Logits for the Classification Probabilities for the Most Likely Latent Class Membership (Column)
by Latent Class (Row)

              1        2        3

    1     13.816    0.000    0.000
    2    -12.284    1.288    0.000
    3    -13.745   -2.614    0.000


MODEL RESULTS

                                                    Two-Tailed
                    Estimate       S.E.  Est./S.E.    P-Value

Latent Class 1

 Y1       WITH
    Y2                 0.000      0.000    999.000    999.000
    Y3                 0.000      0.000    999.000    999.000

 Y2       WITH
    Y3                 0.000      0.000    999.000    999.000

 Means
    Y1                -2.379      0.002  -1476.637      0.000
    Y2                -1.182      0.147     -8.026      0.000
    Y3                -1.051      0.023    -46.515      0.000

 Variances
    Y1                 0.000      0.000      1.000      0.317
    Y2                 0.043      0.043      1.000      0.317
    Y3                 0.001      0.001      1.000      0.317

Latent Class 2

 Y1       WITH
    Y2                 0.000      0.000    999.000    999.000
    Y3                 0.000      0.000    999.000    999.000

 Y2       WITH
    Y3                 0.000      0.000    999.000    999.000

 Means
    Y1                 1.464      0.121     12.064      0.000
    Y2                 0.811      0.163      4.989      0.000
    Y3                 2.514      0.202     12.427      0.000

 Variances
    Y1                 1.088      0.245      4.431      0.000
    Y2                 1.048      0.195      5.374      0.000
    Y3                 1.138      0.243      4.691      0.000

Latent Class 3

 Y1       WITH
    Y2                 0.000      0.000    999.000    999.000
    Y3                 0.000      0.000    999.000    999.000

 Y2       WITH
    Y3                 0.000      0.000    999.000    999.000

 Means
    Y1                 1.307      0.090     14.447      0.000
    Y2                 0.004      0.063      0.058      0.954
    Y3                 0.131      0.140      0.935      0.350

 Variances
    Y1                 2.683      0.211     12.700      0.000
    Y2                 1.018      0.082     12.405      0.000
    Y3                 1.437      0.223      6.447      0.000

Categorical Latent Variables

 Means
    C#1               -5.219      0.713     -7.321      0.000
    C#2               -1.055      0.300     -3.521      0.000


QUALITY OF NUMERICAL RESULTS

     Condition Number for the Information Matrix              0.496E-19
       (ratio of smallest to largest eigenvalue)


MODEL COMMAND WITH FINAL ESTIMATES USED AS STARTING VALUES

     %OVERALL%

     [ c#1*-5.21884 ];
     [ c#2*-1.05499 ];

     %C#1%

     y1 WITH y2@0;
     y1 WITH y3@0;
     y2 WITH y3@0;

     [ y1*-2.37891 ];
     [ y2*-1.18214 ];
     [ y3*-1.05122 ];

     y1*0.00001;
     y2*0.04337;
     y3*0.00102;

     %C#2%

     y1 WITH y2@0;
     y1 WITH y3@0;
     y2 WITH y3@0;

     [ y1*1.46416 ];
     [ y2*0.81102 ];
     [ y3*2.51403 ];

     y1*1.08774;
     y2*1.04846;
     y3*1.13813;

     %C#3%

     y1 WITH y2@0;
     y1 WITH y3@0;
     y2 WITH y3@0;

     [ y1*1.30723 ];
     [ y2*0.00369 ];
     [ y3*0.13089 ];

     y1*2.68276;
     y2*1.01834;
     y3*1.43666;



TECHNICAL 1 OUTPUT


     PARAMETER SPECIFICATION FOR LATENT CLASS 1


           NU
              Y1            Y2            Y3
              ________      ________      ________
                    1             2             3


           THETA
              Y1            Y2            Y3
              ________      ________      ________
 Y1                 4
 Y2                 0             5
 Y3                 0             0             6


     PARAMETER SPECIFICATION FOR LATENT CLASS 2


           NU
              Y1            Y2            Y3
              ________      ________      ________
                    7             8             9


           THETA
              Y1            Y2            Y3
              ________      ________      ________
 Y1                10
 Y2                 0            11
 Y3                 0             0            12


     PARAMETER SPECIFICATION FOR LATENT CLASS 3


           NU
              Y1            Y2            Y3
              ________      ________      ________
                   13            14            15


           THETA
              Y1            Y2            Y3
              ________      ________      ________
 Y1                16
 Y2                 0            17
 Y3                 0             0            18


     PARAMETER SPECIFICATION FOR LATENT CLASS REGRESSION MODEL PART


           ALPHA(C)
              C#1           C#2           C#3
              ________      ________      ________
                   19            20             0


     STARTING VALUES FOR LATENT CLASS 1


           NU
              Y1            Y2            Y3
              ________      ________      ________
                0.098        -0.127        -0.010


           THETA
              Y1            Y2            Y3
              ________      ________      ________
 Y1             1.408
 Y2             0.000         0.919
 Y3             0.000         0.000         1.373


     STARTING VALUES FOR LATENT CLASS 2


           NU
              Y1            Y2            Y3
              ________      ________      ________
                1.378         0.763         2.536


           THETA
              Y1            Y2            Y3
              ________      ________      ________
 Y1             0.920
 Y2             0.000         1.062
 Y3             0.000         0.000         1.153


     STARTING VALUES FOR LATENT CLASS 3


           NU
              Y1            Y2            Y3
              ________      ________      ________
                2.818         0.010         0.434


           THETA
              Y1            Y2            Y3
              ________      ________      ________
 Y1             0.898
 Y2             0.000         0.944
 Y3             0.000         0.000         1.720


     STARTING VALUES FOR LATENT CLASS REGRESSION MODEL PART


           ALPHA(C)
              C#1           C#2           C#3
              ________      ________      ________
                0.167        -0.300         0.000


TECHNICAL 3 OUTPUT


           ESTIMATED COVARIANCE MATRIX FOR PARAMETER ESTIMATES
                     1             2             3             4             5
              ________      ________      ________      ________      ________
        1   0.259543D-05
        2  -0.373256D-07  0.216940D-01
        3  -0.572720D-08  0.523609D-06  0.510752D-03
        4  -0.577809D-16  0.694520D-14  0.106566D-14  0.269324D-10
        5  -0.634700D-12  0.127282D-09  0.890366D-11  0.118099D-18  0.188163D-02
        6  -0.149490D-13  0.136671D-11  0.347232D-10  0.278156D-20  0.232401D-16
        7   0.248391D-09 -0.227091D-07 -0.348445D-08 -0.462184D-16 -0.384010D-12
        8  -0.104403D-08  0.954505D-07  0.146458D-07  0.194264D-15  0.161430D-11
        9  -0.142720D-08  0.130482D-06  0.200209D-07  0.265562D-15  0.220431D-11
       10   0.126892D-08 -0.116011D-06 -0.178005D-07 -0.236109D-15 -0.196161D-11
       11   0.727375D-09 -0.665002D-07 -0.102037D-07 -0.135343D-15 -0.112721D-11
       12   0.606987D-09 -0.554937D-07 -0.851485D-08 -0.112943D-15 -0.936507D-12
       13  -0.113227D-08  0.103518D-06  0.158836D-07  0.210684D-15  0.175013D-11
       14  -0.323323D-09  0.295598D-07  0.453558D-08  0.601613D-16  0.497502D-12
       15  -0.151183D-08  0.138219D-06  0.212080D-07  0.281308D-15  0.233638D-11
       16   0.344309D-08 -0.314784D-06 -0.482999D-07 -0.640660D-15 -0.532146D-11
       17  -0.535282D-09  0.489381D-07  0.750901D-08  0.996001D-16  0.832155D-12
       18  -0.185869D-08  0.169930D-06  0.260738D-07  0.345848D-15  0.287414D-11
       19  -0.460688D-07  0.421183D-05  0.646256D-06  0.857208D-14  0.712077D-10
       20   0.257812D-08 -0.235705D-06 -0.361661D-07 -0.479715D-15 -0.398376D-11


           ESTIMATED COVARIANCE MATRIX FOR PARAMETER ESTIMATES
                     6             7             8             9            10
              ________      ________      ________      ________      ________
        6   0.104298D-05
        7  -0.909266D-14  0.147292D-01
        8   0.382184D-13 -0.181756D-02  0.264296D-01
        9   0.522422D-13  0.125226D-03  0.111237D-01  0.409288D-01
       10  -0.464502D-13  0.120486D-02 -0.213792D-01 -0.186448D-01  0.602595D-01
       11  -0.266295D-13  0.151628D-02 -0.148349D-01 -0.284621D-02  0.159922D-01
       12  -0.222174D-13 -0.758707D-03  0.681688D-04 -0.277364D-01  0.368665D-02
       13   0.414479D-13 -0.223329D-02  0.186155D-02  0.168113D-02 -0.221656D-02
       14   0.118330D-13  0.378908D-03 -0.433191D-04  0.499960D-02 -0.180065D-02
       15   0.553414D-13 -0.793266D-03  0.147854D-01  0.150214D-01 -0.207975D-01
       16  -0.126037D-12 -0.610941D-03 -0.465259D-02 -0.107809D-01  0.327526D-02
       17   0.195998D-13  0.279399D-03  0.228350D-03  0.223148D-02 -0.135724D-02
       18   0.680403D-13 -0.163628D-02  0.236443D-01  0.155549D-01 -0.319571D-01
       19   0.168639D-11  0.314160D-03 -0.782777D-02 -0.109876D-01  0.114490D-01
       20  -0.943731D-13  0.121799D-02 -0.303152D-01 -0.425540D-01  0.443381D-01


           ESTIMATED COVARIANCE MATRIX FOR PARAMETER ESTIMATES
                    11            12            13            14            15
              ________      ________      ________      ________      ________
       11   0.380645D-01
       12  -0.481055D-02  0.588559D-01
       13  -0.124056D-02 -0.600303D-03  0.818794D-02
       14   0.149951D-02 -0.447105D-02  0.110373D-03  0.401844D-02
       15  -0.983052D-02 -0.347012D-02  0.165379D-02  0.193862D-02  0.195785D-01
       16   0.139687D-02  0.745006D-02 -0.459755D-03 -0.183911D-02 -0.645696D-02
       17  -0.205795D-02 -0.211969D-02  0.260625D-04  0.555063D-03  0.109619D-02
       18  -0.180351D-01  0.291047D-02  0.247472D-02  0.156721D-02  0.235125D-01
       19   0.454016D-02  0.550732D-02 -0.937654D-03 -0.154301D-02 -0.877550D-02
       20   0.175821D-01  0.213292D-01 -0.363799D-02 -0.597813D-02 -0.339885D-01


           ESTIMATED COVARIANCE MATRIX FOR PARAMETER ESTIMATES
                    16            17            18            19            20
              ________      ________      ________      ________      ________
       16   0.446241D-01
       17  -0.792305D-03  0.673904D-02
       18  -0.775676D-02  0.126411D-02  0.496641D-01
       19   0.427868D-02 -0.785953D-03 -0.121359D-01  0.508152D+00
       20   0.165897D-01 -0.304341D-02 -0.470010D-01  0.231822D-01  0.897781D-01


           ESTIMATED CORRELATION MATRIX FOR PARAMETER ESTIMATES
                     1             2             3             4             5
              ________      ________      ________      ________      ________
        1       1.000
        2       0.000         1.000
        3       0.000         0.000         1.000
        4       0.000         0.000         0.000         1.000
        5       0.000         0.000         0.000         0.000         1.000
        6       0.000         0.000         0.000         0.000         0.000
        7       0.000         0.000         0.000         0.000         0.000
        8       0.000         0.000         0.000         0.000         0.000
        9       0.000         0.000         0.000         0.000         0.000
       10       0.000         0.000         0.000         0.000         0.000
       11       0.000         0.000         0.000         0.000         0.000
       12       0.000         0.000         0.000         0.000         0.000
       13       0.000         0.000         0.000         0.000         0.000
       14       0.000         0.000         0.000         0.000         0.000
       15       0.000         0.000         0.000         0.000         0.000
       16       0.000         0.000         0.000         0.000         0.000
       17       0.000         0.000         0.000         0.000         0.000
       18       0.000         0.000         0.000         0.000         0.000
       19       0.000         0.000         0.000         0.000         0.000
       20       0.000         0.000         0.000         0.000         0.000


           ESTIMATED CORRELATION MATRIX FOR PARAMETER ESTIMATES
                     6             7             8             9            10
              ________      ________      ________      ________      ________
        6       1.000
        7       0.000         1.000
        8       0.000        -0.092         1.000
        9       0.000         0.005         0.338         1.000
       10       0.000         0.040        -0.536        -0.375         1.000
       11       0.000         0.064        -0.468        -0.072         0.334
       12       0.000        -0.026         0.002        -0.565         0.062
       13       0.000        -0.203         0.127         0.092        -0.100
       14       0.000         0.049        -0.004         0.390        -0.116
       15       0.000        -0.047         0.650         0.531        -0.605
       16       0.000        -0.024        -0.135        -0.252         0.063
       17       0.000         0.028         0.017         0.134        -0.067
       18       0.000        -0.060         0.653         0.345        -0.584
       19       0.000         0.004        -0.068        -0.076         0.065
       20       0.000         0.033        -0.622        -0.702         0.603


           ESTIMATED CORRELATION MATRIX FOR PARAMETER ESTIMATES
                    11            12            13            14            15
              ________      ________      ________      ________      ________
       11       1.000
       12      -0.102         1.000
       13      -0.070        -0.027         1.000
       14       0.121        -0.291         0.019         1.000
       15      -0.360        -0.102         0.131         0.219         1.000
       16       0.034         0.145        -0.024        -0.137        -0.218
       17      -0.128        -0.106         0.004         0.107         0.095
       18      -0.415         0.054         0.123         0.111         0.754
       19       0.033         0.032        -0.015        -0.034        -0.088
       20       0.301         0.293        -0.134        -0.315        -0.811


           ESTIMATED CORRELATION MATRIX FOR PARAMETER ESTIMATES
                    16            17            18            19            20
              ________      ________      ________      ________      ________
       16       1.000
       17      -0.046         1.000
       18      -0.165         0.069         1.000
       19       0.028        -0.013        -0.076         1.000
       20       0.262        -0.124        -0.704         0.109         1.000


     Beginning Time:  19:33:14
        Ending Time:  19:34:13
       Elapsed Time:  00:00:59



MUTHEN & MUTHEN
3463 Stoner Ave.
Los Angeles, CA  90066

Tel: (310) 391-9971
Fax: (310) 391-8971
Web: www.StatModel.com
Support: Support@StatModel.com

Copyright (c) 1998-2017 Muthen & Muthen
