Mplus VERSION 8
MUTHEN & MUTHEN
10/08/2018   7:34 PM

INPUT INSTRUCTIONS

  TITLE: Code for Naive FMM model for data condition z=1


  DATA:
  FILE = impdf p2 z1 rep1 pm1 pva1_imp_25.dat;


  VARIABLE:
  NAMES = Y1 Y2 Y3  Xcom1 subpop;
  USEV = Y1 Y2 Y3;
  AUXILIARY = subpop;
  CLASSES = c(3);
  MISSING = .;


  ANALYSIS:
  TYPE = MIXTURE;
  Estimator = ML;
  INFORMATION = obs;
  STARTS = 320 128;


  MODEL:


       %OVERALL%

       [ c#1*0.23202 ];
       [ c#2*0.44395 ];

       %C#1%

       y1 WITH y2@0;
       y1 WITH y3@0;
       y2 WITH y3@0;

       [ y1*2.83375 ];
       [ y2*0.24008 ];
       [ y3*0.34239 ];

       y1*0.89219;
       y2*0.97488;
       y3*1.58358;

       %C#2%

       y1 WITH y2@0;
       y1 WITH y3@0;
       y2 WITH y3@0;

       [ y1*0.15644 ];
       [ y2*-0.07681 ];
       [ y3*0.08680 ];

       y1*1.40289;
       y2*0.94960;
       y3*1.56755;

       %C#3%

       y1 WITH y2@0;
       y1 WITH y3@0;
       y2 WITH y3@0;

       [ y1*1.33233 ];
       [ y2*0.69199 ];
       [ y3*2.56344 ];

       y1*0.96746;
       y2*1.16979;
       y3*1.01849;




  OUTPUT:
  tech1;
  svalues;
  tech3;


  SAVEDATA:



*** WARNING in MODEL command
  All variables are uncorrelated with all other variables within class.
  Check that this is what is intended.
   1 WARNING(S) FOUND IN THE INPUT INSTRUCTIONS



Code for Naive FMM model for data condition z=1

SUMMARY OF ANALYSIS

Number of groups                                                 1
Number of observations                                         500

Number of dependent variables                                    3
Number of independent variables                                  0
Number of continuous latent variables                            0
Number of categorical latent variables                           1

Observed dependent variables

  Continuous
   Y1          Y2          Y3

Observed auxiliary variables
   SUBPOP

Categorical latent variables
   C


Estimator                                                       ML
Information matrix                                        OBSERVED
Optimization Specifications for the Quasi-Newton Algorithm for
Continuous Outcomes
  Maximum number of iterations                                 100
  Convergence criterion                                  0.100D-05
Optimization Specifications for the EM Algorithm
  Maximum number of iterations                                 500
  Convergence criteria
    Loglikelihood change                                 0.100D-06
    Relative loglikelihood change                        0.100D-06
    Derivative                                           0.100D-05
Optimization Specifications for the M step of the EM Algorithm for
Categorical Latent variables
  Number of M step iterations                                    1
  M step convergence criterion                           0.100D-05
  Basis for M step termination                           ITERATION
Optimization Specifications for the M step of the EM Algorithm for
Censored, Binary or Ordered Categorical (Ordinal), Unordered
Categorical (Nominal) and Count Outcomes
  Number of M step iterations                                    1
  M step convergence criterion                           0.100D-05
  Basis for M step termination                           ITERATION
  Maximum value for logit thresholds                            15
  Minimum value for logit thresholds                           -15
  Minimum expected cell size for chi-square              0.100D-01
Maximum number of iterations for H1                           2000
Convergence criterion for H1                             0.100D-03
Optimization algorithm                                         EMA
Random Starts Specifications
  Number of initial stage random starts                        320
  Number of final stage optimizations                          128
  Number of initial stage iterations                            10
  Initial stage convergence criterion                    0.100D+01
  Random starts scale                                    0.500D+01
  Random seed for generating random starts                       0

Input data file(s)
  impdf p2 z1 rep1 pm1 pva1_imp_25.dat
Input data format  FREE


SUMMARY OF DATA

     Number of missing data patterns             1
     Number of y missing data patterns           1
     Number of u missing data patterns           0


COVARIANCE COVERAGE OF DATA

Minimum covariance coverage value   0.100


     PROPORTION OF DATA PRESENT FOR Y


           Covariance Coverage
              Y1            Y2            Y3
              ________      ________      ________
 Y1             1.000
 Y2             1.000         1.000
 Y3             1.000         1.000         1.000



UNIVARIATE SAMPLE STATISTICS


     UNIVARIATE HIGHER-ORDER MOMENT DESCRIPTIVE STATISTICS

         Variable/         Mean/     Skewness/   Minimum/ % with                Percentiles
        Sample Size      Variance    Kurtosis    Maximum  Min/Max      20%/60%    40%/80%    Median

     Y1                    1.343      -0.122      -2.760    0.20%      -0.113      0.992      1.379
             500.000       2.448      -0.408       5.162    0.20%       1.851      2.700
     Y2                    0.296       0.020      -2.748    0.20%      -0.563      0.046      0.317
             500.000       1.106      -0.104       3.570    0.20%       0.547      1.177
     Y3                    0.776       0.249      -2.828    0.20%      -0.546      0.200      0.682
             500.000       2.337      -0.324       5.504    0.20%       1.105      2.132

RANDOM STARTS RESULTS RANKED FROM THE BEST TO THE WORST LOGLIKELIHOOD VALUES

17 perturbed starting value run(s) did not converge in the initial stage
optimizations.

Final stage loglikelihood values at local maxima, seeds, and initial stage start numbers:

           -2548.846  415931           10
           -2548.846  545140           278
           -2549.180  830392           35
           -2549.180  342019           301
           -2549.180  131856           90
           -2549.180  156536           245
           -2549.180  414284           158
           -2549.180  751153           110
           -2549.180  285380           1
           -2549.180  544048           87
           -2549.180  789985           67
           -2549.180  195353           225
           -2549.180  576596           99
           -2549.180  891531           206
           -2549.180  354559           73
           -2549.180  329127           185
           -2549.180  354208           196
           -2549.180  642909           251
           -2549.180  443917           60
           -2549.180  529455           268
           -2549.180  483369           270
           -2549.180  462953           7
           -2549.180  372176           23
           -2549.180  723775           97
           -2549.180  636396           168
           -2549.180  405079           68
           -2549.180  366706           29
           -2549.180  573096           20
           -2549.180  568859           49
           -2549.180  793035           187
           -2549.180  181293           212
           -2549.180  879338           309
           -2549.180  358488           264
           -2549.180  466971           109
           -2549.180  188498           258
           -2549.180  391179           78
           -2549.180  479273           156
           -2549.180  608496           4
           -2549.180  797594           234
           -2549.180  25127            107
           -2549.180  68985            17
           -2549.180  476498           179
           -2549.180  963053           43
           -2549.180  830529           279
           -2549.180  813779           92
           -2549.180  370466           41
           -2549.180  437181           135
           -2549.180  175199           247
           -2549.180  478421           311
           -2549.180  193042           316
           -2549.180  475420           71
           -2549.180  967902           52
           -2549.180  76451            211
           -2549.180  168762           200
           -2549.180  580405           286
           -2549.180  802779           122
           -2549.180  402224           91
           -2549.180  377504           294
           -2549.180  565819           65
           -2549.180  30098            209
           -2549.180  467339           66
           -2549.180  268217           83
           -2549.180  260601           36
           -2549.180  521575           313
           -2549.180  340112           126
           -2549.180  685657           69
           -2549.180  754100           56
           -2549.180  371246           101
           -2549.180  788796           145
           -2549.180  945065           255
           -2549.180  438144           271
           -2549.180  417035           149
           -2549.180  unperturbed      0
           -2549.180  471398           74
           -2549.180  534864           307
           -2549.180  569131           26
           -2549.180  851945           18
           -2549.180  622860           259
           -2549.180  609185           181
           -2550.847  393232           152
           -2551.601  679832           302
           -2551.601  76337            76
           -2551.601  957392           79
           -2551.903  100874           108
           -2551.903  597614           284
           -2551.903  728038           177
           -2551.903  992389           77
           -2551.903  387701           275
           -2551.903  7959             256
           -2551.903  399848           220
           -2551.903  27071            15
           -2552.862  751054           117
           -2553.056  80438            246
           -2553.813  629320           222
           -2553.813  903420           5
           -2553.813  150531           154
           -2553.813  606576           151
           -2554.229  481835           57
           -2554.402  535804           111
           -2554.402  57226            208
           -2554.485  264081           186
           -2554.926  931874           141
           -2554.991  392418           28
           -2554.991  499150           216
           -2554.991  928287           197
           -2554.991  576220           115
           -2554.991  12477            155
           -2554.991  391949           295
           -2554.991  253358           2
           -2554.991  717754           180
           -2554.991  369602           146
           -2555.401  392407           221
           -2555.483  440841           118
           -2555.483  468036           131
           -2555.483  97158            205
           -2555.627  608460           244
           -2555.694  939021           8
           -2555.741  458181           189
           -2555.741  456213           160
           -2555.741  464179           106
           -2555.989  614009           317
           -2555.989  165853           105
           -2556.113  752769           253
           -2556.320  436460           89
           -2556.645  66276            217
           -2556.822  915642           40
           -2556.822  341041           34
           -2556.822  297518           166



THE BEST LOGLIKELIHOOD VALUE HAS BEEN REPLICATED.  RERUN WITH AT LEAST TWICE THE
RANDOM STARTS TO CHECK THAT THE BEST LOGLIKELIHOOD IS STILL OBTAINED AND REPLICATED.

     THE STANDARD ERRORS OF THE MODEL PARAMETER ESTIMATES MAY NOT BE
     TRUSTWORTHY FOR SOME PARAMETERS DUE TO A NON-POSITIVE DEFINITE
     FIRST-ORDER DERIVATIVE PRODUCT MATRIX.  THIS MAY BE DUE TO THE STARTING
     VALUES BUT MAY ALSO BE AN INDICATION OF MODEL NONIDENTIFICATION.  THE
     CONDITION NUMBER IS       0.879D-17.  PROBLEM INVOLVING THE FOLLOWING PARAMETER:
     Parameter 17, %C#3%: Y2


THE MODEL ESTIMATION TERMINATED NORMALLY



MODEL FIT INFORMATION

Number of Free Parameters                       20

Loglikelihood

          H0 Value                       -2548.846

Information Criteria

          Akaike (AIC)                    5137.692
          Bayesian (BIC)                  5221.985
          Sample-Size Adjusted BIC        5158.503
            (n* = (n + 2) / 24)



FINAL CLASS COUNTS AND PROPORTIONS FOR THE LATENT CLASSES
BASED ON THE ESTIMATED MODEL

    Latent
   Classes

       1        380.85461          0.76171
       2        115.22582          0.23045
       3          3.91957          0.00784


FINAL CLASS COUNTS AND PROPORTIONS FOR THE LATENT CLASSES
BASED ON ESTIMATED POSTERIOR PROBABILITIES

    Latent
   Classes

       1        380.85461          0.76171
       2        115.22582          0.23045
       3          3.91957          0.00784


FINAL CLASS COUNTS AND PROPORTIONS FOR THE LATENT CLASSES
BASED ON THEIR MOST LIKELY LATENT CLASS MEMBERSHIP

Class Counts and Proportions

    Latent
   Classes

       1              386          0.77200
       2              110          0.22000
       3                4          0.00800


CLASSIFICATION QUALITY

     Entropy                         0.797


Average Latent Class Probabilities for Most Likely Latent Class Membership (Row)
by Latent Class (Column)

           1        2        3

    1   0.931    0.069    0.000
    2   0.195    0.805    0.000
    3   0.001    0.019    0.980


Classification Probabilities for the Most Likely Latent Class Membership (Column)
by Latent Class (Row)

           1        2        3

    1   0.944    0.056    0.000
    2   0.231    0.768    0.001
    3   0.000    0.000    1.000


Logits for the Classification Probabilities for the Most Likely Latent Class Membership (Column)
by Latent Class (Row)

              1        2        3

    1     11.881    9.063    0.000
    2      5.833    7.035    0.000
    3    -13.816  -13.816    0.000


MODEL RESULTS

                                                    Two-Tailed
                    Estimate       S.E.  Est./S.E.    P-Value

Latent Class 1

 Y1       WITH
    Y2                 0.000      0.000    999.000    999.000
    Y3                 0.000      0.000    999.000    999.000

 Y2       WITH
    Y3                 0.000      0.000    999.000    999.000

 Means
    Y1                 1.294      0.091     14.169      0.000
    Y2                 0.119      0.059      2.036      0.042
    Y3                 0.207      0.124      1.669      0.095

 Variances
    Y1                 2.878      0.223     12.881      0.000
    Y2                 0.984      0.078     12.637      0.000
    Y3                 1.403      0.185      7.597      0.000

Latent Class 2

 Y1       WITH
    Y2                 0.000      0.000    999.000    999.000
    Y3                 0.000      0.000    999.000    999.000

 Y2       WITH
    Y3                 0.000      0.000    999.000    999.000

 Means
    Y1                 1.499      0.129     11.662      0.000
    Y2                 0.892      0.166      5.361      0.000
    Y3                 2.522      0.179     14.117      0.000

 Variances
    Y1                 1.074      0.235      4.573      0.000
    Y2                 1.081      0.204      5.306      0.000
    Y3                 0.848      0.177      4.795      0.000

Latent Class 3

 Y1       WITH
    Y2                 0.000      0.000    999.000    999.000
    Y3                 0.000      0.000    999.000    999.000

 Y2       WITH
    Y3                 0.000      0.000    999.000    999.000

 Means
    Y1                 1.509      0.115     13.161      0.000
    Y2                -0.019      0.162     -0.116      0.908
    Y3                 4.759      0.028    171.803      0.000

 Variances
    Y1                 0.050      0.036      1.394      0.163
    Y2                 0.100      0.072      1.395      0.163
    Y3                 0.003      0.002      1.399      0.162

Categorical Latent Variables

 Means
    C#1                4.576      0.517      8.857      0.000
    C#2                3.381      0.560      6.035      0.000


QUALITY OF NUMERICAL RESULTS

     Condition Number for the Information Matrix              0.879E-17
       (ratio of smallest to largest eigenvalue)


MODEL COMMAND WITH FINAL ESTIMATES USED AS STARTING VALUES

     %OVERALL%

     [ c#1*4.57643 ];
     [ c#2*3.38091 ];

     %C#1%

     y1 WITH y2@0;
     y1 WITH y3@0;
     y2 WITH y3@0;

     [ y1*1.29432 ];
     [ y2*0.11930 ];
     [ y3*0.20671 ];

     y1*2.87786;
     y2*0.98373;
     y3*1.40266;

     %C#2%

     y1 WITH y2@0;
     y1 WITH y3@0;
     y2 WITH y3@0;

     [ y1*1.49937 ];
     [ y2*0.89221 ];
     [ y3*2.52180 ];

     y1*1.07369;
     y2*1.08148;
     y3*0.84784;

     %C#3%

     y1 WITH y2@0;
     y1 WITH y3@0;
     y2 WITH y3@0;

     [ y1*1.50950 ];
     [ y2*-0.01875 ];
     [ y3*4.75943 ];

     y1*0.05020;
     y2*0.10007;
     y3*0.00294;



TECHNICAL 1 OUTPUT


     PARAMETER SPECIFICATION FOR LATENT CLASS 1


           NU
              Y1            Y2            Y3
              ________      ________      ________
                    1             2             3


           THETA
              Y1            Y2            Y3
              ________      ________      ________
 Y1                 4
 Y2                 0             5
 Y3                 0             0             6


     PARAMETER SPECIFICATION FOR LATENT CLASS 2


           NU
              Y1            Y2            Y3
              ________      ________      ________
                    7             8             9


           THETA
              Y1            Y2            Y3
              ________      ________      ________
 Y1                10
 Y2                 0            11
 Y3                 0             0            12


     PARAMETER SPECIFICATION FOR LATENT CLASS 3


           NU
              Y1            Y2            Y3
              ________      ________      ________
                   13            14            15


           THETA
              Y1            Y2            Y3
              ________      ________      ________
 Y1                16
 Y2                 0            17
 Y3                 0             0            18


     PARAMETER SPECIFICATION FOR LATENT CLASS REGRESSION MODEL PART


           ALPHA(C)
              C#1           C#2           C#3
              ________      ________      ________
                   19            20             0


     STARTING VALUES FOR LATENT CLASS 1


           NU
              Y1            Y2            Y3
              ________      ________      ________
                2.834         0.240         0.342


           THETA
              Y1            Y2            Y3
              ________      ________      ________
 Y1             0.892
 Y2             0.000         0.975
 Y3             0.000         0.000         1.584


     STARTING VALUES FOR LATENT CLASS 2


           NU
              Y1            Y2            Y3
              ________      ________      ________
                0.156        -0.077         0.087


           THETA
              Y1            Y2            Y3
              ________      ________      ________
 Y1             1.403
 Y2             0.000         0.950
 Y3             0.000         0.000         1.568


     STARTING VALUES FOR LATENT CLASS 3


           NU
              Y1            Y2            Y3
              ________      ________      ________
                1.332         0.692         2.563


           THETA
              Y1            Y2            Y3
              ________      ________      ________
 Y1             0.967
 Y2             0.000         1.170
 Y3             0.000         0.000         1.018


     STARTING VALUES FOR LATENT CLASS REGRESSION MODEL PART


           ALPHA(C)
              C#1           C#2           C#3
              ________      ________      ________
                0.232         0.444         0.000


TECHNICAL 3 OUTPUT


           ESTIMATED COVARIANCE MATRIX FOR PARAMETER ESTIMATES
                     1             2             3             4             5
              ________      ________      ________      ________      ________
        1   0.834501D-02
        2   0.996409D-04  0.343452D-02
        3   0.124298D-02  0.140490D-02  0.153478D-01
        4  -0.447950D-03 -0.130281D-02 -0.713002D-02  0.499154D-01
        5   0.537826D-04  0.334731D-03  0.787685D-03 -0.746179D-03  0.605983D-02
        6   0.167710D-02  0.118883D-02  0.158443D-01 -0.855190D-02  0.775646D-03
        7  -0.211491D-02  0.363020D-03  0.425780D-03 -0.151539D-02  0.188329D-03
        8   0.152512D-02 -0.204515D-03  0.124474D-01 -0.698854D-02  0.273682D-03
        9   0.144386D-02  0.317297D-02  0.126237D-01 -0.102430D-01  0.152737D-02
       10  -0.187844D-02 -0.179258D-02 -0.155640D-01  0.512733D-02 -0.755368D-03
       11  -0.867317D-03  0.155771D-02 -0.647426D-02  0.310980D-02 -0.241433D-02
       12  -0.709270D-03 -0.240208D-02 -0.461656D-02  0.555917D-02 -0.106645D-02
       13  -0.150182D-05  0.119639D-05 -0.236187D-04  0.212405D-04 -0.400160D-05
       14  -0.368159D-05  0.339166D-05 -0.430192D-04  0.294546D-04 -0.675776D-05
       15  -0.101087D-06  0.193426D-06 -0.346631D-05  0.337461D-05 -0.594838D-06
       16   0.465276D-06 -0.301229D-06  0.496497D-05 -0.375949D-05  0.806644D-06
       17   0.524826D-06 -0.309430D-06  0.745701D-05 -0.691944D-05  0.128131D-05
       18   0.488956D-09  0.759845D-08 -0.294710D-07  0.104389D-08 -0.314251D-08
       19   0.713632D-03  0.100982D-02  0.663664D-02 -0.431039D-02  0.527186D-03
       20  -0.241119D-02 -0.338896D-02 -0.221627D-01  0.147204D-01 -0.179796D-02


           ESTIMATED COVARIANCE MATRIX FOR PARAMETER ESTIMATES
                     6             7             8             9            10
              ________      ________      ________      ________      ________
        6   0.340891D-01
        7   0.202081D-03  0.165311D-01
        8   0.177252D-01 -0.362117D-03  0.277017D-01
        9   0.124861D-01  0.109717D-02  0.116338D-01  0.319112D-01
       10  -0.211813D-01  0.144311D-03 -0.169286D-01 -0.170387D-01  0.551240D-01
       11  -0.104904D-01  0.690357D-03 -0.133506D-01 -0.314029D-02  0.811765D-02
       12  -0.173344D-02 -0.555662D-03 -0.301677D-02 -0.173607D-01  0.670629D-02
       13  -0.275664D-04 -0.172626D-04 -0.747800D-04  0.168900D-05  0.339493D-05
       14  -0.568935D-04 -0.174317D-04 -0.115087D-03 -0.196680D-04  0.395344D-04
       15  -0.395658D-05 -0.360925D-05 -0.117057D-04  0.122391D-05 -0.669856D-06
       16   0.622479D-05  0.198851D-05  0.139877D-04  0.166740D-05 -0.346055D-05
       17   0.847317D-05  0.523920D-05  0.239867D-04 -0.791739D-06 -0.487583D-06
       18  -0.580256D-07 -0.195627D-07 -0.426910D-07 -0.423089D-07  0.834374D-07
       19   0.847229D-02  0.308329D-03  0.660459D-02  0.877723D-02 -0.914246D-02
       20  -0.280181D-01 -0.110218D-02 -0.231114D-01 -0.285040D-01  0.293731D-01


           ESTIMATED COVARIANCE MATRIX FOR PARAMETER ESTIMATES
                    11            12            13            14            15
              ________      ________      ________      ________      ________
       11   0.415456D-01
       12  -0.168934D-02  0.312631D-01
       13   0.685013D-04  0.108024D-03  0.131557D-01
       14   0.128786D-03  0.821111D-04  0.368609D-03  0.262656D-01
       15   0.101859D-04  0.182817D-04  0.705440D-04  0.521697D-04  0.767451D-03
       16  -0.145036D-04 -0.145852D-04 -0.430292D-04 -0.825005D-04 -0.534780D-05
       17  -0.213440D-04 -0.373528D-04 -0.106974D-03 -0.115015D-03 -0.206103D-04
       18   0.109629D-06 -0.222376D-06  0.337766D-06  0.628989D-06  0.112332D-06
       19  -0.311956D-02 -0.314870D-02  0.579958D-03  0.425201D-03  0.105237D-03
       20   0.106938D-01  0.152904D-01  0.667344D-03  0.549896D-03  0.118938D-03


           ESTIMATED COVARIANCE MATRIX FOR PARAMETER ESTIMATES
                    16            17            18            19            20
              ________      ________      ________      ________      ________
       16   0.129582D-02
       17   0.141541D-04  0.514299D-02
       18  -0.195096D-07 -0.570054D-07  0.442020D-05
       19  -0.715811D-04 -0.195711D-03 -0.881244D-06  0.267004D+00
       20  -0.873873D-04 -0.224164D-03 -0.871803D-06  0.247502D+00  0.313871D+00


           ESTIMATED CORRELATION MATRIX FOR PARAMETER ESTIMATES
                     1             2             3             4             5
              ________      ________      ________      ________      ________
        1       1.000
        2       0.019         1.000
        3       0.110         0.194         1.000
        4      -0.022        -0.100        -0.258         1.000
        5       0.008         0.073         0.082        -0.043         1.000
        6       0.099         0.110         0.693        -0.207         0.054
        7      -0.180         0.048         0.027        -0.053         0.019
        8       0.100        -0.021         0.604        -0.188         0.021
        9       0.088         0.303         0.570        -0.257         0.110
       10      -0.088        -0.130        -0.535         0.098        -0.041
       11      -0.047         0.130        -0.256         0.068        -0.152
       12      -0.044        -0.232        -0.211         0.141        -0.077
       13       0.000         0.000        -0.002         0.001         0.000
       14       0.000         0.000        -0.002         0.001        -0.001
       15       0.000         0.000        -0.001         0.001         0.000
       16       0.000         0.000         0.001         0.000         0.000
       17       0.000         0.000         0.001         0.000         0.000
       18       0.000         0.000         0.000         0.000         0.000
       19       0.015         0.033         0.104        -0.037         0.013
       20      -0.047        -0.103        -0.319         0.118        -0.041


           ESTIMATED CORRELATION MATRIX FOR PARAMETER ESTIMATES
                     6             7             8             9            10
              ________      ________      ________      ________      ________
        6       1.000
        7       0.009         1.000
        8       0.577        -0.017         1.000
        9       0.379         0.048         0.391         1.000
       10      -0.489         0.005        -0.433        -0.406         1.000
       11      -0.279         0.026        -0.394        -0.086         0.170
       12      -0.053        -0.024        -0.103        -0.550         0.162
       13      -0.001        -0.001        -0.004         0.000         0.000
       14      -0.002        -0.001        -0.004        -0.001         0.001
       15      -0.001        -0.001        -0.003         0.000         0.000
       16       0.001         0.000         0.002         0.000         0.000
       17       0.001         0.001         0.002         0.000         0.000
       18       0.000         0.000         0.000         0.000         0.000
       19       0.089         0.005         0.077         0.095        -0.075
       20      -0.271        -0.015        -0.248        -0.285         0.223


           ESTIMATED CORRELATION MATRIX FOR PARAMETER ESTIMATES
                    11            12            13            14            15
              ________      ________      ________      ________      ________
       11       1.000
       12      -0.047         1.000
       13       0.003         0.005         1.000
       14       0.004         0.003         0.020         1.000
       15       0.002         0.004         0.022         0.012         1.000
       16      -0.002        -0.002        -0.010        -0.014        -0.005
       17      -0.001        -0.003        -0.013        -0.010        -0.010
       18       0.000        -0.001         0.001         0.002         0.002
       19      -0.030        -0.034         0.010         0.005         0.007
       20       0.094         0.154         0.010         0.006         0.008


           ESTIMATED CORRELATION MATRIX FOR PARAMETER ESTIMATES
                    16            17            18            19            20
              ________      ________      ________      ________      ________
       16       1.000
       17       0.005         1.000
       18       0.000         0.000         1.000
       19      -0.004        -0.005        -0.001         1.000
       20      -0.004        -0.006        -0.001         0.855         1.000


     Beginning Time:  19:34:44
        Ending Time:  19:34:53
       Elapsed Time:  00:00:09



MUTHEN & MUTHEN
3463 Stoner Ave.
Los Angeles, CA  90066

Tel: (310) 391-9971
Fax: (310) 391-8971
Web: www.StatModel.com
Support: Support@StatModel.com

Copyright (c) 1998-2017 Muthen & Muthen
