Mplus VERSION 8
MUTHEN & MUTHEN
10/08/2018   7:34 PM

INPUT INSTRUCTIONS

  TITLE: Code for Naive FMM model for data condition z=1


  DATA:
  FILE = impdf p2 z1 rep1 pm1 pva1_imp_19.dat;


  VARIABLE:
  NAMES = Y1 Y2 Y3  Xcom1 subpop;
  USEV = Y1 Y2 Y3;
  AUXILIARY = subpop;
  CLASSES = c(3);
  MISSING = .;


  ANALYSIS:
  TYPE = MIXTURE;
  Estimator = ML;
  INFORMATION = obs;
  STARTS = 20 8;


  MODEL:


       %OVERALL%

       [ c#1*0.92481 ];
       [ c#2*0.74350 ];

       %C#1%

       y1 WITH y2@0;
       y1 WITH y3@0;
       y2 WITH y3@0;

       [ y1*2.51834 ];
       [ y2*0.17284 ];
       [ y3*0.56701 ];

       y1*0.94687;
       y2*0.86645;
       y3*1.81542;

       %C#2%

       y1 WITH y2@0;
       y1 WITH y3@0;
       y2 WITH y3@0;

       [ y1*-0.03247 ];
       [ y2*-0.05550 ];
       [ y3*0.12037 ];

       y1*1.25349;
       y2*0.95853;
       y3*1.46842;

       %C#3%

       y1 WITH y2@0;
       y1 WITH y3@0;
       y2 WITH y3@0;

       [ y1*1.28816 ];
       [ y2*1.07139 ];
       [ y3*2.65789 ];

       y1*0.78331;
       y2*0.92603;
       y3*1.07979;




  OUTPUT:
  tech1;
  svalues;
  tech3;


  SAVEDATA:



*** WARNING in MODEL command
  All variables are uncorrelated with all other variables within class.
  Check that this is what is intended.
   1 WARNING(S) FOUND IN THE INPUT INSTRUCTIONS



Code for Naive FMM model for data condition z=1

SUMMARY OF ANALYSIS

Number of groups                                                 1
Number of observations                                         500

Number of dependent variables                                    3
Number of independent variables                                  0
Number of continuous latent variables                            0
Number of categorical latent variables                           1

Observed dependent variables

  Continuous
   Y1          Y2          Y3

Observed auxiliary variables
   SUBPOP

Categorical latent variables
   C


Estimator                                                       ML
Information matrix                                        OBSERVED
Optimization Specifications for the Quasi-Newton Algorithm for
Continuous Outcomes
  Maximum number of iterations                                 100
  Convergence criterion                                  0.100D-05
Optimization Specifications for the EM Algorithm
  Maximum number of iterations                                 500
  Convergence criteria
    Loglikelihood change                                 0.100D-06
    Relative loglikelihood change                        0.100D-06
    Derivative                                           0.100D-05
Optimization Specifications for the M step of the EM Algorithm for
Categorical Latent variables
  Number of M step iterations                                    1
  M step convergence criterion                           0.100D-05
  Basis for M step termination                           ITERATION
Optimization Specifications for the M step of the EM Algorithm for
Censored, Binary or Ordered Categorical (Ordinal), Unordered
Categorical (Nominal) and Count Outcomes
  Number of M step iterations                                    1
  M step convergence criterion                           0.100D-05
  Basis for M step termination                           ITERATION
  Maximum value for logit thresholds                            15
  Minimum value for logit thresholds                           -15
  Minimum expected cell size for chi-square              0.100D-01
Maximum number of iterations for H1                           2000
Convergence criterion for H1                             0.100D-03
Optimization algorithm                                         EMA
Random Starts Specifications
  Number of initial stage random starts                         20
  Number of final stage optimizations                            8
  Number of initial stage iterations                            10
  Initial stage convergence criterion                    0.100D+01
  Random starts scale                                    0.500D+01
  Random seed for generating random starts                       0

Input data file(s)
  impdf p2 z1 rep1 pm1 pva1_imp_19.dat
Input data format  FREE


SUMMARY OF DATA

     Number of missing data patterns             1
     Number of y missing data patterns           1
     Number of u missing data patterns           0


COVARIANCE COVERAGE OF DATA

Minimum covariance coverage value   0.100


     PROPORTION OF DATA PRESENT FOR Y


           Covariance Coverage
              Y1            Y2            Y3
              ________      ________      ________
 Y1             1.000
 Y2             1.000         1.000
 Y3             1.000         1.000         1.000



UNIVARIATE SAMPLE STATISTICS


     UNIVARIATE HIGHER-ORDER MOMENT DESCRIPTIVE STATISTICS

         Variable/         Mean/     Skewness/   Minimum/ % with                Percentiles
        Sample Size      Variance    Kurtosis    Maximum  Min/Max      20%/60%    40%/80%    Median

     Y1                    1.319      -0.160      -2.760    0.20%      -0.104      0.994      1.434
             500.000       2.344      -0.379       5.162    0.20%       1.832      2.693
     Y2                    0.215       0.069      -2.748    0.20%      -0.683     -0.088      0.225
             500.000       1.082      -0.146       3.570    0.20%       0.484      1.073
     Y3                    0.708       0.298      -2.828    0.20%      -0.689      0.099      0.543
             500.000       2.412      -0.430       5.504    0.20%       0.950      2.160

RANDOM STARTS RESULTS RANKED FROM THE BEST TO THE WORST LOGLIKELIHOOD VALUES

2 perturbed starting value run(s) did not converge in the initial stage
optimizations.

Final stage loglikelihood values at local maxima, seeds, and initial stage start numbers:

           -2528.984  573096           20
           -2528.984  608496           4
           -2528.984  unperturbed      0
           -2528.984  68985            17
           -2528.984  462953           7
           -2528.984  76974            16
           -2532.172  903420           5
           -2535.078  253358           2



THE BEST LOGLIKELIHOOD VALUE HAS BEEN REPLICATED.  RERUN WITH AT LEAST TWICE THE
RANDOM STARTS TO CHECK THAT THE BEST LOGLIKELIHOOD IS STILL OBTAINED AND REPLICATED.


THE MODEL ESTIMATION TERMINATED NORMALLY



MODEL FIT INFORMATION

Number of Free Parameters                       20

Loglikelihood

          H0 Value                       -2528.984

Information Criteria

          Akaike (AIC)                    5097.968
          Bayesian (BIC)                  5182.260
          Sample-Size Adjusted BIC        5118.779
            (n* = (n + 2) / 24)



FINAL CLASS COUNTS AND PROPORTIONS FOR THE LATENT CLASSES
BASED ON THE ESTIMATED MODEL

    Latent
   Classes

       1        154.61918          0.30924
       2        172.91659          0.34583
       3        172.46423          0.34493


FINAL CLASS COUNTS AND PROPORTIONS FOR THE LATENT CLASSES
BASED ON ESTIMATED POSTERIOR PROBABILITIES

    Latent
   Classes

       1        154.61918          0.30924
       2        172.91659          0.34583
       3        172.46424          0.34493


FINAL CLASS COUNTS AND PROPORTIONS FOR THE LATENT CLASSES
BASED ON THEIR MOST LIKELY LATENT CLASS MEMBERSHIP

Class Counts and Proportions

    Latent
   Classes

       1              156          0.31200
       2              168          0.33600
       3              176          0.35200


CLASSIFICATION QUALITY

     Entropy                         0.664


Average Latent Class Probabilities for Most Likely Latent Class Membership (Row)
by Latent Class (Column)

           1        2        3

    1   0.851    0.077    0.072
    2   0.057    0.870    0.073
    3   0.070    0.084    0.846


Classification Probabilities for the Most Likely Latent Class Membership (Column)
by Latent Class (Row)

           1        2        3

    1   0.858    0.062    0.080
    2   0.070    0.845    0.085
    3   0.065    0.072    0.863


Logits for the Classification Probabilities for the Most Likely Latent Class Membership (Column)
by Latent Class (Row)

              1        2        3

    1      2.374   -0.259    0.000
    2     -0.198    2.295    0.000
    3     -2.588   -2.490    0.000


MODEL RESULTS

                                                    Two-Tailed
                    Estimate       S.E.  Est./S.E.    P-Value

Latent Class 1

 Y1       WITH
    Y2                 0.000      0.000    999.000    999.000
    Y3                 0.000      0.000    999.000    999.000

 Y2       WITH
    Y3                 0.000      0.000    999.000    999.000

 Means
    Y1                 1.544      0.123     12.578      0.000
    Y2                 0.740      0.103      7.171      0.000
    Y3                 2.383      0.177     13.481      0.000

 Variances
    Y1                 1.077      0.197      5.480      0.000
    Y2                 0.959      0.134      7.161      0.000
    Y3                 1.071      0.226      4.735      0.000

Latent Class 2

 Y1       WITH
    Y2                 0.000      0.000    999.000    999.000
    Y3                 0.000      0.000    999.000    999.000

 Y2       WITH
    Y3                 0.000      0.000    999.000    999.000

 Means
    Y1                -0.129      0.227     -0.570      0.568
    Y2                -0.039      0.093     -0.417      0.677
    Y3                -0.031      0.140     -0.223      0.823

 Variances
    Y1                 1.134      0.272      4.163      0.000
    Y2                 0.987      0.120      8.257      0.000
    Y3                 1.444      0.229      6.300      0.000

Latent Class 3

 Y1       WITH
    Y2                 0.000      0.000    999.000    999.000
    Y3                 0.000      0.000    999.000    999.000

 Y2       WITH
    Y3                 0.000      0.000    999.000    999.000

 Means
    Y1                 2.568      0.202     12.714      0.000
    Y2                 0.000      0.095     -0.005      0.996
    Y3                -0.052      0.136     -0.383      0.702

 Variances
    Y1                 0.984      0.232      4.239      0.000
    Y2                 0.930      0.113      8.265      0.000
    Y3                 0.944      0.193      4.898      0.000

Categorical Latent Variables

 Means
    C#1               -0.109      0.271     -0.403      0.687
    C#2                0.003      0.312      0.008      0.993


QUALITY OF NUMERICAL RESULTS

     Condition Number for the Information Matrix              0.882E-04
       (ratio of smallest to largest eigenvalue)


MODEL COMMAND WITH FINAL ESTIMATES USED AS STARTING VALUES

     %OVERALL%

     [ c#1*-0.10922 ];
     [ c#2*0.00262 ];

     %C#1%

     y1 WITH y2@0;
     y1 WITH y3@0;
     y2 WITH y3@0;

     [ y1*1.54449 ];
     [ y2*0.73955 ];
     [ y3*2.38299 ];

     y1*1.07747;
     y2*0.95934;
     y3*1.07143;

     %C#2%

     y1 WITH y2@0;
     y1 WITH y3@0;
     y2 WITH y3@0;

     [ y1*-0.12927 ];
     [ y2*-0.03876 ];
     [ y3*-0.03126 ];

     y1*1.13381;
     y2*0.98694;
     y3*1.44391;

     %C#3%

     y1 WITH y2@0;
     y1 WITH y3@0;
     y2 WITH y3@0;

     [ y1*2.56786 ];
     [ y2*-0.00045 ];
     [ y3*-0.05204 ];

     y1*0.98366;
     y2*0.93038;
     y3*0.94370;



TECHNICAL 1 OUTPUT


     PARAMETER SPECIFICATION FOR LATENT CLASS 1


           NU
              Y1            Y2            Y3
              ________      ________      ________
                    1             2             3


           THETA
              Y1            Y2            Y3
              ________      ________      ________
 Y1                 4
 Y2                 0             5
 Y3                 0             0             6


     PARAMETER SPECIFICATION FOR LATENT CLASS 2


           NU
              Y1            Y2            Y3
              ________      ________      ________
                    7             8             9


           THETA
              Y1            Y2            Y3
              ________      ________      ________
 Y1                10
 Y2                 0            11
 Y3                 0             0            12


     PARAMETER SPECIFICATION FOR LATENT CLASS 3


           NU
              Y1            Y2            Y3
              ________      ________      ________
                   13            14            15


           THETA
              Y1            Y2            Y3
              ________      ________      ________
 Y1                16
 Y2                 0            17
 Y3                 0             0            18


     PARAMETER SPECIFICATION FOR LATENT CLASS REGRESSION MODEL PART


           ALPHA(C)
              C#1           C#2           C#3
              ________      ________      ________
                   19            20             0


     STARTING VALUES FOR LATENT CLASS 1


           NU
              Y1            Y2            Y3
              ________      ________      ________
                2.518         0.173         0.567


           THETA
              Y1            Y2            Y3
              ________      ________      ________
 Y1             0.947
 Y2             0.000         0.866
 Y3             0.000         0.000         1.815


     STARTING VALUES FOR LATENT CLASS 2


           NU
              Y1            Y2            Y3
              ________      ________      ________
               -0.032        -0.056         0.120


           THETA
              Y1            Y2            Y3
              ________      ________      ________
 Y1             1.253
 Y2             0.000         0.959
 Y3             0.000         0.000         1.468


     STARTING VALUES FOR LATENT CLASS 3


           NU
              Y1            Y2            Y3
              ________      ________      ________
                1.288         1.071         2.658


           THETA
              Y1            Y2            Y3
              ________      ________      ________
 Y1             0.783
 Y2             0.000         0.926
 Y3             0.000         0.000         1.080


     STARTING VALUES FOR LATENT CLASS REGRESSION MODEL PART


           ALPHA(C)
              C#1           C#2           C#3
              ________      ________      ________
                0.925         0.743         0.000


TECHNICAL 3 OUTPUT


           ESTIMATED COVARIANCE MATRIX FOR PARAMETER ESTIMATES
                     1             2             3             4             5
              ________      ________      ________      ________      ________
        1   0.150785D-01
        2  -0.355764D-03  0.106364D-01
        3  -0.222882D-02  0.448888D-02  0.312462D-01
        4  -0.117350D-02 -0.629891D-02 -0.952109D-02  0.386596D-01
        5  -0.112869D-03 -0.292131D-02  0.150637D-02  0.226863D-02  0.179495D-01
        6   0.274445D-02 -0.176780D-02 -0.266006D-01  0.332446D-02 -0.357773D-02
        7  -0.165904D-03  0.222430D-02  0.380615D-02  0.133928D-02 -0.156522D-02
        8   0.993779D-03  0.147390D-03  0.293745D-02 -0.183701D-02  0.512063D-03
        9   0.534881D-02  0.370508D-02  0.640943D-02 -0.101205D-01 -0.124840D-02
       10  -0.225620D-02  0.109946D-02  0.162298D-02  0.489408D-02 -0.104522D-02
       11   0.359377D-03 -0.433391D-03  0.869495D-03 -0.626598D-03 -0.645339D-03
       12   0.866157D-02  0.480224D-02  0.363983D-02 -0.139133D-01 -0.256212D-02
       13  -0.522460D-03  0.914700D-03 -0.447556D-02  0.386135D-03 -0.232802D-02
       14  -0.110728D-02 -0.207597D-03  0.550155D-02 -0.115594D-02  0.178366D-02
       15  -0.509884D-02  0.469847D-02  0.120315D-01 -0.916179D-02 -0.921026D-03
       16   0.341913D-03 -0.460895D-03  0.293422D-02 -0.365231D-02  0.193781D-02
       17  -0.236970D-03 -0.296385D-04  0.129782D-02  0.435782D-03 -0.965738D-03
       18  -0.692757D-02  0.661024D-02  0.115217D-01 -0.144606D-01 -0.206841D-02
       19   0.364446D-02 -0.786370D-02 -0.297650D-01  0.201628D-01 -0.872413D-03
       20   0.504231D-02  0.849774D-03 -0.598228D-02  0.327853D-02 -0.287605D-02


           ESTIMATED COVARIANCE MATRIX FOR PARAMETER ESTIMATES
                     6             7             8             9            10
              ________      ________      ________      ________      ________
        6   0.512113D-01
        7  -0.220302D-02  0.513844D-01
        8  -0.264807D-02  0.654870D-02  0.865604D-02
        9  -0.271917D-02 -0.637894D-03  0.159576D-02  0.195621D-01
       10  -0.970326D-03  0.490837D-01  0.613804D-02 -0.404060D-02  0.741915D-01
       11  -0.119322D-02 -0.286703D-02  0.535007D-03  0.863178D-03 -0.331666D-02
       12   0.222878D-02 -0.604050D-02  0.876231D-03  0.149110D-01 -0.108643D-01
       13   0.691469D-02  0.349412D-01  0.467991D-02 -0.308181D-02  0.354173D-01
       14  -0.659138D-02 -0.464615D-02 -0.108936D-02  0.972159D-03 -0.501015D-02
       15  -0.864974D-02  0.555928D-02  0.154860D-02  0.191414D-02  0.503562D-02
       16  -0.432855D-02 -0.339520D-01 -0.473294D-02  0.347493D-02 -0.320661D-01
       17  -0.164334D-02  0.215821D-02  0.116771D-03 -0.242412D-03  0.220079D-02
       18  -0.492346D-02 -0.173468D-02  0.553923D-03  0.454745D-02 -0.305282D-02
       19   0.278112D-01  0.231650D-01  0.297447D-03 -0.131268D-01  0.284276D-01
       20   0.881559D-02  0.581578D-01  0.840182D-02 -0.109111D-02  0.608685D-01


           ESTIMATED COVARIANCE MATRIX FOR PARAMETER ESTIMATES
                    11            12            13            14            15
              ________      ________      ________      ________      ________
       11   0.142866D-01
       12   0.963450D-03  0.525312D-01
       13  -0.275312D-02 -0.732203D-02  0.407930D-01
       14   0.208839D-03  0.889652D-03 -0.599161D-02  0.902557D-02
       15  -0.214213D-03  0.162351D-02  0.184085D-02  0.228246D-02  0.185008D-01
       16   0.268568D-02  0.837397D-02 -0.363195D-01  0.535628D-02 -0.173780D-02
       17  -0.140201D-02 -0.330466D-03  0.141535D-02  0.484339D-03  0.748857D-03
       18   0.616000D-03  0.188558D-02 -0.353886D-02  0.269691D-02  0.152497D-01
       19  -0.296117D-02 -0.162381D-01  0.292045D-01 -0.101099D-01 -0.173678D-01
       20  -0.406767D-02 -0.613138D-02  0.520542D-01 -0.943010D-02 -0.463750D-03


           ESTIMATED COVARIANCE MATRIX FOR PARAMETER ESTIMATES
                    16            17            18            19            20
              ________      ________      ________      ________      ________
       16   0.538415D-01
       17  -0.179832D-02  0.126728D-01
       18   0.480730D-02 -0.378660D-03  0.371287D-01
       19  -0.287179D-01  0.357458D-04 -0.257526D-01  0.735311D-01
       20  -0.522619D-01  0.232417D-02 -0.115060D-01  0.527105D-01  0.972628D-01


           ESTIMATED CORRELATION MATRIX FOR PARAMETER ESTIMATES
                     1             2             3             4             5
              ________      ________      ________      ________      ________
        1       1.000
        2      -0.028         1.000
        3      -0.103         0.246         1.000
        4      -0.049        -0.311        -0.274         1.000
        5      -0.007        -0.211         0.064         0.086         1.000
        6       0.099        -0.076        -0.665         0.075        -0.118
        7      -0.006         0.095         0.095         0.030        -0.052
        8       0.087         0.015         0.179        -0.100         0.041
        9       0.311         0.257         0.259        -0.368        -0.067
       10      -0.067         0.039         0.034         0.091        -0.029
       11       0.024        -0.035         0.041        -0.027        -0.040
       12       0.308         0.203         0.090        -0.309        -0.083
       13      -0.021         0.044        -0.125         0.010        -0.086
       14      -0.095        -0.021         0.328        -0.062         0.140
       15      -0.305         0.335         0.500        -0.343        -0.051
       16       0.012        -0.019         0.072        -0.080         0.062
       17      -0.017        -0.003         0.065         0.020        -0.064
       18      -0.293         0.333         0.338        -0.382        -0.080
       19       0.109        -0.281        -0.621         0.378        -0.024
       20       0.132         0.026        -0.109         0.053        -0.069


           ESTIMATED CORRELATION MATRIX FOR PARAMETER ESTIMATES
                     6             7             8             9            10
              ________      ________      ________      ________      ________
        6       1.000
        7      -0.043         1.000
        8      -0.126         0.311         1.000
        9      -0.086        -0.020         0.123         1.000
       10      -0.016         0.795         0.242        -0.106         1.000
       11      -0.044        -0.106         0.048         0.052        -0.102
       12       0.043        -0.116         0.041         0.465        -0.174
       13       0.151         0.763         0.249        -0.109         0.644
       14      -0.307        -0.216        -0.123         0.073        -0.194
       15      -0.281         0.180         0.122         0.101         0.136
       16      -0.082        -0.645        -0.219         0.107        -0.507
       17      -0.065         0.085         0.011        -0.015         0.072
       18      -0.113        -0.040         0.031         0.169        -0.058
       19       0.453         0.377         0.012        -0.346         0.385
       20       0.125         0.823         0.290        -0.025         0.717


           ESTIMATED CORRELATION MATRIX FOR PARAMETER ESTIMATES
                    11            12            13            14            15
              ________      ________      ________      ________      ________
       11       1.000
       12       0.035         1.000
       13      -0.114        -0.158         1.000
       14       0.018         0.041        -0.312         1.000
       15      -0.013         0.052         0.067         0.177         1.000
       16       0.097         0.157        -0.775         0.243        -0.055
       17      -0.104        -0.013         0.062         0.045         0.049
       18       0.027         0.043        -0.091         0.147         0.582
       19      -0.091        -0.261         0.533        -0.392        -0.471
       20      -0.109        -0.086         0.826        -0.318        -0.011


           ESTIMATED CORRELATION MATRIX FOR PARAMETER ESTIMATES
                    16            17            18            19            20
              ________      ________      ________      ________      ________
       16       1.000
       17      -0.069         1.000
       18       0.108        -0.017         1.000
       19      -0.456         0.001        -0.493         1.000
       20      -0.722         0.066        -0.191         0.623         1.000


     Beginning Time:  19:34:28
        Ending Time:  19:34:29
       Elapsed Time:  00:00:01



MUTHEN & MUTHEN
3463 Stoner Ave.
Los Angeles, CA  90066

Tel: (310) 391-9971
Fax: (310) 391-8971
Web: www.StatModel.com
Support: Support@StatModel.com

Copyright (c) 1998-2017 Muthen & Muthen
