Mplus VERSION 8
MUTHEN & MUTHEN
10/08/2018   7:34 PM

INPUT INSTRUCTIONS

  TITLE: Code for Naive FMM model for data condition z=1


  DATA:
  FILE = impdf p2 z1 rep1 pm1 pva1_imp_11.dat;


  VARIABLE:
  NAMES = Y1 Y2 Y3  Xcom1 subpop;
  USEV = Y1 Y2 Y3;
  AUXILIARY = subpop;
  CLASSES = c(3);
  MISSING = .;


  ANALYSIS:
  TYPE = MIXTURE;
  Estimator = ML;
  INFORMATION = obs;
  STARTS = 20 8;


  MODEL:


       %OVERALL%

       [ c#1*-0.09727 ];
       [ c#2*0.20347 ];

       %C#1%

       y1 WITH y2@0;
       y1 WITH y3@0;
       y2 WITH y3@0;

       [ y1*-0.32667 ];
       [ y2*-0.19002 ];
       [ y3*0.03246 ];

       y1*1.04062;
       y2*0.82660;
       y3*1.48963;

       %C#2%

       y1 WITH y2@0;
       y1 WITH y3@0;
       y2 WITH y3@0;

       [ y1*2.41455 ];
       [ y2*0.08629 ];
       [ y3*-0.09950 ];

       y1*1.17343;
       y2*0.93795;
       y3*1.19686;

       %C#3%

       y1 WITH y2@0;
       y1 WITH y3@0;
       y2 WITH y3@0;

       [ y1*1.51176 ];
       [ y2*0.76757 ];
       [ y3*2.26956 ];

       y1*1.04609;
       y2*1.01121;
       y3*1.25134;




  OUTPUT:
  tech1;
  svalues;
  tech3;


  SAVEDATA:



*** WARNING in MODEL command
  All variables are uncorrelated with all other variables within class.
  Check that this is what is intended.
   1 WARNING(S) FOUND IN THE INPUT INSTRUCTIONS



Code for Naive FMM model for data condition z=1

SUMMARY OF ANALYSIS

Number of groups                                                 1
Number of observations                                         500

Number of dependent variables                                    3
Number of independent variables                                  0
Number of continuous latent variables                            0
Number of categorical latent variables                           1

Observed dependent variables

  Continuous
   Y1          Y2          Y3

Observed auxiliary variables
   SUBPOP

Categorical latent variables
   C


Estimator                                                       ML
Information matrix                                        OBSERVED
Optimization Specifications for the Quasi-Newton Algorithm for
Continuous Outcomes
  Maximum number of iterations                                 100
  Convergence criterion                                  0.100D-05
Optimization Specifications for the EM Algorithm
  Maximum number of iterations                                 500
  Convergence criteria
    Loglikelihood change                                 0.100D-06
    Relative loglikelihood change                        0.100D-06
    Derivative                                           0.100D-05
Optimization Specifications for the M step of the EM Algorithm for
Categorical Latent variables
  Number of M step iterations                                    1
  M step convergence criterion                           0.100D-05
  Basis for M step termination                           ITERATION
Optimization Specifications for the M step of the EM Algorithm for
Censored, Binary or Ordered Categorical (Ordinal), Unordered
Categorical (Nominal) and Count Outcomes
  Number of M step iterations                                    1
  M step convergence criterion                           0.100D-05
  Basis for M step termination                           ITERATION
  Maximum value for logit thresholds                            15
  Minimum value for logit thresholds                           -15
  Minimum expected cell size for chi-square              0.100D-01
Maximum number of iterations for H1                           2000
Convergence criterion for H1                             0.100D-03
Optimization algorithm                                         EMA
Random Starts Specifications
  Number of initial stage random starts                         20
  Number of final stage optimizations                            8
  Number of initial stage iterations                            10
  Initial stage convergence criterion                    0.100D+01
  Random starts scale                                    0.500D+01
  Random seed for generating random starts                       0

Input data file(s)
  impdf p2 z1 rep1 pm1 pva1_imp_11.dat
Input data format  FREE


SUMMARY OF DATA

     Number of missing data patterns             1
     Number of y missing data patterns           1
     Number of u missing data patterns           0


COVARIANCE COVERAGE OF DATA

Minimum covariance coverage value   0.100


     PROPORTION OF DATA PRESENT FOR Y


           Covariance Coverage
              Y1            Y2            Y3
              ________      ________      ________
 Y1             1.000
 Y2             1.000         1.000
 Y3             1.000         1.000         1.000



UNIVARIATE SAMPLE STATISTICS


     UNIVARIATE HIGHER-ORDER MOMENT DESCRIPTIVE STATISTICS

         Variable/         Mean/     Skewness/   Minimum/ % with                Percentiles
        Sample Size      Variance    Kurtosis    Maximum  Min/Max      20%/60%    40%/80%    Median

     Y1                    1.320      -0.182      -2.760    0.20%      -0.109      0.994      1.437
             500.000       2.393      -0.339       5.162    0.20%       1.809      2.693
     Y2                    0.230       0.119      -2.748    0.20%      -0.621     -0.066      0.199
             500.000       1.089      -0.088       3.570    0.20%       0.443      1.073
     Y3                    0.739       0.237      -3.215    0.20%      -0.576      0.209      0.612
             500.000       2.387      -0.280       5.504    0.20%       1.047      2.145

RANDOM STARTS RESULTS RANKED FROM THE BEST TO THE WORST LOGLIKELIHOOD VALUES

2 perturbed starting value run(s) did not converge in the initial stage
optimizations.

Final stage loglikelihood values at local maxima, seeds, and initial stage start numbers:

           -2546.991  27071            15
           -2546.991  76974            16
           -2546.991  unperturbed      0
           -2546.991  253358           2
           -2546.991  903420           5
           -2549.447  107446           12
           -2550.677  127215           9
           -2551.619  851945           18



THE BEST LOGLIKELIHOOD VALUE HAS BEEN REPLICATED.  RERUN WITH AT LEAST TWICE THE
RANDOM STARTS TO CHECK THAT THE BEST LOGLIKELIHOOD IS STILL OBTAINED AND REPLICATED.


THE MODEL ESTIMATION TERMINATED NORMALLY



MODEL FIT INFORMATION

Number of Free Parameters                       20

Loglikelihood

          H0 Value                       -2546.991

Information Criteria

          Akaike (AIC)                    5133.982
          Bayesian (BIC)                  5218.274
          Sample-Size Adjusted BIC        5154.793
            (n* = (n + 2) / 24)



FINAL CLASS COUNTS AND PROPORTIONS FOR THE LATENT CLASSES
BASED ON THE ESTIMATED MODEL

    Latent
   Classes

       1        159.40385          0.31881
       2        123.45994          0.24692
       3        217.13621          0.43427


FINAL CLASS COUNTS AND PROPORTIONS FOR THE LATENT CLASSES
BASED ON ESTIMATED POSTERIOR PROBABILITIES

    Latent
   Classes

       1        159.40387          0.31881
       2        123.45995          0.24692
       3        217.13618          0.43427


FINAL CLASS COUNTS AND PROPORTIONS FOR THE LATENT CLASSES
BASED ON THEIR MOST LIKELY LATENT CLASS MEMBERSHIP

Class Counts and Proportions

    Latent
   Classes

       1              160          0.32000
       2              120          0.24000
       3              220          0.44000


CLASSIFICATION QUALITY

     Entropy                         0.594


Average Latent Class Probabilities for Most Likely Latent Class Membership (Row)
by Latent Class (Column)

           1        2        3

    1   0.835    0.060    0.105
    2   0.065    0.785    0.150
    3   0.082    0.089    0.829


Classification Probabilities for the Most Likely Latent Class Membership (Column)
by Latent Class (Row)

           1        2        3

    1   0.839    0.049    0.113
    2   0.078    0.763    0.159
    3   0.077    0.083    0.840


Logits for the Classification Probabilities for the Most Likely Latent Class Membership (Column)
by Latent Class (Row)

              1        2        3

    1      2.007   -0.836    0.000
    2     -0.719    1.568    0.000
    3     -2.387   -2.317    0.000


MODEL RESULTS

                                                    Two-Tailed
                    Estimate       S.E.  Est./S.E.    P-Value

Latent Class 1

 Y1       WITH
    Y2                 0.000      0.000    999.000    999.000
    Y3                 0.000      0.000    999.000    999.000

 Y2       WITH
    Y3                 0.000      0.000    999.000    999.000

 Means
    Y1                -0.236      0.284     -0.831      0.406
    Y2                -0.139      0.100     -1.398      0.162
    Y3                 0.131      0.139      0.942      0.346

 Variances
    Y1                 1.161      0.296      3.924      0.000
    Y2                 0.864      0.120      7.216      0.000
    Y3                 1.583      0.240      6.593      0.000

Latent Class 2

 Y1       WITH
    Y2                 0.000      0.000    999.000    999.000
    Y3                 0.000      0.000    999.000    999.000

 Y2       WITH
    Y3                 0.000      0.000    999.000    999.000

 Means
    Y1                 1.438      0.186      7.733      0.000
    Y2                 0.820      0.161      5.101      0.000
    Y3                 2.436      0.304      8.023      0.000

 Variances
    Y1                 0.964      0.269      3.588      0.000
    Y2                 1.026      0.170      6.035      0.000
    Y3                 1.274      0.408      3.120      0.002

Latent Class 3

 Y1       WITH
    Y2                 0.000      0.000    999.000    999.000
    Y3                 0.000      0.000    999.000    999.000

 Y2       WITH
    Y3                 0.000      0.000    999.000    999.000

 Means
    Y1                 2.396      0.276      8.689      0.000
    Y2                 0.165      0.093      1.770      0.077
    Y3                 0.221      0.222      0.997      0.319

 Variances
    Y1                 1.169      0.311      3.762      0.000
    Y2                 0.988      0.124      7.966      0.000
    Y3                 1.434      0.360      3.980      0.000

Categorical Latent Variables

 Means
    C#1               -0.309      0.423     -0.731      0.465
    C#2               -0.565      0.456     -1.239      0.215


QUALITY OF NUMERICAL RESULTS

     Condition Number for the Information Matrix              0.761E-02
       (ratio of smallest to largest eigenvalue)


MODEL COMMAND WITH FINAL ESTIMATES USED AS STARTING VALUES

     %OVERALL%

     [ c#1*-0.30908 ];
     [ c#2*-0.56461 ];

     %C#1%

     y1 WITH y2@0;
     y1 WITH y3@0;
     y2 WITH y3@0;

     [ y1*-0.23570 ];
     [ y2*-0.13934 ];
     [ y3*0.13146 ];

     y1*1.16053;
     y2*0.86361;
     y3*1.58316;

     %C#2%

     y1 WITH y2@0;
     y1 WITH y3@0;
     y2 WITH y3@0;

     [ y1*1.43820 ];
     [ y2*0.82012 ];
     [ y3*2.43571 ];

     y1*0.96395;
     y2*1.02605;
     y3*1.27421;

     %C#3%

     y1 WITH y2@0;
     y1 WITH y3@0;
     y2 WITH y3@0;

     [ y1*2.39552 ];
     [ y2*0.16530 ];
     [ y3*0.22124 ];

     y1*1.16892;
     y2*0.98826;
     y3*1.43362;



TECHNICAL 1 OUTPUT


     PARAMETER SPECIFICATION FOR LATENT CLASS 1


           NU
              Y1            Y2            Y3
              ________      ________      ________
                    1             2             3


           THETA
              Y1            Y2            Y3
              ________      ________      ________
 Y1                 4
 Y2                 0             5
 Y3                 0             0             6


     PARAMETER SPECIFICATION FOR LATENT CLASS 2


           NU
              Y1            Y2            Y3
              ________      ________      ________
                    7             8             9


           THETA
              Y1            Y2            Y3
              ________      ________      ________
 Y1                10
 Y2                 0            11
 Y3                 0             0            12


     PARAMETER SPECIFICATION FOR LATENT CLASS 3


           NU
              Y1            Y2            Y3
              ________      ________      ________
                   13            14            15


           THETA
              Y1            Y2            Y3
              ________      ________      ________
 Y1                16
 Y2                 0            17
 Y3                 0             0            18


     PARAMETER SPECIFICATION FOR LATENT CLASS REGRESSION MODEL PART


           ALPHA(C)
              C#1           C#2           C#3
              ________      ________      ________
                   19            20             0


     STARTING VALUES FOR LATENT CLASS 1


           NU
              Y1            Y2            Y3
              ________      ________      ________
               -0.327        -0.190         0.032


           THETA
              Y1            Y2            Y3
              ________      ________      ________
 Y1             1.041
 Y2             0.000         0.827
 Y3             0.000         0.000         1.490


     STARTING VALUES FOR LATENT CLASS 2


           NU
              Y1            Y2            Y3
              ________      ________      ________
                2.415         0.086        -0.100


           THETA
              Y1            Y2            Y3
              ________      ________      ________
 Y1             1.173
 Y2             0.000         0.938
 Y3             0.000         0.000         1.197


     STARTING VALUES FOR LATENT CLASS 3


           NU
              Y1            Y2            Y3
              ________      ________      ________
                1.512         0.768         2.270


           THETA
              Y1            Y2            Y3
              ________      ________      ________
 Y1             1.046
 Y2             0.000         1.011
 Y3             0.000         0.000         1.251


     STARTING VALUES FOR LATENT CLASS REGRESSION MODEL PART


           ALPHA(C)
              C#1           C#2           C#3
              ________      ________      ________
               -0.097         0.203         0.000


TECHNICAL 3 OUTPUT


           ESTIMATED COVARIANCE MATRIX FOR PARAMETER ESTIMATES
                     1             2             3             4             5
              ________      ________      ________      ________      ________
        1   0.804693D-01
        2   0.109309D-01  0.993733D-02
        3  -0.368737D-03  0.122944D-02  0.194567D-01
        4   0.674264D-01  0.830109D-02 -0.269993D-02  0.874673D-01
        5  -0.514231D-03  0.195163D-02  0.119319D-02 -0.150441D-02  0.143229D-01
        6   0.577328D-02  0.160306D-02  0.872542D-02  0.199948D-02  0.389772D-03
        7  -0.458797D-02  0.356405D-03  0.187732D-02 -0.474348D-02  0.947710D-03
        8   0.772494D-02  0.830501D-03  0.574437D-02  0.512008D-02 -0.372389D-03
        9  -0.147001D-01  0.275928D-02  0.955917D-02 -0.150678D-01  0.478012D-02
       10  -0.114497D-01 -0.425705D-02 -0.893005D-02 -0.541356D-02 -0.150419D-02
       11  -0.107386D-02  0.934844D-03 -0.165438D-02 -0.815503D-03 -0.602226D-03
       12   0.263612D-01 -0.179667D-02 -0.521513D-02  0.238655D-01 -0.594158D-02
       13   0.634622D-01  0.937627D-02 -0.424625D-02  0.526558D-01 -0.113582D-02
       14   0.118354D-03 -0.313114D-03  0.995957D-03  0.434121D-03  0.396264D-04
       15   0.103924D-01  0.235208D-02  0.378462D-02  0.785022D-02  0.403778D-03
       16  -0.646405D-01 -0.107101D-01  0.363174D-02 -0.498920D-01  0.329054D-03
       17   0.105472D-02  0.550437D-03 -0.229742D-03  0.137537D-02 -0.130650D-02
       18   0.640345D-02  0.812179D-03  0.801116D-02  0.388569D-02 -0.321932D-03
       19   0.103001D+00  0.155394D-01 -0.411832D-02  0.896693D-01 -0.112698D-02
       20   0.458346D-01  0.218960D-02 -0.187149D-01  0.442923D-01 -0.466633D-02


           ESTIMATED COVARIANCE MATRIX FOR PARAMETER ESTIMATES
                     6             7             8             9            10
              ________      ________      ________      ________      ________
        6   0.576678D-01
        7   0.588817D-02  0.345854D-01
        8   0.575467D-02 -0.129728D-01  0.258505D-01
        9  -0.213892D-02 -0.765700D-02  0.836631D-02  0.921599D-01
       10  -0.660442D-02  0.256145D-01 -0.235763D-01 -0.172587D-01  0.721878D-01
       11  -0.313794D-02 -0.192808D-02 -0.321098D-02 -0.151690D-03 -0.128319D-02
       12   0.797195D-02 -0.103109D-01  0.864825D-02 -0.938619D-01 -0.115506D-01
       13   0.324667D-02 -0.566131D-02  0.444565D-02 -0.361020D-01 -0.114167D-01
       14  -0.931441D-03 -0.282344D-02  0.208312D-03  0.136486D-01 -0.308078D-02
       15   0.182241D-02 -0.280853D-01  0.218581D-01  0.220789D-01 -0.395804D-01
       16  -0.280158D-02  0.917247D-02 -0.651729D-02  0.282964D-01  0.137399D-01
       17  -0.525622D-03  0.364055D-02 -0.401614D-02  0.742650D-02  0.555467D-02
       18  -0.403980D-02 -0.445301D-01  0.344984D-01  0.145748D-01 -0.623114D-01
       19   0.930971D-02  0.751852D-02  0.537548D-03 -0.508475D-01 -0.123197D-02
       20  -0.296199D-02  0.356836D-01 -0.317186D-01 -0.101943D+00  0.574392D-01


           ESTIMATED COVARIANCE MATRIX FOR PARAMETER ESTIMATES
                    11            12            13            14            15
              ________      ________      ________      ________      ________
       11   0.289046D-01
       12   0.442515D-03  0.166842D+00
       13   0.602566D-03  0.501004D-01  0.760095D-01
       14   0.743612D-03 -0.148486D-01 -0.416207D-02  0.872559D-02
       15   0.531052D-03  0.473985D-02  0.420279D-02  0.516901D-02  0.492485D-01
       16  -0.967110D-03 -0.435902D-01 -0.740074D-01  0.262057D-02 -0.948080D-02
       17  -0.365641D-02 -0.139879D-01 -0.221066D-02  0.213228D-02 -0.350552D-02
       18   0.778489D-03  0.321664D-01  0.399148D-02  0.412558D-02  0.623413D-01
       19  -0.110555D-02  0.605051D-01  0.103799D+00 -0.596635D-02 -0.734936D-02
       20   0.286465D-03  0.823869D-01  0.681898D-01 -0.169244D-01 -0.635139D-01


           ESTIMATED COVARIANCE MATRIX FOR PARAMETER ESTIMATES
                    16            17            18            19            20
              ________      ________      ________      ________      ________
       16   0.965285D-01
       17   0.178183D-02  0.153904D-01
       18  -0.935689D-02 -0.933189D-02  0.129725D+00
       19  -0.105188D+00  0.535847D-03 -0.197480D-01  0.178635D+00
       20  -0.582907D-01 -0.320654D-03 -0.884648D-01  0.122964D+00  0.207670D+00


           ESTIMATED CORRELATION MATRIX FOR PARAMETER ESTIMATES
                     1             2             3             4             5
              ________      ________      ________      ________      ________
        1       1.000
        2       0.387         1.000
        3      -0.009         0.088         1.000
        4       0.804         0.282        -0.065         1.000
        5      -0.015         0.164         0.071        -0.043         1.000
        6       0.085         0.067         0.260         0.028         0.014
        7      -0.087         0.019         0.072        -0.086         0.043
        8       0.169         0.052         0.256         0.108        -0.019
        9      -0.171         0.091         0.226        -0.168         0.132
       10      -0.150        -0.159        -0.238        -0.068        -0.047
       11      -0.022         0.055        -0.070        -0.016        -0.030
       12       0.228        -0.044        -0.092         0.198        -0.122
       13       0.811         0.341        -0.110         0.646        -0.034
       14       0.004        -0.034         0.076         0.016         0.004
       15       0.165         0.106         0.122         0.120         0.015
       16      -0.733        -0.346         0.084        -0.543         0.009
       17       0.030         0.045        -0.013         0.037        -0.088
       18       0.063         0.023         0.159         0.036        -0.007
       19       0.859         0.369        -0.070         0.717        -0.022
       20       0.355         0.048        -0.294         0.329        -0.086


           ESTIMATED CORRELATION MATRIX FOR PARAMETER ESTIMATES
                     6             7             8             9            10
              ________      ________      ________      ________      ________
        6       1.000
        7       0.132         1.000
        8       0.149        -0.434         1.000
        9      -0.029        -0.136         0.171         1.000
       10      -0.102         0.513        -0.546        -0.212         1.000
       11      -0.077        -0.061        -0.117        -0.003        -0.028
       12       0.081        -0.136         0.132        -0.757        -0.105
       13       0.049        -0.110         0.100        -0.431        -0.154
       14      -0.042        -0.163         0.014         0.481        -0.123
       15       0.034        -0.681         0.613         0.328        -0.664
       16      -0.038         0.159        -0.130         0.300         0.165
       17      -0.018         0.158        -0.201         0.197         0.167
       18      -0.047        -0.665         0.596         0.133        -0.644
       19       0.092         0.096         0.008        -0.396        -0.011
       20      -0.027         0.421        -0.433        -0.737         0.469


           ESTIMATED CORRELATION MATRIX FOR PARAMETER ESTIMATES
                    11            12            13            14            15
              ________      ________      ________      ________      ________
       11       1.000
       12       0.006         1.000
       13       0.013         0.445         1.000
       14       0.047        -0.389        -0.162         1.000
       15       0.014         0.052         0.069         0.249         1.000
       16      -0.018        -0.343        -0.864         0.090        -0.138
       17      -0.173        -0.276        -0.065         0.184        -0.127
       18       0.013         0.219         0.040         0.123         0.780
       19      -0.015         0.350         0.891        -0.151        -0.078
       20       0.004         0.443         0.543        -0.398        -0.628


           ESTIMATED CORRELATION MATRIX FOR PARAMETER ESTIMATES
                    16            17            18            19            20
              ________      ________      ________      ________      ________
       16       1.000
       17       0.046         1.000
       18      -0.084        -0.209         1.000
       19      -0.801         0.010        -0.130         1.000
       20      -0.412        -0.006        -0.539         0.638         1.000


     Beginning Time:  19:34:21
        Ending Time:  19:34:22
       Elapsed Time:  00:00:01



MUTHEN & MUTHEN
3463 Stoner Ave.
Los Angeles, CA  90066

Tel: (310) 391-9971
Fax: (310) 391-8971
Web: www.StatModel.com
Support: Support@StatModel.com

Copyright (c) 1998-2017 Muthen & Muthen
